2024-05-17 10:39:51.233 [info] Reading sessions from keychain...
2024-05-17 10:39:51.233 [info] Getting sessions for all scopes...
2024-05-17 10:39:51.439 [info] Got stored sessions!
2024-05-17 10:39:51.439 [info] Got 2 verified sessions.
2024-05-17 10:39:51.439 [info] Got 2 sessions for ...
2024-05-17 10:39:51.560 [info] Getting sessions for read:user,repo,user:email...
2024-05-17 10:39:51.560 [info] Got 0 sessions for read:user,repo,user:email...
2024-05-17 10:39:51.564 [info] Getting sessions for read:user,repo,user:email,workflow...
2024-05-17 10:39:51.564 [info] Got 1 sessions for read:user,repo,user:email,workflow...
2024-05-17 10:39:51.564 [info] Getting sessions for read:user,repo,user:email,workflow...
2024-05-17 10:39:51.564 [info] Got 1 sessions for read:user,repo,user:email,workflow...
2024-05-17 10:39:51.816 [info] Getting sessions for project,read:org,read:user,repo,user:email,workflow...
2024-05-17 10:39:51.816 [info] Got 0 sessions for project,read:org,read:user,repo,user:email,workflow...
2024-05-17 10:39:52.088 [info] Getting sessions for read:user,repo,user:email,workflow...
2024-05-17 10:39:52.088 [info] Got 1 sessions for read:user,repo,user:email,workflow...
2024-05-17 10:39:52.159 [info] Getting sessions for read:user,repo,user:email,workflow...
2024-05-17 10:39:52.159 [info] Got 1 sessions for read:user,repo,user:email,workflow...
2024-05-17 10:39:52.203 [info] Getting sessions for user:email...
2024-05-17 10:39:52.203 [info] Got 1 sessions for user:email...
2024-05-17 10:39:52.979 [info] Getting sessions for all scopes...
2024-05-17 10:39:52.979 [info] Got 2 sessions for ...
2024-05-17 10:40:53.638 [info] Getting sessions for read:user,repo,user:email,workflow...
2024-05-17 10:40:53.638 [info] Got 1 sessions for read:user,repo,user:email,workflow...
2024-05-17 10:41:24.103 [info] Getting sessions for read:user,repo,user:email,workflow...
2024-05-17 10:41:24.103 [info] Got 1 sessions for read:user,repo,user:email,workflow...
2024-05-17 10:44:56.136 [info] Getting sessions for read:user,repo,user:email,workflow...
2024-05-17 10:44:56.136 [info] Got 1 sessions for read:user,repo,user:email,workflow...
2024-05-17 10:45:26.172 [info] Getting sessions for read:user,repo,user:email,workflow...
2024-05-17 10:45:26.173 [info] Got 1 sessions for read:user,repo,user:email,workflow...
2024-05-17 10:47:32.350 [info] Getting sessions for read:user,repo,user:email,workflow...
2024-05-17 10:47:32.350 [info] Got 1 sessions for read:user,repo,user:email,workflow...
2024-05-17 10:47:42.837 [info] Getting sessions for read:user,repo,user:email,workflow...
2024-05-17 10:47:42.838 [info] Got 1 sessions for read:user,repo,user:email,workflow...
2024-05-17 11:04:52.100 [info] Getting sessions for read:user,repo,user:email,workflow...
2024-05-17 11:04:52.101 [info] Got 1 sessions for read:user,repo,user:email,workflow...
2024-05-17 11:04:52.133 [info] Getting sessions for read:user,repo,user:email,workflow...
2024-05-17 11:04:52.133 [info] Got 1 sessions for read:user,repo,user:email,workflow...
2024-05-17 11:04:52.527 [info] Getting sessions for read:user,repo,user:email,workflow...
2024-05-17 11:04:52.527 [info] Got 1 sessions for read:user,repo,user:email,workflow...
