[12:03:01.127][Logger] New log placeholder %WS1% registered for /home/dave/hslu/SEM4/KRYPTO/Zusammenfassung .
[12:03:01.127][Extension] Initializing LaTeX Workshop.
[12:03:01.189][Build][Recipe] Set $LATEXWORKSHOP_DOCKER_LATEX: ""
[12:03:01.218][Server] Creating LaTeX Workshop http and websocket server.
[12:03:01.269][Format][Bib] Bibtex format config: {"tab":"  ","case":"lowercase","left":"{","right":"}","trailingComma":false,"sort":["key"],"alignOnEqual":true,"sortFields":false,"fieldsOrder":[],"firstEntries":["string","xdata"]}
[12:03:01.293][Server] Server successfully started: {"address":"127.0.0.1","family":"IPv4","port":41277} .
[12:03:01.341][Extension] Extension root: /home/dave/.vscode/extensions/james-yu.latex-workshop-9.20.1
[12:03:01.341][Extension] $PATH: /home/dave/.local/share/bob/nvim-bin:/usr/lib/jvm/java-21-openjdk/bin:/home/dave/.local/bin:/home/dave/.local/share/gem/ruby/3.0.0/bin:/usr/local/texlive/2023/texmf-dist/doc/info/:/usr/local/texlive/2023/texmf-dist/doc/man:/usr/local/texlive/2023/bin/x86_64-linux:/usr/local/sbin:/usr/local/bin:/usr/bin:/usr/lib/jvm/default/bin:/usr/bin/site_perl:/usr/bin/vendor_perl:/usr/bin/core_perl:/usr/lib/rustup/bin
[12:03:01.341][Extension] $SHELL: /usr/bin/fish
[12:03:01.342][Extension] $LANG: en_US.UTF-8
[12:03:01.342][Extension] $LC_ALL: undefined
[12:03:01.342][Extension] process.platform: linux
[12:03:01.342][Extension] process.arch: x64
[12:03:01.342][Extension] vscode.env.appName: Visual Studio Code
[12:03:01.343][Extension] vscode.env.remoteName: undefined
[12:03:01.343][Extension] vscode.env.uiKind: 1
[12:03:01.345][Config] latex-workshop.latex.outDir: "./build" .
[12:03:01.386][Extension] Trigger characters for intellisense of LaTeX documents: ["\\",",","{"]
[12:03:01.387][Root] Current workspace folders: ["file://%WS1%"]
[12:03:01.388][Extension] LaTeX Workshop initialized.
[12:03:01.388][Root] Found root file from active editor: %WS1%/Formelsammlung.tex
[12:03:01.388][Root] Root file changed: from %WS1%/Formelsammlung.tex to %WS1%/Formelsammlung.tex, langID latex . Refresh dependencies
[12:03:01.388][Event] ROOT_FILE_CHANGED: "%WS1%/Formelsammlung.tex"
[12:03:01.389][Cacher][Watcher] Reset.
[12:03:01.389][Cacher][Watcher] Reset.
[12:03:01.391][Cacher] Adding %WS1%/Formelsammlung.tex .
[12:03:01.391][Cacher][Watcher] Watched %WS1%/Formelsammlung.tex with a new .* watcher on %WS1% .
[12:03:01.392][Event] FILE_WATCHED: "%WS1%/Formelsammlung.tex"
[12:03:01.393][Cacher] Caching %WS1%/Formelsammlung.tex .
[12:03:01.393][Cacher] Updated inputs of %WS1%/Formelsammlung.tex .
[12:03:01.393][Cacher] Parse LaTeX AST: %WS1%/Formelsammlung.tex .
[12:03:01.393][Event] ROOT_FILE_SEARCHED
[12:03:01.397][Server] valdOrigin is http://127.0.0.1:41277
[12:03:01.480][Cacher] Parsed LaTeX AST: %WS1%/Formelsammlung.tex .
[12:03:01.481][File] Calling kpsewhich to resolve scrartcl.cls .
[12:03:01.611][File] kpsewhich returned with '/usr/local/texlive/2023/texmf-dist/tex/latex/koma-script/scrartcl.cls'.
[12:03:01.616][Cacher] Updated elements in 135.67 ms: %WS1%/Formelsammlung.tex .
[12:03:01.617][Event] FILE_PARSED: "%WS1%/Formelsammlung.tex"
[12:03:01.619][Cacher] Parsing .fls %WS1%/build/Formelsammlung.fls .
[12:03:01.640][Cacher] Adding %WS1%/img/paralell_session_attack.png .
[12:03:01.640][Cacher][Watcher] Watched %WS1%/img/paralell_session_attack.png with a new .* watcher on %WS1%/img .
[12:03:01.641][Event] FILE_WATCHED: "%WS1%/img/paralell_session_attack.png"
[12:03:01.641][Cacher] Found .aux %WS1%/Formelsammlung.tex from .fls %WS1%/build/Formelsammlung.fls , parsing.
[12:03:01.642][Cacher] Parsed .aux %WS1%/Formelsammlung.tex .
[12:03:01.642][Cacher] Parsed .fls %WS1%/build/Formelsammlung.fls .
[12:03:01.644][Structure] Structure force updated with 0 root sections for %WS1%/Formelsammlung.tex .
[12:03:01.645][Event] STRUCTURE_UPDATED
[12:05:17.227][Cacher][Watcher] Reset.
[12:05:17.227][Cacher][Watcher] Reset.
