2024-05-14 12:02:56.930 [info] Reading sessions from keychain...
2024-05-14 12:02:56.930 [info] Getting sessions for all scopes...
2024-05-14 12:02:56.930 [info] Got stored sessions!
2024-05-14 12:02:56.930 [info] Got 2 verified sessions.
2024-05-14 12:02:56.930 [info] Got 2 sessions for ...
2024-05-14 12:02:56.930 [info] Getting sessions for read:user,repo,user:email,workflow...
2024-05-14 12:02:56.930 [info] Got 1 sessions for read:user,repo,user:email,workflow...
2024-05-14 12:02:56.930 [info] Getting sessions for read:user,repo,user:email,workflow...
2024-05-14 12:02:56.930 [info] Got 1 sessions for read:user,repo,user:email,workflow...
2024-05-14 12:02:56.930 [info] Getting sessions for project,read:org,read:user,repo,user:email,workflow...
2024-05-14 12:02:56.930 [info] Got 0 sessions for project,read:org,read:user,repo,user:email,workflow...
2024-05-14 12:02:56.999 [info] Getting sessions for read:user,repo,user:email,workflow...
2024-05-14 12:02:56.999 [info] Got 1 sessions for read:user,repo,user:email,workflow...
2024-05-14 12:02:57.169 [info] Getting sessions for read:user,repo,user:email...
2024-05-14 12:02:57.170 [info] Got 0 sessions for read:user,repo,user:email...
2024-05-14 12:02:57.777 [info] Getting sessions for read:user,repo,user:email,workflow...
2024-05-14 12:02:57.777 [info] Got 1 sessions for read:user,repo,user:email,workflow...
2024-05-14 12:02:57.990 [info] Getting sessions for all scopes...
2024-05-14 12:02:57.990 [info] Got 2 sessions for ...
2024-05-14 12:02:57.991 [info] Getting sessions for all scopes...
2024-05-14 12:02:57.991 [info] Got 2 sessions for ...
