[16:57:01.131][Logger] New log placeholder %WS1% registered for /home/dave/hslu/SEM4/KRYPTO/Zusammenfassung .
[16:57:01.131][Extension] Initializing LaTeX Workshop.
[16:57:01.310][Build][Recipe] Set $LATEXWORKSHOP_DOCKER_LATEX: ""
[16:57:01.380][Server] Creating LaTeX Workshop http and websocket server.
[16:57:01.459][Format][Bib] Bibtex format config: {"tab":"  ","case":"lowercase","left":"{","right":"}","trailingComma":false,"sort":["key"],"alignOnEqual":true,"sortFields":false,"fieldsOrder":[],"firstEntries":["string","xdata"]}
[16:57:01.497][Server] Server successfully started: {"address":"127.0.0.1","family":"IPv4","port":41781} .
[16:57:01.513][Extension] Extension root: /home/dave/.vscode/extensions/james-yu.latex-workshop-9.20.1
[16:57:01.513][Extension] $PATH: /home/dave/.local/share/bob/nvim-bin:/usr/lib/jvm/java-21-openjdk/bin:/home/dave/.local/bin:/home/dave/.local/share/gem/ruby/3.0.0/bin:/usr/local/texlive/2023/texmf-dist/doc/info/:/usr/local/texlive/2023/texmf-dist/doc/man:/usr/local/texlive/2023/bin/x86_64-linux:/usr/local/sbin:/usr/local/bin:/usr/bin:/usr/lib/jvm/default/bin:/usr/bin/site_perl:/usr/bin/vendor_perl:/usr/bin/core_perl:/usr/lib/rustup/bin
[16:57:01.514][Extension] $SHELL: /usr/bin/fish
[16:57:01.514][Extension] $LANG: en_US.UTF-8
[16:57:01.514][Extension] $LC_ALL: undefined
[16:57:01.514][Extension] process.platform: linux
[16:57:01.514][Extension] process.arch: x64
[16:57:01.514][Extension] vscode.env.appName: Visual Studio Code
[16:57:01.515][Extension] vscode.env.remoteName: undefined
[16:57:01.515][Extension] vscode.env.uiKind: 1
[16:57:01.524][Config] latex-workshop.latex.outDir: "./build" .
[16:57:01.585][Extension] Trigger characters for intellisense of LaTeX documents: ["\\",",","{"]
[16:57:01.587][Root] Current workspace folders: ["file://%WS1%"]
[16:57:01.587][Extension] LaTeX Workshop initialized.
[16:57:01.588][Root] Found root file from active editor: %WS1%/Formelsammlung.tex
[16:57:01.588][Root] Root file changed: from %WS1%/Formelsammlung.tex to %WS1%/Formelsammlung.tex, langID latex . Refresh dependencies
[16:57:01.588][Event] ROOT_FILE_CHANGED: "%WS1%/Formelsammlung.tex"
[16:57:01.588][Cacher][Watcher] Reset.
[16:57:01.588][Cacher][Watcher] Reset.
[16:57:01.591][Cacher] Adding %WS1%/Formelsammlung.tex .
[16:57:01.592][Cacher][Watcher] Watched %WS1%/Formelsammlung.tex with a new .* watcher on %WS1% .
[16:57:01.592][Event] FILE_WATCHED: "%WS1%/Formelsammlung.tex"
[16:57:01.593][Cacher] Caching %WS1%/Formelsammlung.tex .
[16:57:01.594][Cacher] Updated inputs of %WS1%/Formelsammlung.tex .
[16:57:01.594][Cacher] Parse LaTeX AST: %WS1%/Formelsammlung.tex .
[16:57:01.594][Event] ROOT_FILE_SEARCHED
[16:57:01.661][Cacher] Parsed LaTeX AST: %WS1%/Formelsammlung.tex .
[16:57:01.662][File] Calling kpsewhich to resolve scrartcl.cls .
[16:57:01.813][File] kpsewhich returned with '/usr/local/texlive/2023/texmf-dist/tex/latex/koma-script/scrartcl.cls'.
[16:57:01.818][Cacher] Updated elements in 156.06 ms: %WS1%/Formelsammlung.tex .
[16:57:01.818][Event] FILE_PARSED: "%WS1%/Formelsammlung.tex"
[16:57:01.819][Cacher] Parsing .fls %WS1%/build/Formelsammlung.fls .
[16:57:01.851][Cacher] Adding %WS1%/img/paralell_session_attack.png .
[16:57:01.851][Cacher][Watcher] Watched %WS1%/img/paralell_session_attack.png with a new .* watcher on %WS1%/img .
[16:57:01.852][Event] FILE_WATCHED: "%WS1%/img/paralell_session_attack.png"
[16:57:01.852][Cacher] Found .aux %WS1%/Formelsammlung.tex from .fls %WS1%/build/Formelsammlung.fls , parsing.
[16:57:01.853][Cacher] Parsed .aux %WS1%/Formelsammlung.tex .
[16:57:01.853][Cacher] Parsed .fls %WS1%/build/Formelsammlung.fls .
[16:57:01.854][Structure] Structure force updated with 0 root sections for %WS1%/Formelsammlung.tex .
[16:57:01.854][Event] STRUCTURE_UPDATED
[16:57:01.856][Server] valdOrigin is http://127.0.0.1:41781
[16:57:33.175][Format][TeX] Start formatting with latexindent.
[16:57:33.175][Format][TeX] Checking latexindent: which latexindent
[16:57:33.185][Format][TeX] Checking latexindent is ok: /usr/local/texlive/2023/bin/x86_64-linux/latexindent

[16:57:33.187][Format][TeX] Formatting LaTeX. The command is latexindent:["-c","%WS1%/","%WS1%/__latexindent_temp_Formelsammlung.tex","-y=defaultIndent: '    '"].
[16:57:33.308][Format][TeX] Formatted %WS1%/Formelsammlung.tex
[16:57:33.318][Extension] onDidSaveTextDocument triggered: file://%WS1%/Formelsammlung.tex
[16:57:33.441][Cacher][Watcher] "change" emitted on %WS1%/Formelsammlung.tex.
[16:57:33.442][Cacher] Caching %WS1%/Formelsammlung.tex .
[16:57:33.442][Cacher] Updated inputs of %WS1%/Formelsammlung.tex .
[16:57:33.442][Cacher] Parse LaTeX AST: %WS1%/Formelsammlung.tex .
[16:57:33.443][Build] Auto build started detecting the change of a file: %WS1%/Formelsammlung.tex .
[16:57:33.443][Event] AUTO_BUILD_INITIATED: {"type":"onFileChange","file":"%WS1%/Formelsammlung.tex"}
[16:57:33.443][Build] The document of the active editor: file://%WS1%/Formelsammlung.tex
[16:57:33.443][Build] The languageId of the document: latex
[16:57:33.443][Build] Building root file: %WS1%/Formelsammlung.tex
[16:57:33.443][Build][Recipe] Build root file %WS1%/Formelsammlung.tex
[16:57:33.443][Event] FILE_CHANGED: "%WS1%/Formelsammlung.tex"
[16:57:33.445][Build][Recipe] Preparing to run recipe: latexmk.
[16:57:33.445][Build][Recipe] Prepared 1 tools.
[16:57:33.458][Build][Recipe] outDir: %WS1%/build .
[16:57:33.464][Build] Recipe step 1 The command is latexmk:["-synctex=1","-interaction=nonstopmode","-file-line-error","-pdf","-outdir=build","%WS1%/Formelsammlung"].
[16:57:33.464][Build] env: {}
[16:57:33.464][Build] root: %WS1%/Formelsammlung.tex
[16:57:33.464][Build] cwd: %WS1%
[16:57:33.478][Build] LaTeX build process spawned with PID 378561.
[16:57:33.543][Cacher] Parsed LaTeX AST: %WS1%/Formelsammlung.tex .
[16:57:33.543][File] kpsewhich cache hit on scrartcl.cls: /usr/local/texlive/2023/texmf-dist/tex/latex/koma-script/scrartcl.cls .
[16:57:33.563][Cacher] Updated elements in 19.20 ms: %WS1%/Formelsammlung.tex .
[16:57:33.564][Event] FILE_PARSED: "%WS1%/Formelsammlung.tex"
[16:57:33.565][Structure] Structure force updated with 7 root sections for %WS1%/Formelsammlung.tex .
[16:57:33.566][Event] STRUCTURE_UPDATED
[16:57:35.417][Parser][TexLog] Logged 7 messages.
[16:57:35.418][Build] Finished a step in recipe with PID 378561.
[16:57:35.418][Build] Successfully built %WS1%/Formelsammlung.tex .
[16:57:35.419][Event] BUILD_DONE
[16:57:35.419][Viewer] Call refreshExistingViewer: "%WS1%/build/Formelsammlung.pdf" .
[16:57:35.419][Viewer] Not found PDF viewers to refresh: %WS1%/build/Formelsammlung.pdf
[16:57:35.420][Cacher] Parsing .fls %WS1%/build/Formelsammlung.fls .
[16:57:35.434][Cacher] Found .aux %WS1%/Formelsammlung.tex from .fls %WS1%/build/Formelsammlung.fls , parsing.
[16:57:35.435][Cacher] Parsed .aux %WS1%/Formelsammlung.tex .
[16:57:35.435][Cacher] Parsed .fls %WS1%/build/Formelsammlung.fls .
[16:57:42.083][Event] STRUCTURE_UPDATED
[16:57:51.036][Viewer][Panel] Internal PDF viewer at http://127.0.0.1:41781/viewer.html?file=pdf..ZmlsZSUzQSUyRiUyRiUyRmhvbWUlMkZkYXZlJTJGaHNsdSUyRlNFTTQlMkZLUllQVE8lMkZadXNhbW1lbmZhc3N1bmclMkZidWlsZCUyRkZvcm1lbHNhbW1sdW5nLnBkZg .
[16:57:51.036][Cacher][Watcher] Watched %WS1%/build/Formelsammlung.pdf with a new .pdf watcher on %WS1%/build .
[16:57:51.036][Event] FILE_WATCHED: "%WS1%/build/Formelsammlung.pdf"
[16:57:51.206][Viewer] Handle data type: open
[16:57:51.265][Server] Preview PDF file: file://%WS1%/build/Formelsammlung.pdf
[16:57:51.385][Viewer] Handle data type: loaded
[16:57:51.385][Event] VIEWER_PAGE_LOADED
[16:58:07.735][Event] STRUCTURE_UPDATED
[17:04:31.496][Format][TeX] Start formatting with latexindent.
[17:04:31.500][Format][TeX] Formatting LaTeX. The command is latexindent:["-c","%WS1%/","%WS1%/__latexindent_temp_Formelsammlung.tex","-y=defaultIndent: '    '"].
[17:04:31.608][Format][TeX] Formatted %WS1%/Formelsammlung.tex
[17:04:34.925][Format][TeX] Start formatting with latexindent.
[17:04:34.926][Format][TeX] Formatting LaTeX. The command is latexindent:["-c","%WS1%/","%WS1%/__latexindent_temp_Formelsammlung.tex","-y=defaultIndent: '    '"].
[17:04:35.024][Format][TeX] Formatted %WS1%/Formelsammlung.tex
[17:04:35.032][Extension] onDidSaveTextDocument triggered: file://%WS1%/Formelsammlung.tex
[17:04:35.154][Cacher][Watcher] "change" emitted on %WS1%/Formelsammlung.tex.
[17:04:35.156][Cacher] Caching %WS1%/Formelsammlung.tex .
[17:04:35.157][Cacher] Updated inputs of %WS1%/Formelsammlung.tex .
[17:04:35.157][Cacher] Parse LaTeX AST: %WS1%/Formelsammlung.tex .
[17:04:35.157][Build] Auto build started detecting the change of a file: %WS1%/Formelsammlung.tex .
[17:04:35.157][Event] AUTO_BUILD_INITIATED: {"type":"onFileChange","file":"%WS1%/Formelsammlung.tex"}
[17:04:35.157][Build] The document of the active editor: file://%WS1%/Formelsammlung.tex
[17:04:35.157][Build] The languageId of the document: latex
[17:04:35.157][Build] Building root file: %WS1%/Formelsammlung.tex
[17:04:35.158][Build][Recipe] Build root file %WS1%/Formelsammlung.tex
[17:04:35.158][Event] FILE_CHANGED: "%WS1%/Formelsammlung.tex"
[17:04:35.160][Build][Recipe] Preparing to run recipe: latexmk.
[17:04:35.160][Build][Recipe] Prepared 1 tools.
[17:04:35.161][Build][Recipe] outDir: %WS1%/build .
[17:04:35.161][Build] Recipe step 1 The command is latexmk:["-synctex=1","-interaction=nonstopmode","-file-line-error","-pdf","-outdir=build","%WS1%/Formelsammlung"].
[17:04:35.162][Build] env: {}
[17:04:35.162][Build] root: %WS1%/Formelsammlung.tex
[17:04:35.162][Build] cwd: %WS1%
[17:04:35.168][Build] LaTeX build process spawned with PID 384637.
[17:04:35.195][Cacher] Parsed LaTeX AST: %WS1%/Formelsammlung.tex .
[17:04:35.196][File] kpsewhich cache hit on scrartcl.cls: /usr/local/texlive/2023/texmf-dist/tex/latex/koma-script/scrartcl.cls .
[17:04:35.201][Cacher] Updated elements in 5.10 ms: %WS1%/Formelsammlung.tex .
[17:04:35.201][Event] FILE_PARSED: "%WS1%/Formelsammlung.tex"
[17:04:35.202][Structure] Structure force updated with 7 root sections for %WS1%/Formelsammlung.tex .
[17:04:35.203][Event] STRUCTURE_UPDATED
[17:04:38.361][Cacher][Watcher] "change" emitted on %WS1%/build/Formelsammlung.pdf after polling for 1757 ms.
[17:04:38.361][Event] FILE_CHANGED: "%WS1%/build/Formelsammlung.pdf"
[17:04:38.828][Parser][TexLog] Logged 7 messages.
[17:04:38.830][Build] Finished a step in recipe with PID 384637.
[17:04:38.830][Build] Successfully built %WS1%/Formelsammlung.tex .
[17:04:38.831][Event] BUILD_DONE
[17:04:38.831][Viewer] Call refreshExistingViewer: "%WS1%/build/Formelsammlung.pdf" .
[17:04:38.831][Viewer] Refresh PDF viewer: %WS1%/build/Formelsammlung.pdf
[17:04:38.832][Cacher] Parsing .fls %WS1%/build/Formelsammlung.fls .
[17:04:38.849][Cacher] Found .aux %WS1%/Formelsammlung.tex from .fls %WS1%/build/Formelsammlung.fls , parsing.
[17:04:38.850][Cacher] Parsed .aux %WS1%/Formelsammlung.tex .
[17:04:38.850][Cacher] Parsed .fls %WS1%/build/Formelsammlung.fls .
[17:04:38.854][Server] Preview PDF file: file://%WS1%/build/Formelsammlung.pdf
[17:04:38.939][Viewer] Handle data type: loaded
[17:04:38.940][Event] VIEWER_PAGE_LOADED
[17:05:02.563][Format][TeX] Start formatting with latexindent.
[17:05:02.564][Format][TeX] Formatting LaTeX. The command is latexindent:["-c","%WS1%/","%WS1%/__latexindent_temp_Formelsammlung.tex","-y=defaultIndent: '    '"].
[17:05:02.659][Format][TeX] Formatted %WS1%/Formelsammlung.tex
[17:05:02.666][Extension] onDidSaveTextDocument triggered: file://%WS1%/Formelsammlung.tex
[17:05:02.789][Cacher][Watcher] "change" emitted on %WS1%/Formelsammlung.tex.
[17:05:02.790][Cacher] Caching %WS1%/Formelsammlung.tex .
[17:05:02.790][Cacher] Updated inputs of %WS1%/Formelsammlung.tex .
[17:05:02.790][Cacher] Parse LaTeX AST: %WS1%/Formelsammlung.tex .
[17:05:02.791][Build] Auto build started detecting the change of a file: %WS1%/Formelsammlung.tex .
[17:05:02.791][Event] AUTO_BUILD_INITIATED: {"type":"onFileChange","file":"%WS1%/Formelsammlung.tex"}
[17:05:02.791][Build] The document of the active editor: file://%WS1%/Formelsammlung.tex
[17:05:02.791][Build] The languageId of the document: latex
[17:05:02.791][Build] Building root file: %WS1%/Formelsammlung.tex
[17:05:02.791][Build][Recipe] Build root file %WS1%/Formelsammlung.tex
[17:05:02.791][Event] FILE_CHANGED: "%WS1%/Formelsammlung.tex"
[17:05:02.792][Build][Recipe] Preparing to run recipe: latexmk.
[17:05:02.793][Build][Recipe] Prepared 1 tools.
[17:05:02.793][Build][Recipe] outDir: %WS1%/build .
[17:05:02.793][Build] Recipe step 1 The command is latexmk:["-synctex=1","-interaction=nonstopmode","-file-line-error","-pdf","-outdir=build","%WS1%/Formelsammlung"].
[17:05:02.793][Build] env: {}
[17:05:02.793][Build] root: %WS1%/Formelsammlung.tex
[17:05:02.794][Build] cwd: %WS1%
[17:05:02.798][Build] LaTeX build process spawned with PID 385020.
[17:05:02.838][Cacher] Parsed LaTeX AST: %WS1%/Formelsammlung.tex .
[17:05:02.839][File] kpsewhich cache hit on scrartcl.cls: /usr/local/texlive/2023/texmf-dist/tex/latex/koma-script/scrartcl.cls .
[17:05:02.842][Cacher] Updated elements in 3.84 ms: %WS1%/Formelsammlung.tex .
[17:05:02.843][Event] FILE_PARSED: "%WS1%/Formelsammlung.tex"
[17:05:02.843][Structure] Structure force updated with 7 root sections for %WS1%/Formelsammlung.tex .
[17:05:02.843][Event] STRUCTURE_UPDATED
[17:05:04.640][Parser][TexLog] Logged 7 messages.
[17:05:04.641][Build] Finished a step in recipe with PID 385020.
[17:05:04.641][Build] Successfully built %WS1%/Formelsammlung.tex .
[17:05:04.641][Event] BUILD_DONE
[17:05:04.641][Viewer] Call refreshExistingViewer: "%WS1%/build/Formelsammlung.pdf" .
[17:05:04.641][Viewer] Refresh PDF viewer: %WS1%/build/Formelsammlung.pdf
[17:05:04.642][Cacher] Parsing .fls %WS1%/build/Formelsammlung.fls .
[17:05:04.658][Cacher] Found .aux %WS1%/Formelsammlung.tex from .fls %WS1%/build/Formelsammlung.fls , parsing.
[17:05:04.658][Cacher] Parsed .aux %WS1%/Formelsammlung.tex .
[17:05:04.659][Cacher] Parsed .fls %WS1%/build/Formelsammlung.fls .
[17:05:04.662][Server] Preview PDF file: file://%WS1%/build/Formelsammlung.pdf
[17:05:04.746][Viewer] Handle data type: loaded
[17:05:04.746][Event] VIEWER_PAGE_LOADED
[17:05:09.895][Format][TeX] Start formatting with latexindent.
[17:05:09.897][Format][TeX] Formatting LaTeX. The command is latexindent:["-c","%WS1%/","%WS1%/__latexindent_temp_Formelsammlung.tex","-y=defaultIndent: '    '"].
[17:05:09.992][Format][TeX] Formatted %WS1%/Formelsammlung.tex
[17:05:10.000][Extension] onDidSaveTextDocument triggered: file://%WS1%/Formelsammlung.tex
[17:05:10.122][Cacher][Watcher] "change" emitted on %WS1%/Formelsammlung.tex.
[17:05:10.122][Cacher] Caching %WS1%/Formelsammlung.tex .
[17:05:10.123][Cacher] Updated inputs of %WS1%/Formelsammlung.tex .
[17:05:10.123][Cacher] Parse LaTeX AST: %WS1%/Formelsammlung.tex .
[17:05:10.123][Build] Auto build started detecting the change of a file: %WS1%/Formelsammlung.tex .
[17:05:10.123][Event] AUTO_BUILD_INITIATED: {"type":"onFileChange","file":"%WS1%/Formelsammlung.tex"}
[17:05:10.123][Build] The document of the active editor: file://%WS1%/Formelsammlung.tex
[17:05:10.123][Build] The languageId of the document: latex
[17:05:10.123][Build] Building root file: %WS1%/Formelsammlung.tex
[17:05:10.123][Build][Recipe] Build root file %WS1%/Formelsammlung.tex
[17:05:10.123][Event] FILE_CHANGED: "%WS1%/Formelsammlung.tex"
[17:05:10.124][Build][Recipe] Preparing to run recipe: latexmk.
[17:05:10.124][Build][Recipe] Prepared 1 tools.
[17:05:10.125][Build][Recipe] outDir: %WS1%/build .
[17:05:10.125][Build] Recipe step 1 The command is latexmk:["-synctex=1","-interaction=nonstopmode","-file-line-error","-pdf","-outdir=build","%WS1%/Formelsammlung"].
[17:05:10.125][Build] env: {}
[17:05:10.125][Build] root: %WS1%/Formelsammlung.tex
[17:05:10.126][Build] cwd: %WS1%
[17:05:10.131][Build] LaTeX build process spawned with PID 385179.
[17:05:10.165][Cacher] Parsed LaTeX AST: %WS1%/Formelsammlung.tex .
[17:05:10.165][File] kpsewhich cache hit on scrartcl.cls: /usr/local/texlive/2023/texmf-dist/tex/latex/koma-script/scrartcl.cls .
[17:05:10.170][Cacher] Updated elements in 4.79 ms: %WS1%/Formelsammlung.tex .
[17:05:10.171][Event] FILE_PARSED: "%WS1%/Formelsammlung.tex"
[17:05:10.171][Structure] Structure force updated with 7 root sections for %WS1%/Formelsammlung.tex .
[17:05:10.171][Event] STRUCTURE_UPDATED
[17:05:11.993][Parser][TexLog] Logged 7 messages.
[17:05:11.994][Build] Finished a step in recipe with PID 385179.
[17:05:11.994][Build] Successfully built %WS1%/Formelsammlung.tex .
[17:05:11.994][Event] BUILD_DONE
[17:05:11.995][Viewer] Call refreshExistingViewer: "%WS1%/build/Formelsammlung.pdf" .
[17:05:11.995][Viewer] Refresh PDF viewer: %WS1%/build/Formelsammlung.pdf
[17:05:11.996][Cacher] Parsing .fls %WS1%/build/Formelsammlung.fls .
[17:05:12.022][Cacher] Found .aux %WS1%/Formelsammlung.tex from .fls %WS1%/build/Formelsammlung.fls , parsing.
[17:05:12.022][Cacher] Parsed .aux %WS1%/Formelsammlung.tex .
[17:05:12.022][Cacher] Parsed .fls %WS1%/build/Formelsammlung.fls .
[17:05:12.056][Server] Preview PDF file: file://%WS1%/build/Formelsammlung.pdf
[17:05:12.152][Viewer] Handle data type: loaded
[17:05:12.152][Event] VIEWER_PAGE_LOADED
[18:38:47.184][Viewer] Handle data type: open
[18:47:29.683][Cacher][Watcher] Reset.
[18:47:29.683][Cacher][Watcher] Reset.
