2024-05-15 16:56:35.829 [info] 
[lspconfig] Cannot access configuration for jinja_lsp. Ensure this server is listed in `server_configurations.md` or added as a custom server.
2024-05-15 16:56:35.842 [info] 
E79: Cannot expand wildcards
2024-05-15 16:56:35.843 [info] 
set('n',
2024-05-15 16:56:35.843 [info] 
"set('n'," [New]
2024-05-15 16:56:35.847 [info] 
"'<C-u>'," [New]
2024-05-15 16:56:35.847 [info] 
"'<C-u>zz')" [New]
2024-05-15 16:56:35.847 [info] 
Cannot open file "'<C-u>zz')"
Error detected while processing VimEnter Autocommands for "*":
E5555: API call: VimEnter Autocommands for "*"..script nvim_exec2() called at VimEnter Autocommands for "*":0: Vim(vimgrep):E480: No match: keymap
2024-05-15 16:56:35.893 [info] 
[mason-lspconfig.nvim] Server "anakin_language_server" is not a valid entry in ensure_installed. Make sure to only provide lspconfig server names.
2024-05-15 16:57:02.002 [info] 
[lspconfig] Cannot access configuration for jinja_lsp. Ensure this server is listed in `server_configurations.md` or added as a custom server.
2024-05-15 16:57:02.007 [info] 
E79: Cannot expand wildcards
2024-05-15 16:57:02.007 [info] 
set('n',
2024-05-15 16:57:02.008 [info] 
"set('n'," [New]
2024-05-15 16:57:02.009 [info] 
"'<C-u>'," [New]
2024-05-15 16:57:02.010 [info] 
"'<C-u>zz')" [New]
2024-05-15 16:57:02.011 [info] 
Cannot open file "'<C-u>zz')"
Error detected while processing VimEnter Autocommands for "*":
E5555: API call: VimEnter Autocommands for "*"..script nvim_exec2() called at VimEnter Autocommands for "*":0: Vim(vimgrep):E480: No match: keymap
2024-05-15 16:57:02.093 [info] 
[mason-lspconfig.nvim] Server "anakin_language_server" is not a valid entry in ensure_installed. Make sure to only provide lspconfig server names.
2024-05-15 17:05:08.403 [info] 
28 changes; before #7  8 seconds ago
