2024-05-15 16:57:47.795 [info] Reading sessions from keychain...
2024-05-15 16:57:47.795 [info] Getting sessions for all scopes...
2024-05-15 16:57:47.795 [info] Getting sessions for user:email...
2024-05-15 16:57:47.795 [info] Got stored sessions!
2024-05-15 16:57:47.795 [info] Got 2 verified sessions.
2024-05-15 16:57:47.795 [info] Got 2 sessions for ...
2024-05-15 16:57:47.795 [info] Got 1 sessions for user:email...
2024-05-15 16:57:47.906 [info] Getting sessions for read:user,repo,user:email,workflow...
2024-05-15 16:57:47.906 [info] Got 1 sessions for read:user,repo,user:email,workflow...
2024-05-15 16:57:47.907 [info] Getting sessions for read:user,repo,user:email,workflow...
2024-05-15 16:57:47.907 [info] Got 1 sessions for read:user,repo,user:email,workflow...
2024-05-15 16:57:48.146 [info] Getting sessions for project,read:org,read:user,repo,user:email,workflow...
2024-05-15 16:57:48.146 [info] Got 0 sessions for project,read:org,read:user,repo,user:email,workflow...
2024-05-15 16:57:48.176 [info] Getting sessions for read:user,repo,user:email,workflow...
2024-05-15 16:57:48.176 [info] Got 1 sessions for read:user,repo,user:email,workflow...
2024-05-15 16:57:48.177 [info] Getting sessions for all scopes...
2024-05-15 16:57:48.177 [info] Got 2 sessions for ...
2024-05-15 16:57:48.458 [info] Getting sessions for read:user,repo,user:email,workflow...
2024-05-15 16:57:48.458 [info] Got 1 sessions for read:user,repo,user:email,workflow...
2024-05-15 16:57:48.477 [info] Getting sessions for all scopes...
2024-05-15 16:57:48.477 [info] Got 2 sessions for ...
