2024-05-14 12:00:44.359 [info] Reading sessions from keychain...
2024-05-14 12:00:44.359 [info] Getting sessions for all scopes...
2024-05-14 12:00:44.359 [info] Got stored sessions!
2024-05-14 12:00:44.359 [info] Got 2 verified sessions.
2024-05-14 12:00:44.359 [info] Got 2 sessions for ...
2024-05-14 12:00:44.422 [info] Getting sessions for read:user,repo,user:email,workflow...
2024-05-14 12:00:44.422 [info] Got 1 sessions for read:user,repo,user:email,workflow...
2024-05-14 12:00:44.422 [info] Getting sessions for read:user,repo,user:email,workflow...
2024-05-14 12:00:44.422 [info] Got 1 sessions for read:user,repo,user:email,workflow...
2024-05-14 12:00:44.543 [info] Getting sessions for read:user,repo,user:email...
2024-05-14 12:00:44.543 [info] Got 0 sessions for read:user,repo,user:email...
2024-05-14 12:00:44.716 [info] Getting sessions for project,read:org,read:user,repo,user:email,workflow...
2024-05-14 12:00:44.717 [info] Got 0 sessions for project,read:org,read:user,repo,user:email,workflow...
2024-05-14 12:00:44.717 [info] Getting sessions for all scopes...
2024-05-14 12:00:44.717 [info] Got 2 sessions for ...
2024-05-14 12:00:44.727 [info] Getting sessions for user:email...
2024-05-14 12:00:44.727 [info] Got 1 sessions for user:email...
2024-05-14 12:00:44.795 [info] Getting sessions for read:user,repo,user:email,workflow...
2024-05-14 12:00:44.795 [info] Got 1 sessions for read:user,repo,user:email,workflow...
2024-05-14 12:00:45.087 [info] Getting sessions for read:user,repo,user:email,workflow...
2024-05-14 12:00:45.087 [info] Got 1 sessions for read:user,repo,user:email,workflow...
2024-05-14 12:00:45.181 [info] Getting sessions for all scopes...
2024-05-14 12:00:45.181 [info] Got 2 sessions for ...
