05/14/2024 15:03:52 Central European Standard Time : Information : Local timezone is (UTC+01:00) Central European Time (Zurich)
05/14/2024 15:03:52 Central European Standard Time : Error : Error starting hub controller: Microsoft.ServiceHub.Client.ControllerConnectionException: Controller terminated before accepting connections. Exit code: 147. HResult='-2146233079' 
   at Microsoft.ServiceHub.Client.HubControllerClient.StartAsync(ServiceHubConfig config, String clientName, CancellationToken cancellationToken)
   at Microsoft.ServiceHub.Client.HubClient.LaunchOrFindControllerAsync()
   at Microsoft.ServiceHub.Client.HubClient.GetLocationServiceAsync()
05/14/2024 15:03:52 Central European Standard Time : Information : Task 'VsHubClient' failed after iteration 1
05/14/2024 15:03:52 Central European Standard Time : Error : Microsoft.ServiceHub.Client.ControllerConnectionException: Controller terminated before accepting connections. Exit code: 147. HResult='-2146233079' 
   at Microsoft.ServiceHub.Client.HubControllerClient.StartAsync(ServiceHubConfig config, String clientName, CancellationToken cancellationToken)
   at Microsoft.ServiceHub.Client.HubClient.LaunchOrFindControllerAsync()
   at Microsoft.ServiceHub.Client.HubClient.GetLocationServiceAsync()
   at Microsoft.ServiceHub.Utility.Shared.ServiceHubRetry.ExecuteAsync[TReturnType](Func`1 actionToExecute, TraceSource logger, ServiceHubRetryConfiguration`1 serviceHubRetryConfiguration, CancellationToken cancellationToken)
05/14/2024 15:03:52 Central European Standard Time : Information : Retrying task 'VsHubClient' after waiting 200 ms...
05/14/2024 15:03:52 Central European Standard Time : Error : Error starting hub controller: Microsoft.ServiceHub.Client.ControllerConnectionException: Controller terminated before accepting connections. Exit code: 147. HResult='-2146233079' 
   at Microsoft.ServiceHub.Client.HubControllerClient.StartAsync(ServiceHubConfig config, String clientName, CancellationToken cancellationToken)
   at Microsoft.ServiceHub.Client.HubClient.LaunchOrFindControllerAsync()
   at Microsoft.ServiceHub.Client.HubClient.GetLocationServiceAsync()
05/14/2024 15:03:52 Central European Standard Time : Information : Task 'VsHubClient' failed after iteration 2
05/14/2024 15:03:52 Central European Standard Time : Error : Microsoft.ServiceHub.Client.ControllerConnectionException: Controller terminated before accepting connections. Exit code: 147. HResult='-2146233079' 
   at Microsoft.ServiceHub.Client.HubControllerClient.StartAsync(ServiceHubConfig config, String clientName, CancellationToken cancellationToken)
   at Microsoft.ServiceHub.Client.HubClient.LaunchOrFindControllerAsync()
   at Microsoft.ServiceHub.Client.HubClient.GetLocationServiceAsync()
   at Microsoft.ServiceHub.Utility.Shared.ServiceHubRetry.ExecuteAsync[TReturnType](Func`1 actionToExecute, TraceSource logger, ServiceHubRetryConfiguration`1 serviceHubRetryConfiguration, CancellationToken cancellationToken)
05/14/2024 15:03:52 Central European Standard Time : Information : Retrying task 'VsHubClient' after waiting 200 ms...
05/14/2024 15:03:53 Central European Standard Time : Error : Error starting hub controller: Microsoft.ServiceHub.Client.ControllerConnectionException: Controller terminated before accepting connections. Exit code: 147. HResult='-2146233079' 
   at Microsoft.ServiceHub.Client.HubControllerClient.StartAsync(ServiceHubConfig config, String clientName, CancellationToken cancellationToken)
   at Microsoft.ServiceHub.Client.HubClient.LaunchOrFindControllerAsync()
   at Microsoft.ServiceHub.Client.HubClient.GetLocationServiceAsync()
05/14/2024 15:03:53 Central European Standard Time : Information : Task 'VsHubClient' failed after iteration 3
05/14/2024 15:03:53 Central European Standard Time : Error : Microsoft.ServiceHub.Client.ControllerConnectionException: Controller terminated before accepting connections. Exit code: 147. HResult='-2146233079' 
   at Microsoft.ServiceHub.Client.HubControllerClient.StartAsync(ServiceHubConfig config, String clientName, CancellationToken cancellationToken)
   at Microsoft.ServiceHub.Client.HubClient.LaunchOrFindControllerAsync()
   at Microsoft.ServiceHub.Client.HubClient.GetLocationServiceAsync()
   at Microsoft.ServiceHub.Utility.Shared.ServiceHubRetry.ExecuteAsync[TReturnType](Func`1 actionToExecute, TraceSource logger, ServiceHubRetryConfiguration`1 serviceHubRetryConfiguration, CancellationToken cancellationToken)
