2024-05-14 12:05:21.601 [info] Reading sessions from keychain...
2024-05-14 12:05:21.601 [info] Getting sessions for all scopes...
2024-05-14 12:05:21.623 [info] Got stored sessions!
2024-05-14 12:05:21.623 [info] Got 2 verified sessions.
2024-05-14 12:05:21.624 [info] Got 2 sessions for ...
2024-05-14 12:05:21.653 [info] Getting sessions for read:user,repo,user:email,workflow...
2024-05-14 12:05:21.653 [info] Got 1 sessions for read:user,repo,user:email,workflow...
2024-05-14 12:05:21.660 [info] Getting sessions for read:user,repo,user:email,workflow...
2024-05-14 12:05:21.660 [info] Got 1 sessions for read:user,repo,user:email,workflow...
2024-05-14 12:05:21.745 [info] Getting sessions for read:user,repo,user:email...
2024-05-14 12:05:21.745 [info] Got 0 sessions for read:user,repo,user:email...
2024-05-14 12:05:21.749 [info] Getting sessions for project,read:org,read:user,repo,user:email,workflow...
2024-05-14 12:05:21.749 [info] Got 0 sessions for project,read:org,read:user,repo,user:email,workflow...
2024-05-14 12:05:21.938 [info] Getting sessions for all scopes...
2024-05-14 12:05:21.938 [info] Got 2 sessions for ...
2024-05-14 12:05:21.953 [info] Getting sessions for user:email...
2024-05-14 12:05:21.953 [info] Got 1 sessions for user:email...
2024-05-14 12:05:22.028 [info] Getting sessions for read:user,repo,user:email,workflow...
2024-05-14 12:05:22.028 [info] Got 1 sessions for read:user,repo,user:email,workflow...
2024-05-14 12:05:22.386 [info] Getting sessions for read:user,repo,user:email,workflow...
2024-05-14 12:05:22.386 [info] Got 1 sessions for read:user,repo,user:email,workflow...
2024-05-14 12:05:22.747 [info] Getting sessions for all scopes...
2024-05-14 12:05:22.747 [info] Got 2 sessions for ...
2024-05-14 12:30:22.284 [info] Getting sessions for read:user,repo,user:email,workflow...
2024-05-14 12:30:22.284 [info] Got 1 sessions for read:user,repo,user:email,workflow...
2024-05-14 12:30:22.343 [info] Getting sessions for read:user,repo,user:email,workflow...
2024-05-14 12:30:22.343 [info] Got 1 sessions for read:user,repo,user:email,workflow...
2024-05-14 12:30:22.665 [info] Getting sessions for read:user,repo,user:email,workflow...
2024-05-14 12:30:22.665 [info] Got 1 sessions for read:user,repo,user:email,workflow...
2024-05-14 12:55:22.663 [info] Getting sessions for read:user,repo,user:email,workflow...
2024-05-14 12:55:22.663 [info] Got 1 sessions for read:user,repo,user:email,workflow...
2024-05-14 12:55:22.713 [info] Getting sessions for read:user,repo,user:email,workflow...
2024-05-14 12:55:22.713 [info] Got 1 sessions for read:user,repo,user:email,workflow...
2024-05-14 12:55:23.050 [info] Getting sessions for read:user,repo,user:email,workflow...
2024-05-14 12:55:23.050 [info] Got 1 sessions for read:user,repo,user:email,workflow...
2024-05-14 13:20:23.051 [info] Getting sessions for read:user,repo,user:email,workflow...
2024-05-14 13:20:23.052 [info] Got 1 sessions for read:user,repo,user:email,workflow...
2024-05-14 13:20:23.052 [info] Getting sessions for read:user,repo,user:email,workflow...
2024-05-14 13:20:23.052 [info] Got 1 sessions for read:user,repo,user:email,workflow...
2024-05-14 13:20:23.462 [info] Getting sessions for read:user,repo,user:email,workflow...
2024-05-14 13:20:23.462 [info] Got 1 sessions for read:user,repo,user:email,workflow...
2024-05-14 13:45:23.464 [info] Getting sessions for read:user,repo,user:email,workflow...
2024-05-14 13:45:23.464 [info] Got 1 sessions for read:user,repo,user:email,workflow...
2024-05-14 13:45:23.464 [info] Getting sessions for read:user,repo,user:email,workflow...
2024-05-14 13:45:23.464 [info] Got 1 sessions for read:user,repo,user:email,workflow...
2024-05-14 13:45:23.815 [info] Getting sessions for read:user,repo,user:email,workflow...
2024-05-14 13:45:23.815 [info] Got 1 sessions for read:user,repo,user:email,workflow...
2024-05-14 14:10:23.810 [info] Getting sessions for read:user,repo,user:email,workflow...
2024-05-14 14:10:23.811 [info] Got 1 sessions for read:user,repo,user:email,workflow...
2024-05-14 14:10:23.879 [info] Getting sessions for read:user,repo,user:email,workflow...
2024-05-14 14:10:23.879 [info] Got 1 sessions for read:user,repo,user:email,workflow...
2024-05-14 14:10:24.170 [info] Getting sessions for read:user,repo,user:email,workflow...
2024-05-14 14:10:24.170 [info] Got 1 sessions for read:user,repo,user:email,workflow...
2024-05-14 14:35:24.163 [info] Getting sessions for read:user,repo,user:email,workflow...
2024-05-14 14:35:24.164 [info] Got 1 sessions for read:user,repo,user:email,workflow...
2024-05-14 14:35:24.288 [info] Getting sessions for read:user,repo,user:email,workflow...
2024-05-14 14:35:24.288 [info] Got 1 sessions for read:user,repo,user:email,workflow...
2024-05-14 14:35:24.551 [info] Getting sessions for read:user,repo,user:email,workflow...
2024-05-14 14:35:24.551 [info] Got 1 sessions for read:user,repo,user:email,workflow...
2024-05-14 15:00:24.553 [info] Getting sessions for read:user,repo,user:email,workflow...
2024-05-14 15:00:24.553 [info] Got 1 sessions for read:user,repo,user:email,workflow...
2024-05-14 15:00:24.578 [info] Getting sessions for read:user,repo,user:email,workflow...
2024-05-14 15:00:24.578 [info] Got 1 sessions for read:user,repo,user:email,workflow...
2024-05-14 15:00:24.891 [info] Getting sessions for read:user,repo,user:email,workflow...
2024-05-14 15:00:24.891 [info] Got 1 sessions for read:user,repo,user:email,workflow...
2024-05-14 15:03:49.853 [info] Reading sessions from keychain...
2024-05-14 15:03:49.853 [info] Getting sessions for all scopes...
2024-05-14 15:03:49.853 [info] Getting sessions for user:email...
2024-05-14 15:03:49.901 [info] Got stored sessions!
2024-05-14 15:03:49.901 [info] Got 2 verified sessions.
2024-05-14 15:03:49.901 [info] Got 2 sessions for ...
2024-05-14 15:03:49.901 [info] Got 1 sessions for user:email...
2024-05-14 15:03:50.525 [info] Getting sessions for all scopes...
2024-05-14 15:03:50.525 [info] Got 2 sessions for ...
2024-05-14 15:03:50.828 [info] Getting sessions for read:user,repo,user:email,workflow...
2024-05-14 15:03:50.828 [info] Got 1 sessions for read:user,repo,user:email,workflow...
2024-05-14 15:03:51.044 [info] Getting sessions for read:user,repo,user:email,workflow...
2024-05-14 15:03:51.044 [info] Got 1 sessions for read:user,repo,user:email,workflow...
2024-05-14 15:03:51.052 [info] Getting sessions for user:email...
2024-05-14 15:03:51.052 [info] Got 1 sessions for user:email...
2024-05-14 15:03:51.296 [info] Getting sessions for project,read:org,read:user,repo,user:email,workflow...
2024-05-14 15:03:51.296 [info] Got 0 sessions for project,read:org,read:user,repo,user:email,workflow...
2024-05-14 15:03:51.296 [info] Getting sessions for read:user,repo,user:email...
2024-05-14 15:03:51.296 [info] Got 0 sessions for read:user,repo,user:email...
2024-05-14 15:03:51.867 [info] Getting sessions for read:user,repo,user:email,workflow...
2024-05-14 15:03:51.867 [info] Got 1 sessions for read:user,repo,user:email,workflow...
2024-05-14 15:03:51.990 [info] Getting sessions for read:user,repo,user:email,workflow...
2024-05-14 15:03:51.990 [info] Got 1 sessions for read:user,repo,user:email,workflow...
2024-05-14 15:03:52.193 [info] Getting sessions for all scopes...
2024-05-14 15:03:52.193 [info] Got 2 sessions for ...
2024-05-14 15:08:10.391 [info] Getting sessions for read:user,repo,user:email,workflow...
2024-05-14 15:08:10.391 [info] Got 1 sessions for read:user,repo,user:email,workflow...
2024-05-14 15:08:26.368 [info] Getting sessions for read:user,repo,user:email,workflow...
2024-05-14 15:08:26.368 [info] Got 1 sessions for read:user,repo,user:email,workflow...
2024-05-14 15:08:35.604 [info] Getting sessions for read:user,repo,user:email,workflow...
2024-05-14 15:08:35.604 [info] Got 1 sessions for read:user,repo,user:email,workflow...
2024-05-14 15:09:00.258 [info] Getting sessions for read:user,repo,user:email,workflow...
2024-05-14 15:09:00.258 [info] Got 1 sessions for read:user,repo,user:email,workflow...
2024-05-14 15:09:15.620 [info] Getting sessions for read:user,repo,user:email,workflow...
2024-05-14 15:09:15.620 [info] Got 1 sessions for read:user,repo,user:email,workflow...
2024-05-14 15:10:03.439 [info] Getting sessions for read:user,repo,user:email,workflow...
2024-05-14 15:10:03.439 [info] Got 1 sessions for read:user,repo,user:email,workflow...
2024-05-14 15:10:11.839 [info] Getting sessions for read:user,repo,user:email,workflow...
2024-05-14 15:10:11.839 [info] Got 1 sessions for read:user,repo,user:email,workflow...
2024-05-14 15:16:16.460 [info] Getting sessions for read:user,repo,user:email,workflow...
2024-05-14 15:16:16.460 [info] Got 1 sessions for read:user,repo,user:email,workflow...
2024-05-14 15:16:27.490 [info] Getting sessions for read:user,repo,user:email,workflow...
2024-05-14 15:16:27.490 [info] Got 1 sessions for read:user,repo,user:email,workflow...
2024-05-14 15:17:46.699 [info] Getting sessions for read:user,repo,user:email,workflow...
2024-05-14 15:17:46.699 [info] Got 1 sessions for read:user,repo,user:email,workflow...
2024-05-14 15:18:03.550 [info] Getting sessions for read:user,repo,user:email,workflow...
2024-05-14 15:18:03.550 [info] Got 1 sessions for read:user,repo,user:email,workflow...
2024-05-14 15:28:51.688 [info] Getting sessions for read:user,repo,user:email,workflow...
2024-05-14 15:28:51.688 [info] Got 1 sessions for read:user,repo,user:email,workflow...
2024-05-14 15:28:51.834 [info] Getting sessions for read:user,repo,user:email,workflow...
2024-05-14 15:28:51.834 [info] Got 1 sessions for read:user,repo,user:email,workflow...
2024-05-14 15:28:52.182 [info] Getting sessions for read:user,repo,user:email,workflow...
2024-05-14 15:28:52.182 [info] Got 1 sessions for read:user,repo,user:email,workflow...
2024-05-14 15:53:52.070 [info] Getting sessions for read:user,repo,user:email,workflow...
2024-05-14 15:53:52.070 [info] Got 1 sessions for read:user,repo,user:email,workflow...
2024-05-14 15:53:52.218 [info] Getting sessions for read:user,repo,user:email,workflow...
2024-05-14 15:53:52.218 [info] Got 1 sessions for read:user,repo,user:email,workflow...
2024-05-14 15:53:52.475 [info] Getting sessions for read:user,repo,user:email,workflow...
2024-05-14 15:53:52.475 [info] Got 1 sessions for read:user,repo,user:email,workflow...
2024-05-14 16:18:52.425 [info] Getting sessions for read:user,repo,user:email,workflow...
2024-05-14 16:18:52.425 [info] Got 1 sessions for read:user,repo,user:email,workflow...
2024-05-14 16:18:52.517 [info] Getting sessions for read:user,repo,user:email,workflow...
2024-05-14 16:18:52.517 [info] Got 1 sessions for read:user,repo,user:email,workflow...
2024-05-14 16:18:52.798 [info] Getting sessions for read:user,repo,user:email,workflow...
2024-05-14 16:18:52.798 [info] Got 1 sessions for read:user,repo,user:email,workflow...
2024-05-14 16:43:52.796 [info] Getting sessions for read:user,repo,user:email,workflow...
2024-05-14 16:43:52.796 [info] Got 1 sessions for read:user,repo,user:email,workflow...
2024-05-14 16:43:52.855 [info] Getting sessions for read:user,repo,user:email,workflow...
2024-05-14 16:43:52.855 [info] Got 1 sessions for read:user,repo,user:email,workflow...
2024-05-14 16:43:53.241 [info] Getting sessions for read:user,repo,user:email,workflow...
2024-05-14 16:43:53.241 [info] Got 1 sessions for read:user,repo,user:email,workflow...
2024-05-15 10:04:15.588 [info] Getting sessions for read:user,repo,user:email,workflow...
2024-05-15 10:04:15.588 [info] Got 1 sessions for read:user,repo,user:email,workflow...
2024-05-15 10:04:15.588 [info] Getting sessions for read:user,repo,user:email,workflow...
2024-05-15 10:04:15.588 [info] Got 1 sessions for read:user,repo,user:email,workflow...
2024-05-15 12:53:06.920 [info] Reading sessions from keychain...
2024-05-15 12:53:06.920 [info] Getting sessions for all scopes...
2024-05-15 12:53:06.993 [info] Got stored sessions!
2024-05-15 12:53:06.993 [info] Got 2 verified sessions.
2024-05-15 12:53:06.993 [info] Got 2 sessions for ...
2024-05-15 12:53:07.011 [info] Getting sessions for read:user,repo,user:email...
2024-05-15 12:53:07.011 [info] Got 0 sessions for read:user,repo,user:email...
2024-05-15 12:53:07.015 [info] Getting sessions for read:user,repo,user:email,workflow...
2024-05-15 12:53:07.015 [info] Got 1 sessions for read:user,repo,user:email,workflow...
2024-05-15 12:53:07.019 [info] Getting sessions for read:user,repo,user:email,workflow...
2024-05-15 12:53:07.019 [info] Got 1 sessions for read:user,repo,user:email,workflow...
2024-05-15 12:53:07.344 [info] Getting sessions for all scopes...
2024-05-15 12:53:07.345 [info] Got 2 sessions for ...
2024-05-15 12:53:07.358 [info] Getting sessions for user:email...
2024-05-15 12:53:07.358 [info] Got 1 sessions for user:email...
2024-05-15 12:53:07.365 [info] Getting sessions for project,read:org,read:user,repo,user:email,workflow...
2024-05-15 12:53:07.365 [info] Got 0 sessions for project,read:org,read:user,repo,user:email,workflow...
2024-05-15 12:53:07.443 [info] Getting sessions for read:user,repo,user:email,workflow...
2024-05-15 12:53:07.443 [info] Got 1 sessions for read:user,repo,user:email,workflow...
2024-05-15 12:53:07.678 [info] Getting sessions for read:user,repo,user:email,workflow...
2024-05-15 12:53:07.678 [info] Got 1 sessions for read:user,repo,user:email,workflow...
2024-05-15 12:53:08.150 [info] Getting sessions for all scopes...
2024-05-15 12:53:08.150 [info] Got 2 sessions for ...
2024-05-15 12:54:08.116 [info] Getting sessions for read:user,repo,user:email,workflow...
2024-05-15 12:54:08.116 [info] Got 1 sessions for read:user,repo,user:email,workflow...
2024-05-15 12:54:21.756 [info] Getting sessions for read:user,repo,user:email,workflow...
2024-05-15 12:54:21.756 [info] Got 1 sessions for read:user,repo,user:email,workflow...
2024-05-15 12:55:31.669 [info] Getting sessions for read:user,repo,user:email,workflow...
2024-05-15 12:55:31.669 [info] Got 1 sessions for read:user,repo,user:email,workflow...
2024-05-15 12:55:45.999 [info] Getting sessions for read:user,repo,user:email,workflow...
2024-05-15 12:55:45.999 [info] Got 1 sessions for read:user,repo,user:email,workflow...
2024-05-15 12:56:09.987 [info] Getting sessions for read:user,repo,user:email,workflow...
2024-05-15 12:56:09.987 [info] Got 1 sessions for read:user,repo,user:email,workflow...
2024-05-15 12:56:27.178 [info] Getting sessions for read:user,repo,user:email,workflow...
2024-05-15 12:56:27.178 [info] Got 1 sessions for read:user,repo,user:email,workflow...
2024-05-15 13:18:07.624 [info] Getting sessions for read:user,repo,user:email,workflow...
2024-05-15 13:18:07.625 [info] Got 1 sessions for read:user,repo,user:email,workflow...
2024-05-15 13:18:07.660 [info] Getting sessions for read:user,repo,user:email,workflow...
2024-05-15 13:18:07.660 [info] Got 1 sessions for read:user,repo,user:email,workflow...
2024-05-15 13:18:07.969 [info] Getting sessions for read:user,repo,user:email,workflow...
2024-05-15 13:18:07.969 [info] Got 1 sessions for read:user,repo,user:email,workflow...
2024-05-15 13:43:07.961 [info] Getting sessions for read:user,repo,user:email,workflow...
2024-05-15 13:43:07.962 [info] Got 1 sessions for read:user,repo,user:email,workflow...
2024-05-15 13:43:08.003 [info] Getting sessions for read:user,repo,user:email,workflow...
2024-05-15 13:43:08.003 [info] Got 1 sessions for read:user,repo,user:email,workflow...
2024-05-15 13:43:08.347 [info] Getting sessions for read:user,repo,user:email,workflow...
2024-05-15 13:43:08.347 [info] Got 1 sessions for read:user,repo,user:email,workflow...
2024-05-15 14:08:08.347 [info] Getting sessions for read:user,repo,user:email,workflow...
2024-05-15 14:08:08.347 [info] Got 1 sessions for read:user,repo,user:email,workflow...
2024-05-15 14:08:08.451 [info] Getting sessions for read:user,repo,user:email,workflow...
2024-05-15 14:08:08.451 [info] Got 1 sessions for read:user,repo,user:email,workflow...
2024-05-15 14:08:08.724 [info] Getting sessions for read:user,repo,user:email,workflow...
2024-05-15 14:08:08.724 [info] Got 1 sessions for read:user,repo,user:email,workflow...
2024-05-15 14:33:08.726 [info] Getting sessions for read:user,repo,user:email,workflow...
2024-05-15 14:33:08.727 [info] Got 1 sessions for read:user,repo,user:email,workflow...
2024-05-15 14:33:08.762 [info] Getting sessions for read:user,repo,user:email,workflow...
2024-05-15 14:33:08.762 [info] Got 1 sessions for read:user,repo,user:email,workflow...
2024-05-15 14:33:09.135 [info] Getting sessions for read:user,repo,user:email,workflow...
2024-05-15 14:33:09.136 [info] Got 1 sessions for read:user,repo,user:email,workflow...
2024-05-15 14:58:09.134 [info] Getting sessions for read:user,repo,user:email,workflow...
2024-05-15 14:58:09.135 [info] Got 1 sessions for read:user,repo,user:email,workflow...
2024-05-15 14:58:09.169 [info] Getting sessions for read:user,repo,user:email,workflow...
2024-05-15 14:58:09.169 [info] Got 1 sessions for read:user,repo,user:email,workflow...
2024-05-15 14:58:09.525 [info] Getting sessions for read:user,repo,user:email,workflow...
2024-05-15 14:58:09.525 [info] Got 1 sessions for read:user,repo,user:email,workflow...
2024-05-15 15:23:09.525 [info] Getting sessions for read:user,repo,user:email,workflow...
2024-05-15 15:23:09.525 [info] Got 1 sessions for read:user,repo,user:email,workflow...
2024-05-15 15:23:09.558 [info] Getting sessions for read:user,repo,user:email,workflow...
2024-05-15 15:23:09.558 [info] Got 1 sessions for read:user,repo,user:email,workflow...
2024-05-15 15:23:09.944 [info] Getting sessions for read:user,repo,user:email,workflow...
2024-05-15 15:23:09.944 [info] Got 1 sessions for read:user,repo,user:email,workflow...
2024-05-15 15:48:09.945 [info] Getting sessions for read:user,repo,user:email,workflow...
2024-05-15 15:48:09.945 [info] Got 1 sessions for read:user,repo,user:email,workflow...
2024-05-15 15:48:09.945 [info] Getting sessions for read:user,repo,user:email,workflow...
2024-05-15 15:48:09.945 [info] Got 1 sessions for read:user,repo,user:email,workflow...
2024-05-15 15:48:10.307 [info] Getting sessions for read:user,repo,user:email,workflow...
2024-05-15 15:48:10.307 [info] Got 1 sessions for read:user,repo,user:email,workflow...
2024-05-15 16:13:10.308 [info] Getting sessions for read:user,repo,user:email,workflow...
2024-05-15 16:13:10.308 [info] Got 1 sessions for read:user,repo,user:email,workflow...
2024-05-15 16:13:10.309 [info] Getting sessions for read:user,repo,user:email,workflow...
2024-05-15 16:13:10.309 [info] Got 1 sessions for read:user,repo,user:email,workflow...
2024-05-15 16:13:10.701 [info] Getting sessions for read:user,repo,user:email,workflow...
2024-05-15 16:13:10.701 [info] Got 1 sessions for read:user,repo,user:email,workflow...
2024-05-15 16:38:10.701 [info] Getting sessions for read:user,repo,user:email,workflow...
2024-05-15 16:38:10.701 [info] Got 1 sessions for read:user,repo,user:email,workflow...
2024-05-15 16:38:10.811 [info] Getting sessions for read:user,repo,user:email,workflow...
2024-05-15 16:38:10.811 [info] Got 1 sessions for read:user,repo,user:email,workflow...
2024-05-15 16:38:11.197 [info] Getting sessions for read:user,repo,user:email,workflow...
2024-05-15 16:38:11.197 [info] Got 1 sessions for read:user,repo,user:email,workflow...
2024-05-15 17:03:34.016 [info] Getting sessions for read:user,repo,user:email,workflow...
2024-05-15 17:03:34.017 [info] Got 1 sessions for read:user,repo,user:email,workflow...
2024-05-15 17:03:34.017 [info] Getting sessions for read:user,repo,user:email,workflow...
2024-05-15 17:03:34.017 [info] Got 1 sessions for read:user,repo,user:email,workflow...
2024-05-15 17:03:34.387 [info] Getting sessions for read:user,repo,user:email,workflow...
2024-05-15 17:03:34.387 [info] Got 1 sessions for read:user,repo,user:email,workflow...
2024-05-15 19:01:10.285 [info] Getting sessions for read:user,repo,user:email,workflow...
2024-05-15 19:01:10.286 [info] Got 1 sessions for read:user,repo,user:email,workflow...
2024-05-15 19:01:10.306 [info] Getting sessions for read:user,repo,user:email,workflow...
2024-05-15 19:01:10.306 [info] Got 1 sessions for read:user,repo,user:email,workflow...
2024-05-15 19:01:10.663 [info] Getting sessions for read:user,repo,user:email,workflow...
2024-05-15 19:01:10.663 [info] Got 1 sessions for read:user,repo,user:email,workflow...
