0 verbose cli /home/dave/.config/zed/node/node-v18.15.0-linux-x64/bin/node /home/dave/.config/zed/node/node-v18.15.0-linux-x64/bin/npm
1 info using npm@9.5.0
2 info using node@v18.15.0
3 timing npm:load:whichnode Completed in 1ms
4 timing config:load:defaults Completed in 1ms
5 timing config:load:file:/home/dave/.config/zed/node/node-v18.15.0-linux-x64/lib/node_modules/npm/npmrc Completed in 0ms
6 timing config:load:builtin Completed in 0ms
7 timing config:load:cli Completed in 2ms
8 timing config:load:env Completed in 0ms
9 timing config:load:file:/home/dave/Downloads/zed/script/.npmrc Completed in 0ms
10 timing config:load:project Completed in 1ms
11 timing config:load:file:/home/dave/.config/zed/node/node-v18.15.0-linux-x64/blank_user_npmrc Completed in 1ms
12 timing config:load:user Completed in 1ms
13 timing config:load:file:/home/dave/.config/zed/node/node-v18.15.0-linux-x64/blank_global_npmrc Completed in 0ms
14 timing config:load:global Completed in 0ms
15 timing config:load:setEnvs Completed in 1ms
16 timing config:load Completed in 6ms
17 timing npm:load:configload Completed in 6ms
18 timing npm:load:mkdirpcache Completed in 0ms
19 timing npm:load:mkdirplogs Completed in 0ms
20 verbose title npm info prettier
21 verbose argv "info" "--cache" "/home/dave/.config/zed/node/node-v18.15.0-linux-x64/cache" "--userconfig" "/home/dave/.config/zed/node/node-v18.15.0-linux-x64/blank_user_npmrc" "--globalconfig" "/home/dave/.config/zed/node/node-v18.15.0-linux-x64/blank_global_npmrc" "prettier" "--json" "--fetch-retry-mintimeout" "2000" "--fetch-retry-maxtimeout" "5000" "--fetch-timeout" "5000"
22 timing npm:load:setTitle Completed in 1ms
23 timing config:load:flatten Completed in 1ms
24 timing npm:load:display Completed in 2ms
25 verbose logfile logs-max:10 dir:/home/dave/.config/zed/node/node-v18.15.0-linux-x64/cache/_logs/2024-04-15T15_23_23_126Z-
26 verbose logfile /home/dave/.config/zed/node/node-v18.15.0-linux-x64/cache/_logs/2024-04-15T15_23_23_126Z-debug-0.log
27 timing npm:load:logFile Completed in 2ms
28 timing npm:load:timers Completed in 0ms
29 timing npm:load:configScope Completed in 0ms
30 timing npm:load Completed in 12ms
31 silly logfile done cleaning log files
32 http fetch GET 200 https://registry.npmjs.org/prettier 223ms (cache miss)
33 silly view {
33 silly view   '3.2.5': {
33 silly view     _id: 'prettier@3.2.5',
33 silly view     _rev: '259-8fdb3c08650daf5a425131622c38edd0',
33 silly view     name: 'prettier',
33 silly view     description: 'Prettier is an opinionated code formatter',
33 silly view     'dist-tags': { latest: '3.2.5', next: '4.0.0-alpha.8' },
33 silly view     versions: [
33 silly view       '0.0.1',  '0.0.2',  '0.0.3',       '0.0.4',  '0.0.5',
33 silly view       '0.0.6',  '0.0.7',  '0.0.8',       '0.0.9',  '0.0.10',
33 silly view       '0.11.0', '0.13.1', '0.14.0',      '0.14.1', '0.15.0',
33 silly view       '0.16.0', '0.17.0', '0.17.1',      '0.18.0', '0.19.0',
33 silly view       '0.20.0', '0.21.0', '0.22.0',      '1.0.0',  '1.0.1',
33 silly view       '1.0.2',  '1.1.0',  '1.2.0',       '1.2.1',  '1.2.2',
33 silly view       '1.3.0',  '1.3.1',  '1.4.0-beta',  '1.4.0',  '1.4.1',
33 silly view       '1.4.2',  '1.4.3',  '1.4.4',       '1.5.0',  '1.5.1',
33 silly view       '1.5.2',  '1.5.3',  '1.6.0-beta2', '1.6.0',  '1.6.1',
33 silly view       '1.7.0',  '1.7.1',  '1.7.2',       '1.7.3',  '1.7.4',
33 silly view       '1.8.0',  '1.8.1',  '1.8.2',       '1.9.0',  '1.9.1',
33 silly view       '1.9.2',  '1.10.0', '1.10.1',      '1.10.2', '1.11.0-rc.1',
33 silly view       '1.11.0', '1.11.1', '1.12.0',      '1.12.1', '1.13.0',
33 silly view       '1.13.1', '1.13.2', '1.13.3',      '1.13.4', '1.13.5',
33 silly view       '1.13.6', '1.13.7', '1.14.0',      '1.14.1', '1.14.2',
33 silly view       '1.14.3', '1.15.0', '1.15.1',      '1.15.2', '1.15.3',
33 silly view       '1.16.0', '1.16.1', '1.16.2',      '1.16.3', '1.16.4',
33 silly view       '1.17.0', '1.17.1', '1.18.0',      '1.18.1', '1.18.2',
33 silly view       '1.19.0', '1.19.1', '2.0.0',       '2.0.1',  '2.0.2',
33 silly view       '2.0.3',  '2.0.4',  '2.0.5',       '2.1.0',  '2.1.1',
33 silly view       ... 58 more items
33 silly view     ],
33 silly view     maintainers: [
33 silly view       [Object], [Object],
33 silly view       [Object], [Object],
33 silly view       [Object], [Object],
33 silly view       [Object], [Object],
33 silly view       [Object], [Object],
33 silly view       [Object]
33 silly view     ],
33 silly view     time: {
33 silly view       modified: '2024-04-10T04:25:54.356Z',
33 silly view       created: '2017-01-10T03:45:38.963Z',
33 silly view       '0.0.1': '2017-01-10T03:45:38.963Z',
33 silly view       '0.0.2': '2017-01-10T04:31:28.120Z',
33 silly view       '0.0.3': '2017-01-10T17:18:52.417Z',
33 silly view       '0.0.4': '2017-01-11T04:52:50.871Z',
33 silly view       '0.0.5': '2017-01-11T16:55:07.338Z',
33 silly view       '0.0.6': '2017-01-13T20:14:11.275Z',
33 silly view       '0.0.7': '2017-01-14T04:28:11.881Z',
33 silly view       '0.0.8': '2017-01-17T15:37:23.040Z',
33 silly view       '0.0.9': '2017-01-18T22:24:20.461Z',
33 silly view       '0.0.10': '2017-01-20T18:00:18.974Z',
33 silly view       '0.11.0': '2017-01-23T17:40:10.811Z',
33 silly view       '0.13.1': '2017-01-28T16:22:17.609Z',
33 silly view       '0.14.0': '2017-01-30T17:41:40.891Z',
33 silly view       '0.14.1': '2017-01-30T17:56:16.036Z',
33 silly view       '0.15.0': '2017-02-02T23:28:33.641Z',
33 silly view       '0.16.0': '2017-02-06T02:28:45.881Z',
33 silly view       '0.17.0': '2017-02-14T03:11:18.068Z',
33 silly view       '0.17.1': '2017-02-14T21:46:56.940Z',
33 silly view       '0.18.0': '2017-02-16T17:28:36.712Z',
33 silly view       '0.19.0': '2017-02-23T17:53:21.835Z',
33 silly view       '0.20.0': '2017-02-28T18:49:42.620Z',
33 silly view       '0.21.0': '2017-03-03T22:03:48.722Z',
33 silly view       '0.22.0': '2017-03-09T17:16:00.047Z',
33 silly view       '1.0.0': '2017-04-13T16:31:12.234Z',
33 silly view       '1.0.1': '2017-04-13T17:04:30.369Z',
33 silly view       '1.0.2': '2017-04-13T17:19:08.500Z',
33 silly view       '1.1.0': '2017-04-14T01:41:32.182Z',
33 silly view       '1.2.0': '2017-04-19T18:02:13.377Z',
33 silly view       '1.2.1': '2017-04-19T19:00:43.290Z',
33 silly view       '1.2.2': '2017-04-19T20:19:43.614Z',
33 silly view       '1.3.0': '2017-05-02T22:31:53.986Z',
33 silly view       '1.3.1': '2017-05-03T21:39:46.048Z',
33 silly view       '1.4.0-beta': '2017-06-02T03:31:21.378Z',
33 silly view       '1.4.0': '2017-06-02T15:55:50.613Z',
33 silly view       '1.4.1': '2017-06-02T23:26:58.416Z',
33 silly view       '1.4.2': '2017-06-03T15:54:58.491Z',
33 silly view       '1.4.3': '2017-06-07T22:49:15.333Z',
33 silly view       '1.4.4': '2017-06-07T23:38:54.489Z',
33 silly view       '1.5.0': '2017-06-27T17:11:51.855Z',
33 silly view       '1.5.1': '2017-06-27T20:42:58.348Z',
33 silly view       '1.5.2': '2017-06-28T03:34:08.836Z',
33 silly view       '1.5.3': '2017-07-15T09:53:32.355Z',
33 silly view       '1.6.0-beta': '2017-08-26T03:16:39.061Z',
33 silly view       '1.6.0-beta2': '2017-08-26T03:20:27.043Z',
33 silly view       '1.6.0': '2017-08-28T16:05:27.943Z',
33 silly view       '1.6.1': '2017-08-29T16:00:06.358Z',
33 silly view       '1.7.0': '2017-09-14T17:22:53.046Z',
33 silly view       '1.7.1': '2017-09-27T17:01:17.726Z',
33 silly view       '1.7.2': '2017-09-27T23:21:14.450Z',
33 silly view       '1.7.3': '2017-09-30T10:53:51.384Z',
33 silly view       '1.7.4': '2017-10-03T08:48:32.068Z',
33 silly view       '1.8.0': '2017-11-07T03:58:58.274Z',
33 silly view       '1.8.1': '2017-11-07T12:38:42.037Z',
33 silly view       '1.8.2': '2017-11-09T11:26:24.455Z',
33 silly view       '1.9.0': '2017-12-05T08:13:43.852Z',
33 silly view       '1.9.1': '2017-12-05T23:33:10.893Z',
33 silly view       '1.9.2': '2017-12-12T03:16:43.113Z',
33 silly view       '1.10.0': '2018-01-10T12:07:19.820Z',
33 silly view       '1.10.1': '2018-01-10T12:26:45.817Z',
33 silly view       '1.10.2': '2018-01-11T01:59:08.832Z',
33 silly view       '1.11.0-rc.1': '2018-02-24T00:01:49.203Z',
33 silly view       '1.11.0': '2018-02-27T01:26:44.031Z',
33 silly view       '1.11.1': '2018-02-28T22:22:11.608Z',
33 silly view       '1.12.0': '2018-04-12T04:28:53.151Z',
33 silly view       '1.12.1': '2018-04-17T02:43:23.980Z',
33 silly view       '1.13.0': '2018-05-27T18:16:53.809Z',
33 silly view       '1.13.1': '2018-05-29T06:14:14.186Z',
33 silly view       '1.13.2': '2018-05-29T06:23:40.883Z',
33 silly view       '1.13.3': '2018-05-30T18:02:16.681Z',
33 silly view       '1.13.4': '2018-06-01T11:58:43.455Z',
33 silly view       '1.13.5': '2018-06-08T18:01:12.233Z',
33 silly view       '1.13.6': '2018-06-25T13:47:20.463Z',
33 silly view       '1.13.7': '2018-06-28T19:20:27.119Z',
33 silly view       '1.14.0': '2018-07-29T07:35:11.081Z',
33 silly view       '1.14.1': '2018-08-08T16:36:58.793Z',
33 silly view       '1.14.2': '2018-08-09T03:05:06.044Z',
33 silly view       '1.14.3': '2018-09-19T12:58:30.850Z',
33 silly view       '1.15.0': '2018-11-07T01:08:26.280Z',
33 silly view       '1.15.1': '2018-11-07T02:20:10.966Z',
33 silly view       '1.15.2': '2018-11-10T17:09:18.389Z',
33 silly view       '1.15.3': '2018-11-30T02:29:38.667Z',
33 silly view       '1.16.0': '2019-01-20T08:00:09.550Z',
33 silly view       '1.16.1': '2019-01-22T13:53:30.142Z',
33 silly view       '1.16.2': '2019-01-30T08:24:08.243Z',
33 silly view       '1.16.3': '2019-01-31T04:18:41.228Z',
33 silly view       '1.16.4': '2019-02-03T12:31:24.634Z',
33 silly view       '1.17.0': '2019-04-12T20:36:46.104Z',
33 silly view       '1.17.1': '2019-05-13T13:48:46.304Z',
33 silly view       '1.18.0': '2019-06-06T21:46:30.478Z',
33 silly view       '1.18.1': '2019-06-07T12:57:49.819Z',
33 silly view       '1.18.2': '2019-06-07T14:55:43.212Z',
33 silly view       '1.19.0': '2019-11-09T00:10:07.313Z',
33 silly view       '1.19.1': '2019-11-09T12:21:15.351Z',
33 silly view       '2.0.0': '2020-03-21T19:59:43.613Z',
33 silly view       '2.0.1': '2020-03-21T23:06:25.403Z',
33 silly view       '2.0.2': '2020-03-23T22:33:06.579Z',
33 silly view       '2.0.3': '2020-04-05T20:48:40.788Z',
33 silly view       '2.0.4': '2020-04-06T11:55:28.171Z',
33 silly view       '2.0.5': '2020-04-21T17:05:57.825Z',
33 silly view       '2.1.0': '2020-08-24T11:26:00.624Z',
33 silly view       '2.1.1': '2020-08-26T04:23:01.635Z',
33 silly view       '2.1.2': '2020-09-16T00:47:12.852Z',
33 silly view       '2.2.0': '2020-11-20T04:45:26.153Z',
33 silly view       '2.2.1': '2020-11-28T00:21:41.735Z',
33 silly view       '2.3.0': '2021-05-09T21:01:40.825Z',
33 silly view       '2.3.1': '2021-06-05T10:22:39.339Z',
33 silly view       '2.3.2': '2021-06-26T08:28:43.949Z',
33 silly view       '2.4.0': '2021-09-09T09:20:15.240Z',
33 silly view       '2.4.1': '2021-09-16T06:06:41.651Z',
33 silly view       '2.5.0': '2021-11-25T13:57:42.748Z',
33 silly view       '2.5.1': '2021-12-04T14:31:29.278Z',
33 silly view       '2.6.0': '2022-03-16T04:21:19.654Z',
33 silly view       '2.6.1': '2022-03-25T04:59:18.048Z',
33 silly view       '2.6.2': '2022-04-02T16:31:42.353Z',
33 silly view       '2.7.0': '2022-06-14T06:20:34.587Z',
33 silly view       '2.7.1': '2022-06-16T05:43:52.397Z',
33 silly view       '3.0.0-alpha.0': '2022-08-17T09:12:49.537Z',
33 silly view       '3.0.0-alpha.1': '2022-10-08T08:54:58.929Z',
33 silly view       '3.0.0-alpha.2': '2022-10-13T09:12:25.759Z',
33 silly view       '3.0.0-alpha.3': '2022-10-20T01:59:24.589Z',
33 silly view       '3.0.0-alpha.4': '2022-10-26T03:05:17.724Z',
33 silly view       '2.8.0': '2022-11-23T04:51:22.503Z',
33 silly view       '2.8.1': '2022-12-07T17:26:38.191Z',
33 silly view       '2.8.2': '2023-01-07T11:19:41.659Z',
33 silly view       '2.8.3': '2023-01-14T03:38:48.087Z',
33 silly view       '2.8.4': '2023-02-08T03:08:44.072Z',
33 silly view       '3.0.0-alpha.5': '2023-03-01T10:00:47.035Z',
33 silly view       '3.0.0-alpha.6': '2023-03-02T09:19:46.624Z',
33 silly view       '2.8.5': '2023-03-20T06:05:39.932Z',
33 silly view       '2.8.6': '2023-03-21T08:17:39.465Z',
33 silly view       '2.8.7': '2023-03-24T08:15:19.994Z',
33 silly view       '3.0.0-alpha.7-for-vscode': '2023-04-23T06:54:00.153Z',
33 silly view       '2.8.8': '2023-04-23T07:26:12.772Z',
33 silly view       '3.0.0-alpha.8-for-vscode': '2023-04-23T08:07:28.795Z',
33 silly view       '3.0.0-alpha.9-for-vscode': '2023-04-23T08:50:26.138Z',
33 silly view       '3.0.0-alpha.10': '2023-04-23T10:51:27.118Z',
33 silly view       '3.0.0-alpha.11': '2023-04-25T02:47:52.655Z',
33 silly view       '3.0.0-alpha.12': '2023-05-26T14:12:45.252Z',
33 silly view       '3.0.0': '2023-07-05T12:44:13.820Z',
33 silly view       '3.0.1': '2023-08-03T06:10:21.592Z',
33 silly view       '3.0.2': '2023-08-15T15:44:19.367Z',
33 silly view       '3.0.3': '2023-08-29T12:30:11.880Z',
33 silly view       '3.1.0': '2023-11-13T02:57:22.609Z',
33 silly view       '4.0.0-alpha.0': '2023-11-30T05:45:34.115Z',
33 silly view       '4.0.0-alpha.1': '2023-11-30T06:42:36.440Z',
33 silly view       '4.0.0-alpha.2': '2023-11-30T16:49:10.348Z',
33 silly view       '4.0.0-alpha.3': '2023-12-01T05:34:45.202Z',
33 silly view       '4.0.0-alpha.4': '2023-12-10T08:09:33.912Z',
33 silly view       '3.1.1': '2023-12-10T08:36:17.920Z',
33 silly view       '4.0.0-alpha.5': '2023-12-14T05:53:18.886Z',
33 silly view       '4.0.0-alpha.6': '2023-12-16T03:16:14.815Z',
33 silly view       '4.0.0-alpha.7': '2023-12-17T18:47:04.955Z',
33 silly view       '4.0.0-alpha.8': '2023-12-20T18:12:56.119Z',
33 silly view       '3.2.0': '2024-01-12T16:16:16.167Z',
33 silly view       '3.2.1': '2024-01-12T19:16:36.881Z',
33 silly view       '3.2.2': '2024-01-14T03:07:57.876Z',
33 silly view       '3.2.3': '2024-01-17T03:30:11.340Z',
33 silly view       '3.2.4': '2024-01-17T10:15:25.179Z',
33 silly view       '3.2.5': '2024-02-04T05:38:11.623Z'
33 silly view     },
33 silly view     readmeFilename: 'README.md',
33 silly view     users: {
33 silly view       davidazullo: true,
33 silly view       shuoshubao: true,
33 silly view       juandaco: true,
33 silly view       icodejs: true,
33 silly view       ferrari: true,
33 silly view       okraciunas: true,
33 silly view       enna: true,
33 silly view       aidenzou: true,
33 silly view       evanshortiss: true,
33 silly view       kael: true,
33 silly view       jamescostian: true,
33 silly view       panlw: true,
33 silly view       goliatone: true,
33 silly view       mhaidarh: true,
33 silly view       l3au: true,
33 silly view       hoanganh25991: true,
33 silly view       nisimjoseph: true,
33 silly view       heartnett: true,
33 silly view       kodekracker: true,
33 silly view       phixed: true,
33 silly view       azz: true,
33 silly view       phixid: true,
33 silly view       davidnyhuis: true,
33 silly view       whathejoe: true,
33 silly view       rickyrattlesnake: true,
33 silly view       godber: true,
33 silly view       jeffbyrnes: true,
33 silly view       yongfei_iflix: true,
33 silly view       duncanawerbuck: true,
33 silly view       fakefarm: true,
33 silly view       tztz: true,
33 silly view       darrentorpey: true,
33 silly view       ziflex: true,
33 silly view       danarthurgallagher: true,
33 silly view       stormcrows: true,
33 silly view       s4j: true,
33 silly view       kvangrae: true,
33 silly view       seangenabe: true,
33 silly view       rahulraghavankklm: true,
33 silly view       jeppesigaard: true,
33 silly view       tido: true,
33 silly view       larrychen: true,
33 silly view       jeffhawkins: true,
33 silly view       f3ist: true,
33 silly view       hugovila: true,
33 silly view       cfleschhut: true,
33 silly view       raycharles: true,
33 silly view       'ivan.marquez': true,
33 silly view       sethbergman: true,
33 silly view       andrewbaisden: true,
33 silly view       emj365: true,
33 silly view       arpit_g: true,
33 silly view       dwqs: true,
33 silly view       tedyhy: true,
33 silly view       pixel67: true,
33 silly view       r37r0m0d3l: true,
33 silly view       aaronwells: true,
33 silly view       yanghcc: true,
33 silly view       tcrowe: true,
33 silly view       shisama: true,
33 silly view       kalzad: true,
33 silly view       'tg-z': true,
33 silly view       bcowgi11: true,
33 silly view       deerflow: true,
33 silly view       anddoutoi: true,
33 silly view       'flumpus-dev': true,
33 silly view       'timur.shemsedinov': true,
33 silly view       kalil: true,
33 silly view       aland_146: true,
33 silly view       bloodydaley: true
33 silly view     },
33 silly view     homepage: 'https://prettier.io',
33 silly view     repository: {
33 silly view       type: 'git',
33 silly view       url: 'git+https://github.com/prettier/prettier.git'
33 silly view     },
33 silly view     author: { name: 'James Long' },
33 silly view     bugs: { url: 'https://github.com/prettier/prettier/issues' },
33 silly view     license: 'MIT',
33 silly view     _contentLength: 0,
33 silly view     version: '3.2.5',
33 silly view     bin: { prettier: 'bin/prettier.cjs' },
33 silly view     funding: 'https://github.com/prettier/prettier?sponsor=1',
33 silly view     main: './index.cjs',
33 silly view     browser: './standalone.js',
33 silly view     unpkg: './standalone.js',
33 silly view     exports: {
33 silly view       '.': [Object],
33 silly view       './*': './*',
33 silly view       './doc': [Object],
33 silly view       './standalone': [Object],
33 silly view       './plugins/estree': [Object],
33 silly view       './plugins/babel': [Object],
33 silly view       './plugins/flow': [Object],
33 silly view       './plugins/typescript': [Object],
33 silly view       './plugins/acorn': [Object],
33 silly view       './plugins/meriyah': [Object],
33 silly view       './plugins/angular': [Object],
33 silly view       './plugins/postcss': [Object],
33 silly view       './plugins/graphql': [Object],
33 silly view       './plugins/markdown': [Object],
33 silly view       './plugins/glimmer': [Object],
33 silly view       './plugins/html': [Object],
33 silly view       './plugins/yaml': [Object],
33 silly view       './esm/standalone.mjs': './standalone.mjs',
33 silly view       './parser-babel': './plugins/babel.js',
33 silly view       './parser-babel.js': './plugins/babel.js',
33 silly view       './esm/parser-babel.mjs': './plugins/babel.mjs',
33 silly view       './parser-flow': './plugins/flow.js',
33 silly view       './parser-flow.js': './plugins/flow.js',
33 silly view       './esm/parser-flow.mjs': './plugins/flow.mjs',
33 silly view       './parser-typescript': './plugins/typescript.js',
33 silly view       './parser-typescript.js': './plugins/typescript.js',
33 silly view       './esm/parser-typescript.mjs': './plugins/typescript.mjs',
33 silly view       './parser-espree': './plugins/acorn.js',
33 silly view       './parser-espree.js': './plugins/acorn.js',
33 silly view       './esm/parser-espree.mjs': './plugins/acorn.mjs',
33 silly view       './parser-meriyah': './plugins/meriyah.js',
33 silly view       './parser-meriyah.js': './plugins/meriyah.js',
33 silly view       './esm/parser-meriyah.mjs': './plugins/meriyah.mjs',
33 silly view       './parser-angular': './plugins/angular.js',
33 silly view       './parser-angular.js': './plugins/angular.js',
33 silly view       './esm/parser-angular.mjs': './plugins/angular.mjs',
33 silly view       './parser-postcss': './plugins/postcss.js',
33 silly view       './parser-postcss.js': './plugins/postcss.js',
33 silly view       './esm/parser-postcss.mjs': './plugins/postcss.mjs',
33 silly view       './parser-graphql': './plugins/graphql.js',
33 silly view       './parser-graphql.js': './plugins/graphql.js',
33 silly view       './esm/parser-graphql.mjs': './plugins/graphql.mjs',
33 silly view       './parser-markdown': './plugins/markdown.js',
33 silly view       './parser-markdown.js': './plugins/markdown.js',
33 silly view       './esm/parser-markdown.mjs': './plugins/markdown.mjs',
33 silly view       './parser-glimmer': './plugins/glimmer.js',
33 silly view       './parser-glimmer.js': './plugins/glimmer.js',
33 silly view       './esm/parser-glimmer.mjs': './plugins/glimmer.mjs',
33 silly view       './parser-html': './plugins/html.js',
33 silly view       './parser-html.js': './plugins/html.js',
33 silly view       './esm/parser-html.mjs': './plugins/html.mjs',
33 silly view       './parser-yaml': './plugins/yaml.js',
33 silly view       './parser-yaml.js': './plugins/yaml.js',
33 silly view       './esm/parser-yaml.mjs': './plugins/yaml.mjs'
33 silly view     },
33 silly view     engines: { node: '>=14' },
33 silly view     preferUnplugged: true,
33 silly view     gitHead: '7988d2f090c84fd3b9eed9127b25f0e980611edd',
33 silly view     types: './index.d.ts',
33 silly view     _nodeVersion: '18.19.0',
33 silly view     _npmVersion: '10.2.3',
33 silly view     dist: {
33 silly view       integrity: 'sha512-3/GWa9aOC0YeD7LUfvOG2NiDyhOWRvt1k+rcKhOuYnMY24iiCphgneUfJDyFXd6rZCAnuLBv6UeAULtrhT/F4A==',
33 silly view       shasum: 'e52bc3090586e824964a8813b09aba6233b28368',
33 silly view       tarball: 'https://registry.npmjs.org/prettier/-/prettier-3.2.5.tgz',
33 silly view       fileCount: 53,
33 silly view       unpackedSize: 8387958,
33 silly view       signatures: [Array]
33 silly view     },
33 silly view     _npmUser: { name: 'prettier-bot', email: 'prettier-bot@d0d0.com' },
33 silly view     directories: {},
33 silly view     _npmOperationalInternal: {
33 silly view       host: 's3://npm-registry-packages',
33 silly view       tmp: 'tmp/prettier_3.2.5_1707025091445_0.714194830784592'
33 silly view     },
33 silly view     _hasShrinkwrap: false
33 silly view   }
33 silly view }
34 timing command:info Completed in 238ms
35 verbose exit 0
36 timing npm Completed in 257ms
37 info ok
