2024-05-14 12:05:20.476 [info] 
set('n',
2024-05-14 12:05:20.476 [info] 
"set('n'," [New]
2024-05-14 12:05:20.476 [info] 
"'<C-u>'," [New]
2024-05-14 12:05:20.477 [info] 
"'<C-u>zz')" [New]
2024-05-14 12:05:20.478 [info] 
Cannot open file "'<C-u>zz')"
Error detected while processing VimEnter Autocommands for "*":
E5555: API call: VimEnter Autocommands for "*"..script nvim_exec2() called at VimEnter Autocommands for "*":0: Vim(vimgrep):E480: No match: keymap
2024-05-14 15:03:49.278 [info] 
set('n',
2024-05-14 15:03:49.280 [info] 
"set('n'," [New]
2024-05-14 15:03:49.282 [info] 
"'<C-u>'," [New]
2024-05-14 15:03:49.284 [info] 
"'<C-u>zz')" [New]
2024-05-14 15:03:49.285 [info] 
Cannot open file "'<C-u>zz')"
Error detected while processing VimEnter Autocommands for "*":
E5555: API call: VimEnter Autocommands for "*"..script nvim_exec2() called at VimEnter Autocommands for "*":0: Vim(vimgrep):E480: No match: keymap
2024-05-14 15:10:52.849 [info] 
12 fewer lines; before #5  2 seconds ago
2024-05-14 15:10:54.793 [info] 
1 change; before #6  2 seconds ago
2024-05-14 15:11:26.829 [info] 
12 fewer lines; before #11  2 seconds ago
2024-05-14 15:16:41.657 [info] 
15 fewer lines
2024-05-14 15:16:41.657 [info] 
15 fewer lines
2024-05-14 15:32:14.475 [info] 
/the             
2024-05-14 15:32:14.493 [info] 
/the        [1/7]
2024-05-14 15:32:15.492 [info] 
/the             
2024-05-14 15:32:15.504 [info] 
/the        [2/7]
2024-05-14 15:32:15.640 [info] 
/the             
2024-05-14 15:32:15.648 [info] 
/the        [3/7]
2024-05-14 15:32:15.812 [info] 
/the             
2024-05-14 15:32:15.826 [info] 
/the        [4/7]
2024-05-14 15:32:17.347 [info] 
/the             
2024-05-14 15:32:17.355 [info] 
/the        [5/7]
2024-05-14 15:32:18.422 [info] 
/the             
2024-05-14 15:32:18.429 [info] 
/the        [6/7]
2024-05-15 12:53:05.900 [info] 
[lspconfig] Cannot access configuration for jinja_lsp. Ensure this server is listed in `server_configurations.md` or added as a custom server.
2024-05-15 12:53:05.906 [info] 
E79: Cannot expand wildcards
2024-05-15 12:53:05.907 [info] 
set('n',
2024-05-15 12:53:05.907 [info] 
"set('n'," [New]
2024-05-15 12:53:05.908 [info] 
"'<C-u>'," [New]
2024-05-15 12:53:05.908 [info] 
"'<C-u>zz')" [New]
2024-05-15 12:53:05.909 [info] 
Cannot open file "'<C-u>zz')"
Error detected while processing VimEnter Autocommands for "*":
E5555: API call: VimEnter Autocommands for "*"..script nvim_exec2() called at VimEnter Autocommands for "*":0: Vim(vimgrep):E480: No match: keymap
2024-05-15 12:53:05.943 [info] 
[mason-lspconfig.nvim] Server "anakin_language_server" is not a valid entry in ensure_installed. Make sure to only provide lspconfig server names.
