2024-05-16 10:17:04.685 [info] Reading sessions from keychain...
2024-05-16 10:17:04.685 [info] Getting sessions for all scopes...
2024-05-16 10:17:04.685 [info] Got stored sessions!
2024-05-16 10:17:04.685 [info] Got 2 verified sessions.
2024-05-16 10:17:04.685 [info] Got 2 sessions for ...
2024-05-16 10:17:04.761 [info] Getting sessions for read:user,repo,user:email,workflow...
2024-05-16 10:17:04.761 [info] Got 1 sessions for read:user,repo,user:email,workflow...
2024-05-16 10:17:04.761 [info] Getting sessions for read:user,repo,user:email,workflow...
2024-05-16 10:17:04.761 [info] Got 1 sessions for read:user,repo,user:email,workflow...
2024-05-16 10:17:05.146 [info] Getting sessions for project,read:org,read:user,repo,user:email,workflow...
2024-05-16 10:17:05.146 [info] Got 0 sessions for project,read:org,read:user,repo,user:email,workflow...
2024-05-16 10:17:05.150 [info] Getting sessions for read:user,repo,user:email...
2024-05-16 10:17:05.150 [info] Got 0 sessions for read:user,repo,user:email...
2024-05-16 10:17:05.150 [info] Getting sessions for all scopes...
2024-05-16 10:17:05.150 [info] Got 2 sessions for ...
2024-05-16 10:17:05.162 [info] Getting sessions for user:email...
2024-05-16 10:17:05.162 [info] Got 1 sessions for user:email...
2024-05-16 10:17:05.178 [info] Getting sessions for read:user,repo,user:email,workflow...
2024-05-16 10:17:05.178 [info] Got 1 sessions for read:user,repo,user:email,workflow...
2024-05-16 10:17:05.560 [info] Getting sessions for read:user,repo,user:email,workflow...
2024-05-16 10:17:05.560 [info] Got 1 sessions for read:user,repo,user:email,workflow...
2024-05-16 10:17:05.574 [info] Getting sessions for all scopes...
2024-05-16 10:17:05.574 [info] Got 2 sessions for ...
2024-05-16 10:42:05.484 [info] Getting sessions for read:user,repo,user:email,workflow...
2024-05-16 10:42:05.484 [info] Got 1 sessions for read:user,repo,user:email,workflow...
2024-05-16 10:42:05.546 [info] Getting sessions for read:user,repo,user:email,workflow...
2024-05-16 10:42:05.546 [info] Got 1 sessions for read:user,repo,user:email,workflow...
2024-05-16 10:42:05.893 [info] Getting sessions for read:user,repo,user:email,workflow...
2024-05-16 10:42:05.894 [info] Got 1 sessions for read:user,repo,user:email,workflow...
2024-05-16 11:07:05.895 [info] Getting sessions for read:user,repo,user:email,workflow...
2024-05-16 11:07:05.895 [info] Got 1 sessions for read:user,repo,user:email,workflow...
2024-05-16 11:07:05.949 [info] Getting sessions for read:user,repo,user:email,workflow...
2024-05-16 11:07:05.949 [info] Got 1 sessions for read:user,repo,user:email,workflow...
2024-05-16 11:07:06.377 [info] Getting sessions for read:user,repo,user:email,workflow...
2024-05-16 11:07:06.377 [info] Got 1 sessions for read:user,repo,user:email,workflow...
2024-05-16 11:32:06.378 [info] Getting sessions for read:user,repo,user:email,workflow...
2024-05-16 11:32:06.378 [info] Got 1 sessions for read:user,repo,user:email,workflow...
2024-05-16 11:32:06.378 [info] Getting sessions for read:user,repo,user:email,workflow...
2024-05-16 11:32:06.378 [info] Got 1 sessions for read:user,repo,user:email,workflow...
2024-05-16 11:32:06.768 [info] Getting sessions for read:user,repo,user:email,workflow...
2024-05-16 11:32:06.768 [info] Got 1 sessions for read:user,repo,user:email,workflow...
2024-05-16 11:57:06.772 [info] Getting sessions for read:user,repo,user:email,workflow...
2024-05-16 11:57:06.772 [info] Got 1 sessions for read:user,repo,user:email,workflow...
2024-05-16 11:57:06.803 [info] Getting sessions for read:user,repo,user:email,workflow...
2024-05-16 11:57:06.803 [info] Got 1 sessions for read:user,repo,user:email,workflow...
2024-05-16 11:57:07.161 [info] Getting sessions for read:user,repo,user:email,workflow...
2024-05-16 11:57:07.161 [info] Got 1 sessions for read:user,repo,user:email,workflow...
2024-05-16 12:22:07.161 [info] Getting sessions for read:user,repo,user:email,workflow...
2024-05-16 12:22:07.161 [info] Got 1 sessions for read:user,repo,user:email,workflow...
2024-05-16 12:22:07.211 [info] Getting sessions for read:user,repo,user:email,workflow...
2024-05-16 12:22:07.211 [info] Got 1 sessions for read:user,repo,user:email,workflow...
2024-05-16 12:22:07.554 [info] Getting sessions for read:user,repo,user:email,workflow...
2024-05-16 12:22:07.554 [info] Got 1 sessions for read:user,repo,user:email,workflow...
2024-05-16 12:47:07.553 [info] Getting sessions for read:user,repo,user:email,workflow...
2024-05-16 12:47:07.554 [info] Got 1 sessions for read:user,repo,user:email,workflow...
2024-05-16 12:47:07.661 [info] Getting sessions for read:user,repo,user:email,workflow...
2024-05-16 12:47:07.661 [info] Got 1 sessions for read:user,repo,user:email,workflow...
2024-05-16 12:47:07.956 [info] Getting sessions for read:user,repo,user:email,workflow...
2024-05-16 12:47:07.956 [info] Got 1 sessions for read:user,repo,user:email,workflow...
2024-05-16 13:12:07.937 [info] Getting sessions for read:user,repo,user:email,workflow...
2024-05-16 13:12:07.937 [info] Got 1 sessions for read:user,repo,user:email,workflow...
2024-05-16 13:12:07.985 [info] Getting sessions for read:user,repo,user:email,workflow...
2024-05-16 13:12:07.985 [info] Got 1 sessions for read:user,repo,user:email,workflow...
2024-05-16 13:12:08.337 [info] Getting sessions for read:user,repo,user:email,workflow...
2024-05-16 13:12:08.337 [info] Got 1 sessions for read:user,repo,user:email,workflow...
2024-05-16 13:37:08.338 [info] Getting sessions for read:user,repo,user:email,workflow...
2024-05-16 13:37:08.338 [info] Got 1 sessions for read:user,repo,user:email,workflow...
2024-05-16 13:37:08.339 [info] Getting sessions for read:user,repo,user:email,workflow...
2024-05-16 13:37:08.339 [info] Got 1 sessions for read:user,repo,user:email,workflow...
2024-05-16 13:37:08.730 [info] Getting sessions for read:user,repo,user:email,workflow...
2024-05-16 13:37:08.730 [info] Got 1 sessions for read:user,repo,user:email,workflow...
2024-05-16 18:45:58.643 [info] Getting sessions for read:user,repo,user:email,workflow...
2024-05-16 18:45:58.643 [info] Got 1 sessions for read:user,repo,user:email,workflow...
2024-05-16 18:45:58.667 [info] Getting sessions for read:user,repo,user:email,workflow...
2024-05-16 18:45:58.667 [info] Got 1 sessions for read:user,repo,user:email,workflow...
2024-05-16 18:45:59.034 [info] Getting sessions for read:user,repo,user:email,workflow...
2024-05-16 18:45:59.034 [info] Got 1 sessions for read:user,repo,user:email,workflow...
2024-05-16 19:10:59.037 [info] Getting sessions for read:user,repo,user:email,workflow...
2024-05-16 19:10:59.037 [info] Got 1 sessions for read:user,repo,user:email,workflow...
2024-05-16 19:10:59.119 [info] Getting sessions for read:user,repo,user:email,workflow...
2024-05-16 19:10:59.119 [info] Got 1 sessions for read:user,repo,user:email,workflow...
2024-05-16 19:10:59.388 [info] Getting sessions for read:user,repo,user:email,workflow...
2024-05-16 19:10:59.388 [info] Got 1 sessions for read:user,repo,user:email,workflow...
2024-05-16 19:35:59.392 [info] Getting sessions for read:user,repo,user:email,workflow...
2024-05-16 19:35:59.392 [info] Got 1 sessions for read:user,repo,user:email,workflow...
2024-05-16 19:35:59.458 [info] Getting sessions for read:user,repo,user:email,workflow...
2024-05-16 19:35:59.458 [info] Got 1 sessions for read:user,repo,user:email,workflow...
2024-05-16 19:35:59.844 [info] Getting sessions for read:user,repo,user:email,workflow...
2024-05-16 19:35:59.844 [info] Got 1 sessions for read:user,repo,user:email,workflow...
2024-05-16 20:00:59.844 [info] Getting sessions for read:user,repo,user:email,workflow...
2024-05-16 20:00:59.844 [info] Got 1 sessions for read:user,repo,user:email,workflow...
2024-05-16 20:00:59.945 [info] Getting sessions for read:user,repo,user:email,workflow...
2024-05-16 20:00:59.945 [info] Got 1 sessions for read:user,repo,user:email,workflow...
2024-05-16 20:01:00.335 [info] Getting sessions for read:user,repo,user:email,workflow...
2024-05-16 20:01:00.335 [info] Got 1 sessions for read:user,repo,user:email,workflow...
