2024-05-15 16:56:36.017 [info] Reading sessions from keychain...
2024-05-15 16:56:36.017 [info] Getting sessions for all scopes...
2024-05-15 16:56:36.017 [info] Getting sessions for user:email...
2024-05-15 16:56:36.191 [info] Getting sessions for read:user,repo,user:email,workflow...
2024-05-15 16:56:36.191 [info] Getting sessions for read:user,repo,user:email,workflow...
2024-05-15 16:56:36.196 [info] Got stored sessions!
2024-05-15 16:56:36.196 [info] Got 2 verified sessions.
2024-05-15 16:56:36.196 [info] Got 2 sessions for ...
2024-05-15 16:56:36.196 [info] Got 1 sessions for user:email...
2024-05-15 16:56:36.196 [info] Got 1 sessions for read:user,repo,user:email,workflow...
2024-05-15 16:56:36.196 [info] Got 1 sessions for read:user,repo,user:email,workflow...
2024-05-15 16:56:36.465 [info] Getting sessions for all scopes...
2024-05-15 16:56:36.465 [info] Got 2 sessions for ...
2024-05-15 16:56:36.465 [info] Getting sessions for project,read:org,read:user,repo,user:email,workflow...
2024-05-15 16:56:36.465 [info] Got 0 sessions for project,read:org,read:user,repo,user:email,workflow...
2024-05-15 16:56:36.529 [info] Getting sessions for read:user,repo,user:email,workflow...
2024-05-15 16:56:36.529 [info] Got 1 sessions for read:user,repo,user:email,workflow...
2024-05-15 16:56:36.728 [info] Getting sessions for read:user,repo,user:email,workflow...
2024-05-15 16:56:36.728 [info] Got 1 sessions for read:user,repo,user:email,workflow...
2024-05-15 16:56:36.737 [info] Getting sessions for all scopes...
2024-05-15 16:56:36.737 [info] Got 2 sessions for ...
2024-05-15 16:57:02.785 [info] Reading sessions from keychain...
2024-05-15 16:57:02.785 [info] Getting sessions for all scopes...
2024-05-15 16:57:02.785 [info] Got stored sessions!
2024-05-15 16:57:02.785 [info] Got 2 verified sessions.
2024-05-15 16:57:02.785 [info] Got 2 sessions for ...
2024-05-15 16:57:02.785 [info] Getting sessions for read:user,repo,user:email,workflow...
2024-05-15 16:57:02.785 [info] Got 1 sessions for read:user,repo,user:email,workflow...
2024-05-15 16:57:02.785 [info] Getting sessions for read:user,repo,user:email,workflow...
2024-05-15 16:57:02.785 [info] Got 1 sessions for read:user,repo,user:email,workflow...
2024-05-15 16:57:02.785 [info] Getting sessions for read:user,repo,user:email...
2024-05-15 16:57:02.785 [info] Got 0 sessions for read:user,repo,user:email...
2024-05-15 16:57:02.787 [info] Getting sessions for all scopes...
2024-05-15 16:57:02.787 [info] Got 2 sessions for ...
2024-05-15 16:57:02.791 [info] Getting sessions for project,read:org,read:user,repo,user:email,workflow...
2024-05-15 16:57:02.791 [info] Got 0 sessions for project,read:org,read:user,repo,user:email,workflow...
2024-05-15 16:57:02.938 [info] Getting sessions for read:user,repo,user:email,workflow...
2024-05-15 16:57:02.938 [info] Got 1 sessions for read:user,repo,user:email,workflow...
2024-05-15 16:57:03.165 [info] Getting sessions for all scopes...
2024-05-15 16:57:03.165 [info] Got 2 sessions for ...
2024-05-15 16:57:03.175 [info] Getting sessions for user:email...
2024-05-15 16:57:03.175 [info] Got 1 sessions for user:email...
2024-05-15 16:57:03.515 [info] Getting sessions for read:user,repo,user:email,workflow...
2024-05-15 16:57:03.515 [info] Got 1 sessions for read:user,repo,user:email,workflow...
2024-05-15 16:57:04.101 [info] Getting sessions for all scopes...
2024-05-15 16:57:04.101 [info] Got 2 sessions for ...
