2024-05-14 12:00:42.516 [info] Using settings sync service https://vscode-sync.trafficmanager.net/
2024-05-14 12:00:42.516 [info] Auto Sync is enabled.
2024-05-14 12:00:42.516 [info] Auto Sync: Suspended until auth token is available.
2024-05-14 12:00:42.930 [info] Deleting non existing profile from backup /home/dave/.config/Code/User/sync/extensions
2024-05-14 12:00:43.248 [info] Deleting non existing profile from backup /home/dave/.config/Code/User/sync/globalState
2024-05-14 12:00:43.545 [info] Deleting non existing profile from backup /home/dave/.config/Code/User/sync/keybindings
2024-05-14 12:00:43.546 [info] Deleting non existing profile from backup /home/dave/.config/Code/User/sync/profiles
2024-05-14 12:00:43.548 [info] Deleting non existing profile from backup /home/dave/.config/Code/User/sync/settings
2024-05-14 12:00:43.549 [info] Deleting non existing profile from backup /home/dave/.config/Code/User/sync/snippets
2024-05-14 12:00:43.551 [info] Deleting non existing profile from backup /home/dave/.config/Code/User/sync/tasks
2024-05-14 12:00:44.742 [info] Auto Sync: Triggered by Interval
2024-05-14 12:00:44.742 [info] Sync started.
2024-05-14 12:00:44.987 [info] Settings: Last sync resource does not exist locally.
2024-05-14 12:00:45.143 [info] Settings: No changes found during synchronizing settings.
2024-05-14 12:00:45.146 [info] Keybindings: Last sync resource does not exist locally.
2024-05-14 12:00:45.434 [info] Keybindings: No changes found during synchronizing keybindings.
2024-05-14 12:00:45.438 [info] Snippets: Last sync resource does not exist locally.
2024-05-14 12:00:45.525 [info] Snippets: No changes found during synchronizing snippets.
2024-05-14 12:00:45.567 [info] Tasks: Last sync resource does not exist locally.
2024-05-14 12:00:45.648 [info] Tasks: No changes found during synchronizing tasks.
2024-05-14 12:00:45.649 [info] GlobalState: Last sync resource does not exist locally.
2024-05-14 12:00:45.763 [info] GlobalState: No changes found during synchronizing ui state.
2024-05-14 12:00:45.766 [info] Extensions: Last sync resource does not exist locally.
2024-05-14 12:00:45.888 [info] Extensions: No changes found during synchronizing extensions.
2024-05-14 12:00:45.889 [info] Profiles: Last sync resource does not exist locally.
2024-05-14 12:00:45.937 [info] Profiles: No changes found during synchronizing profiles.
2024-05-14 12:00:45.939 [info] Sync done. Took 1197ms
2024-05-14 12:01:06.148 [info] Auto Sync: Triggered by Activity
2024-05-14 12:01:06.149 [info] Sync started.
2024-05-14 12:01:06.271 [info] Settings: No changes found during synchronizing settings.
2024-05-14 12:01:06.462 [info] Keybindings: No changes found during synchronizing keybindings.
2024-05-14 12:01:06.466 [info] Snippets: No changes found during synchronizing snippets.
2024-05-14 12:01:06.468 [info] Tasks: No changes found during synchronizing tasks.
2024-05-14 12:01:06.479 [info] GlobalState: No changes found during synchronizing ui state.
2024-05-14 12:01:06.578 [info] Extensions: No changes found during synchronizing extensions.
2024-05-14 12:01:06.580 [info] Profiles: No changes found during synchronizing profiles.
2024-05-14 12:01:06.580 [info] Sync done. Took 434ms
2024-05-14 12:01:52.580 [info] Auto Sync: Triggered by Activity
2024-05-14 12:01:52.580 [info] Sync started.
2024-05-14 12:01:52.674 [info] Settings: No changes found during synchronizing settings.
2024-05-14 12:01:52.677 [info] Keybindings: No changes found during synchronizing keybindings.
2024-05-14 12:01:52.679 [info] Snippets: No changes found during synchronizing snippets.
2024-05-14 12:01:52.680 [info] Tasks: No changes found during synchronizing tasks.
2024-05-14 12:01:52.684 [info] GlobalState: No changes found during synchronizing ui state.
2024-05-14 12:01:52.778 [info] Extensions: No changes found during synchronizing extensions.
2024-05-14 12:01:52.779 [info] Profiles: No changes found during synchronizing profiles.
2024-05-14 12:01:52.780 [info] Sync done. Took 200ms
2024-05-14 12:02:51.319 [info] Auto Sync: Triggered by Activity
2024-05-14 12:02:51.319 [info] Sync started.
2024-05-14 12:02:51.748 [info] Settings: Updated remote settings
2024-05-14 12:02:51.752 [info] Settings: Updated last synchronized settings
2024-05-14 12:02:51.760 [info] Keybindings: No changes found during synchronizing keybindings.
2024-05-14 12:02:51.764 [info] Snippets: No changes found during synchronizing snippets.
2024-05-14 12:02:51.769 [info] Tasks: No changes found during synchronizing tasks.
2024-05-14 12:02:51.775 [info] GlobalState: No changes found during synchronizing ui state.
2024-05-14 12:02:51.858 [info] Extensions: No changes found during synchronizing extensions.
2024-05-14 12:02:51.859 [info] Profiles: No changes found during synchronizing profiles.
2024-05-14 12:02:51.859 [info] Sync done. Took 541ms
