2024-01-06 12:58:52 Loading main app package /usr/lib/obsidian/obsidian.asar
2024-01-06 12:58:52 Checking for update using Github
2024-01-06 12:58:52 Success.
2024-01-06 12:58:52 Latest version is 1.5.3
2024-01-06 12:58:52 App is up to date.
2024-01-06 13:58:52 Checking for update using Github
2024-01-06 13:58:52 Success.
2024-01-06 13:58:52 Latest version is 1.5.3
2024-01-06 13:58:52 App is up to date.
2024-01-06 14:58:52 Checking for update using Github
2024-01-06 14:58:52 Success.
2024-01-06 14:58:52 Latest version is 1.5.3
2024-01-06 14:58:52 App is up to date.
2024-01-06 15:58:52 Checking for update using Github
2024-01-06 15:58:52 Success.
2024-01-06 15:58:52 Latest version is 1.5.3
2024-01-06 15:58:52 App is up to date.
2024-01-06 16:58:52 Checking for update using Github
2024-01-06 16:58:52 Success.
2024-01-06 16:58:52 Latest version is 1.5.3
2024-01-06 16:58:52 App is up to date.
2024-01-06 17:58:52 Checking for update using Github
2024-01-06 17:58:52 Success.
2024-01-06 17:58:52 Latest version is 1.5.3
2024-01-06 17:58:52 App is up to date.
2024-01-08 14:04:48 Loading main app package /usr/lib/obsidian/obsidian.asar
2024-01-08 14:04:49 Checking for update using Github
2024-01-08 14:04:49 Success.
2024-01-08 14:04:49 Latest version is 1.5.3
2024-01-08 14:04:49 App is up to date.
2024-01-09 12:33:18 Loading main app package /usr/lib/obsidian/obsidian.asar
2024-01-09 12:33:18 Checking for update using Github
2024-01-09 12:33:19 Success.
2024-01-09 12:33:19 Latest version is 1.5.3
2024-01-09 12:33:19 App is up to date.
2024-01-09 13:08:02 Loading main app package /usr/lib/obsidian/obsidian.asar
2024-01-09 13:08:02 Checking for update using Github
2024-01-09 13:08:37 Loading main app package /usr/lib/obsidian/obsidian.asar
2024-01-09 13:08:37 Checking for update using Github
2024-01-09 13:33:18 Checking for update using Github
2024-01-09 13:33:18 Success.
2024-01-09 13:33:18 Latest version is 1.5.3
2024-01-09 13:33:18 App is up to date.
2024-01-09 14:33:18 Checking for update using Github
2024-01-09 14:33:18 Success.
2024-01-09 14:33:18 Latest version is 1.5.3
2024-01-09 14:33:18 App is up to date.
2024-01-09 22:23:54 Checking for update using Github
2024-01-09 22:23:54 Success.
2024-01-09 22:23:54 Latest version is 1.5.3
2024-01-09 22:23:54 App is up to date.
2024-01-10 14:22:04 Loading main app package /usr/lib/obsidian/obsidian.asar
2024-01-10 14:22:05 Checking for update using Github
2024-01-10 14:22:05 Success.
2024-01-10 14:22:05 Latest version is 1.5.3
2024-01-10 14:22:05 App is up to date.
2024-01-10 15:22:04 Checking for update using Github
2024-01-10 15:22:04 Success.
2024-01-10 15:22:04 Latest version is 1.5.3
2024-01-10 15:22:04 App is up to date.
2024-01-11 12:24:01 Checking for update using Github
2024-01-11 12:24:01 Success.
2024-01-11 12:24:01 Latest version is 1.5.3
2024-01-11 12:24:01 App is up to date.
2024-01-12 11:57:23 Checking for update using Github
2024-01-12 11:57:23 Success.
2024-01-12 11:57:23 Latest version is 1.5.3
2024-01-12 11:57:23 App is up to date.
2024-01-12 12:57:23 Checking for update using Github
2024-01-12 12:57:23 Success.
2024-01-12 12:57:23 Latest version is 1.5.3
2024-01-12 12:57:23 App is up to date.
2024-01-12 13:57:23 Checking for update using Github
2024-01-12 13:57:23 Success.
2024-01-12 13:57:23 Latest version is 1.5.3
2024-01-12 13:57:23 App is up to date.
2024-01-12 14:57:23 Checking for update using Github
2024-01-12 14:57:23 Success.
2024-01-12 14:57:23 Latest version is 1.5.3
2024-01-12 14:57:23 App is up to date.
2024-01-12 15:57:23 Checking for update using Github
2024-01-12 15:57:23 Success.
2024-01-12 15:57:23 Latest version is 1.5.3
2024-01-12 15:57:23 App is up to date.
2024-01-12 16:57:23 Checking for update using Github
2024-01-12 16:57:23 Success.
2024-01-12 16:57:23 Latest version is 1.5.3
2024-01-12 16:57:23 App is up to date.
2024-01-12 22:36:35 Checking for update using Github
2024-01-12 23:02:35 Loading main app package /usr/lib/obsidian/obsidian.asar
2024-01-12 23:02:35 Checking for update using Github
2024-01-12 23:02:35 Success.
2024-01-12 23:02:35 Latest version is 1.5.3
2024-01-12 23:02:35 App is up to date.
2024-01-13 12:58:17 Loading main app package /usr/lib/obsidian/obsidian.asar
2024-01-13 12:58:18 Checking for update using Github
2024-01-13 12:58:18 Success.
2024-01-13 12:58:18 Latest version is 1.5.3
2024-01-13 12:58:18 App is up to date.
2024-01-13 13:58:17 Checking for update using Github
2024-01-13 13:58:17 Success.
2024-01-13 13:58:17 Latest version is 1.5.3
2024-01-13 13:58:17 App is up to date.
2024-01-13 14:58:17 Checking for update using Github
2024-01-13 14:58:18 Success.
2024-01-13 14:58:18 Latest version is 1.5.3
2024-01-13 14:58:18 App is up to date.
2024-01-13 15:58:17 Checking for update using Github
2024-01-13 15:58:18 Success.
2024-01-13 15:58:18 Latest version is 1.5.3
2024-01-13 15:58:18 App is up to date.
2024-01-14 15:42:53 Loading main app package /usr/lib/obsidian/obsidian.asar
2024-01-14 15:42:53 Checking for update using Github
2024-01-14 15:42:53 Success.
2024-01-14 15:42:53 Latest version is 1.5.3
2024-01-14 15:42:53 App is up to date.
2024-01-14 17:58:57 Checking for update using Github
2024-01-14 17:58:57 Success.
2024-01-14 17:58:57 Latest version is 1.5.3
2024-01-14 17:58:57 App is up to date.
2024-01-15 09:45:21 Loading main app package /usr/lib/obsidian/obsidian.asar
2024-01-15 09:45:21 Checking for update using Github
2024-01-15 09:45:21 Success.
2024-01-15 09:45:21 Latest version is 1.5.3
2024-01-15 09:45:21 App is up to date.
2024-01-15 10:51:48 Loading main app package /usr/lib/obsidian/obsidian.asar
2024-01-15 10:51:48 Checking for update using Github
2024-01-15 10:51:48 Failed to check for update using Github (net::ERR_INTERNET_DISCONNECTED)
2024-01-15 10:51:48 Checking for update using obsidian.md
2024-01-15 10:51:48 Failed to check for update using obsidian.md (net::ERR_INTERNET_DISCONNECTED)
2024-01-16 11:33:56 Loading main app package /usr/lib/obsidian/obsidian.asar
2024-01-16 11:33:57 Checking for update using Github
2024-01-16 11:33:57 Failed to check for update using Github (net::ERR_INTERNET_DISCONNECTED)
2024-01-16 11:33:57 Checking for update using obsidian.md
2024-01-16 11:33:57 Failed to check for update using obsidian.md (net::ERR_INTERNET_DISCONNECTED)
2024-01-16 12:53:39 Checking for update using Github
2024-01-16 12:53:39 Success.
2024-01-16 12:53:39 Latest version is 1.5.3
2024-01-16 12:53:39 App is up to date.
2024-01-16 13:53:39 Checking for update using Github
2024-01-16 13:53:39 Success.
2024-01-16 13:53:39 Latest version is 1.5.3
2024-01-16 13:53:39 App is up to date.
2024-01-17 08:38:36 Loading main app package /usr/lib/obsidian/obsidian.asar
2024-01-17 08:38:36 Checking for update using Github
2024-01-17 08:38:36 Success.
2024-01-17 08:38:36 Latest version is 1.5.3
2024-01-17 08:38:36 App is up to date.
2024-01-17 09:38:36 Checking for update using Github
2024-01-17 09:38:36 Success.
2024-01-17 09:38:36 Latest version is 1.5.3
2024-01-17 09:38:36 App is up to date.
2024-01-17 10:55:48 Checking for update using Github
2024-01-17 10:55:48 Failed to check for update using Github (net::ERR_INTERNET_DISCONNECTED)
2024-01-17 10:55:48 Checking for update using obsidian.md
2024-01-17 10:55:48 Failed to check for update using obsidian.md (net::ERR_INTERNET_DISCONNECTED)
2024-01-22 14:31:13 Loading main app package /usr/lib/obsidian/obsidian.asar
2024-01-22 14:31:13 Checking for update using Github
2024-01-22 14:31:14 Success.
2024-01-22 14:31:14 Latest version is 1.5.3
2024-01-22 14:31:14 App is up to date.
2024-02-01 13:01:01 Loading main app package /usr/lib/obsidian/obsidian.asar
2024-02-01 13:01:01 Checking for update using Github
2024-02-01 13:01:25 Failed to check for update using Github (net::ERR_NAME_NOT_RESOLVED)
2024-02-01 13:01:25 Checking for update using obsidian.md
2024-02-01 13:01:49 Failed to check for update using obsidian.md (net::ERR_NAME_NOT_RESOLVED)
2024-02-04 14:13:40 Loading main app package /usr/lib/obsidian/obsidian.asar
2024-02-04 14:13:41 Checking for update using Github
2024-02-04 14:13:41 Success.
2024-02-04 14:13:41 Latest version is 1.5.3
2024-02-04 14:13:41 App is up to date.
2024-02-04 15:13:40 Checking for update using Github
2024-02-04 15:13:40 Success.
2024-02-04 15:13:40 Latest version is 1.5.3
2024-02-04 15:13:40 App is up to date.
2024-02-04 16:13:40 Checking for update using Github
2024-02-04 16:13:40 Success.
2024-02-04 16:13:40 Latest version is 1.5.3
2024-02-04 16:13:40 App is up to date.
2024-02-04 18:55:42 Loading main app package /usr/lib/obsidian/obsidian.asar
2024-02-04 18:55:42 Checking for update using Github
2024-02-04 18:55:42 Success.
2024-02-04 18:55:42 Latest version is 1.5.3
2024-02-04 18:55:42 App is up to date.
2024-02-05 09:17:24 Checking for update using Github
2024-02-06 09:28:47 Loading main app package /usr/lib/obsidian/obsidian.asar
2024-02-06 09:28:47 Checking for update using Github
2024-02-06 09:28:47 Success.
2024-02-06 09:28:47 Latest version is 1.5.3
2024-02-06 09:28:47 App is up to date.
2024-02-06 10:28:47 Checking for update using Github
2024-02-06 10:28:47 Success.
2024-02-06 10:28:47 Latest version is 1.5.3
2024-02-06 10:28:47 App is up to date.
2024-02-06 11:39:24 Checking for update using Github
2024-02-06 11:39:24 Success.
2024-02-06 11:39:24 Latest version is 1.5.3
2024-02-06 11:39:24 App is up to date.
2024-02-06 13:31:36 Checking for update using Github
2024-02-06 13:32:16 Failed to check for update using Github (net::ERR_NAME_NOT_RESOLVED)
2024-02-06 13:32:16 Checking for update using obsidian.md
2024-02-06 13:32:56 Failed to check for update using obsidian.md (net::ERR_NAME_NOT_RESOLVED)
2024-02-06 14:31:36 Checking for update using Github
2024-02-06 14:31:36 Failed to check for update using Github (net::ERR_INTERNET_DISCONNECTED)
2024-02-06 14:31:36 Checking for update using obsidian.md
2024-02-06 14:31:36 Failed to check for update using obsidian.md (net::ERR_INTERNET_DISCONNECTED)
2024-02-06 15:31:36 Checking for update using Github
2024-02-06 15:31:36 Success.
2024-02-06 15:31:36 Latest version is 1.5.3
2024-02-06 15:31:36 App is up to date.
2024-02-07 09:32:20 Loading main app package /usr/lib/obsidian/obsidian.asar
2024-02-07 09:32:20 Checking for update using Github
2024-02-07 09:32:20 Success.
2024-02-07 09:32:20 Latest version is 1.5.3
2024-02-07 09:32:20 App is up to date.
2024-02-07 10:32:20 Checking for update using Github
2024-02-07 10:32:20 Success.
2024-02-07 10:32:20 Latest version is 1.5.3
2024-02-07 10:32:20 App is up to date.
2024-02-07 10:52:47 Loading main app package /usr/lib/obsidian/obsidian.asar
2024-02-07 10:52:47 Checking for update using Github
2024-02-07 10:52:47 Failed to check for update using Github (net::ERR_INTERNET_DISCONNECTED)
2024-02-07 10:52:47 Checking for update using obsidian.md
2024-02-07 10:52:47 Failed to check for update using obsidian.md (net::ERR_INTERNET_DISCONNECTED)
2024-02-07 11:52:47 Checking for update using Github
2024-02-07 11:52:47 Success.
2024-02-07 11:52:47 Latest version is 1.5.3
2024-02-07 11:52:47 App is up to date.
2024-02-07 13:36:40 Checking for update using Github
2024-02-07 13:36:41 Success.
2024-02-07 13:36:41 Latest version is 1.5.3
2024-02-07 13:36:41 App is up to date.
2024-02-07 14:36:40 Checking for update using Github
2024-02-07 14:36:41 Success.
2024-02-07 14:36:41 Latest version is 1.5.3
2024-02-07 14:36:41 App is up to date.
2024-02-07 15:36:40 Checking for update using Github
2024-02-07 15:36:41 Success.
2024-02-07 15:36:41 Latest version is 1.5.3
2024-02-07 15:36:41 App is up to date.
2024-02-07 16:36:40 Checking for update using Github
2024-02-07 16:36:41 Success.
2024-02-07 16:36:41 Latest version is 1.5.3
2024-02-07 16:36:41 App is up to date.
2024-02-07 17:36:41 Checking for update using Github
2024-02-07 17:36:41 Success.
2024-02-07 17:36:41 Latest version is 1.5.3
2024-02-07 17:36:41 App is up to date.
2024-02-07 18:36:41 Checking for update using Github
2024-02-07 18:36:41 Success.
2024-02-07 18:36:41 Latest version is 1.5.3
2024-02-07 18:36:41 App is up to date.
2024-02-08 08:21:40 Checking for update using Github
2024-02-08 08:21:40 Success.
2024-02-08 08:21:40 Latest version is 1.5.3
2024-02-08 08:21:40 App is up to date.
2024-02-08 09:53:05 Checking for update using Github
2024-02-08 09:53:05 Success.
2024-02-08 09:53:05 Latest version is 1.5.3
2024-02-08 09:53:05 App is up to date.
2024-02-08 11:01:12 Checking for update using Github
2024-02-08 11:01:12 Success.
2024-02-08 11:01:12 Latest version is 1.5.3
2024-02-08 11:01:12 App is up to date.
2024-02-08 12:41:13 Checking for update using Github
2024-02-08 12:41:49 Failed to check for update using Github (net::ERR_NETWORK_CHANGED)
2024-02-08 12:41:49 Checking for update using obsidian.md
2024-02-08 12:41:49 Failed to check for update using obsidian.md (net::ERR_NETWORK_CHANGED)
2024-02-08 13:41:13 Checking for update using Github
2024-02-08 13:41:13 Success.
2024-02-08 13:41:13 Latest version is 1.5.3
2024-02-08 13:41:13 App is up to date.
2024-02-08 14:41:13 Checking for update using Github
2024-02-08 14:41:13 Success.
2024-02-08 14:41:13 Latest version is 1.5.3
2024-02-08 14:41:13 App is up to date.
2024-02-08 15:41:13 Checking for update using Github
2024-02-08 15:41:14 Success.
2024-02-08 15:41:14 Latest version is 1.5.3
2024-02-08 15:41:14 App is up to date.
2024-02-08 16:55:23 Checking for update using Github
2024-02-08 16:55:23 Success.
2024-02-08 16:55:23 Latest version is 1.5.3
2024-02-08 16:55:23 App is up to date.
2024-02-08 17:55:23 Checking for update using Github
2024-02-08 17:55:23 Success.
2024-02-08 17:55:23 Latest version is 1.5.3
2024-02-08 17:55:23 App is up to date.
2024-02-08 20:51:40 Checking for update using Github
2024-02-08 20:51:40 Failed to check for update using Github (net::ERR_INTERNET_DISCONNECTED)
2024-02-08 20:51:40 Checking for update using obsidian.md
2024-02-08 20:51:40 Failed to check for update using obsidian.md (net::ERR_INTERNET_DISCONNECTED)
2024-02-08 22:29:14 Checking for update using Github
2024-02-08 22:29:14 Success.
2024-02-08 22:29:14 Latest version is 1.5.3
2024-02-08 22:29:14 App is up to date.
2024-02-09 09:45:49 Checking for update using Github
2024-02-09 09:45:49 Success.
2024-02-09 09:45:49 Latest version is 1.5.3
2024-02-09 09:45:49 App is up to date.
2024-02-09 10:58:47 Checking for update using Github
2024-02-09 10:58:47 Success.
2024-02-09 10:58:47 Latest version is 1.5.3
2024-02-09 10:58:47 App is up to date.
2024-02-09 12:33:11 Checking for update using Github
2024-02-09 12:33:11 Success.
2024-02-09 12:33:11 Latest version is 1.5.3
2024-02-09 12:33:11 App is up to date.
2024-02-09 13:33:11 Checking for update using Github
2024-02-09 13:33:11 Success.
2024-02-09 13:33:11 Latest version is 1.5.3
2024-02-09 13:33:11 App is up to date.
2024-02-09 14:33:11 Checking for update using Github
2024-02-09 14:33:11 Success.
2024-02-09 14:33:11 Latest version is 1.5.3
2024-02-09 14:33:11 App is up to date.
2024-02-09 15:44:35 Checking for update using Github
2024-02-09 15:44:36 Success.
2024-02-09 15:44:36 Latest version is 1.5.3
2024-02-09 15:44:36 App is up to date.
2024-02-09 16:44:35 Checking for update using Github
2024-02-09 16:44:36 Success.
2024-02-09 16:44:36 Latest version is 1.5.3
2024-02-09 16:44:36 App is up to date.
2024-02-09 17:44:35 Checking for update using Github
2024-02-09 17:44:36 Success.
2024-02-09 17:44:36 Latest version is 1.5.3
2024-02-09 17:44:36 App is up to date.
2024-02-09 18:44:36 Checking for update using Github
2024-02-09 18:44:36 Success.
2024-02-09 18:44:36 Latest version is 1.5.3
2024-02-09 18:44:36 App is up to date.
2024-02-10 22:55:37 Loading main app package /usr/lib/obsidian/obsidian.asar
2024-02-10 22:55:37 Checking for update using Github
2024-02-10 22:55:38 Success.
2024-02-10 22:55:38 Latest version is 1.5.3
2024-02-10 22:55:38 App is up to date.
2024-02-10 23:55:37 Checking for update using Github
2024-02-10 23:55:37 Success.
2024-02-10 23:55:37 Latest version is 1.5.3
2024-02-10 23:55:37 App is up to date.
2024-02-11 10:10:29 Checking for update using Github
2024-02-11 10:10:29 Success.
2024-02-11 10:10:29 Latest version is 1.5.3
2024-02-11 10:10:29 App is up to date.
2024-02-11 23:01:14 Checking for update using Github
2024-02-12 00:03:58 Loading main app package /usr/lib/obsidian/obsidian.asar
2024-02-12 00:03:58 Checking for update using Github
2024-02-12 00:03:59 Success.
2024-02-12 00:03:59 Latest version is 1.5.3
2024-02-12 00:03:59 App is up to date.
2024-02-15 14:02:09 Loading main app package /usr/lib/obsidian/obsidian.asar
2024-02-15 14:02:10 Checking for update using Github
2024-02-15 14:02:10 Success.
2024-02-15 14:02:10 Latest version is 1.5.3
2024-02-15 14:02:10 App is up to date.
2024-02-15 14:03:41 Loading main app package /usr/lib/obsidian/obsidian.asar
2024-02-15 14:03:41 Checking for update using Github
2024-02-15 14:04:14 Loading main app package /usr/lib/obsidian/obsidian.asar
2024-02-15 14:04:15 Checking for update using Github
2024-02-15 14:04:23 Loading main app package /usr/lib/obsidian/obsidian.asar
2024-02-15 14:04:24 Checking for update using Github
2024-02-15 14:04:24 Success.
2024-02-15 14:04:24 Latest version is 1.5.3
2024-02-15 14:04:24 App is up to date.
2024-02-15 15:04:23 Checking for update using Github
2024-02-15 15:04:24 Success.
2024-02-15 15:04:24 Latest version is 1.5.3
2024-02-15 15:04:24 App is up to date.
2024-02-16 12:26:58 Loading main app package /usr/lib/obsidian/obsidian.asar
2024-02-16 12:26:58 Checking for update using Github
2024-02-16 13:01:17 Checking for update using Github
2024-02-16 13:01:17 Success.
2024-02-16 13:01:17 Latest version is 1.5.3
2024-02-16 13:01:17 App is up to date.
2024-02-16 13:40:32 Loading main app package /usr/lib/obsidian/obsidian.asar
2024-02-16 13:40:32 Checking for update using Github
2024-02-16 14:01:17 Checking for update using Github
2024-02-16 14:01:17 Success.
2024-02-16 14:01:17 Latest version is 1.5.3
2024-02-16 14:01:17 App is up to date.
2024-02-16 15:01:17 Checking for update using Github
2024-02-16 15:01:17 Success.
2024-02-16 15:01:17 Latest version is 1.5.3
2024-02-16 15:01:17 App is up to date.
2024-02-16 18:13:46 Loading main app package /usr/lib/obsidian/obsidian.asar
2024-02-16 18:13:46 Checking for update using Github
2024-02-16 18:13:47 Success.
2024-02-16 18:13:47 Latest version is 1.5.3
2024-02-16 18:13:47 App is up to date.
2024-02-16 19:13:46 Checking for update using Github
2024-02-16 19:13:46 Success.
2024-02-16 19:13:46 Latest version is 1.5.3
2024-02-16 19:13:46 App is up to date.
2024-02-16 20:13:46 Checking for update using Github
2024-02-16 20:13:47 Success.
2024-02-16 20:13:47 Latest version is 1.5.3
2024-02-16 20:13:47 App is up to date.
2024-02-16 21:51:08 Checking for update using Github
2024-02-16 21:51:09 Success.
2024-02-16 21:51:09 Latest version is 1.5.3
2024-02-16 21:51:09 App is up to date.
2024-02-16 22:51:08 Checking for update using Github
2024-02-16 22:51:09 Success.
2024-02-16 22:51:09 Latest version is 1.5.3
2024-02-16 22:51:09 App is up to date.
2024-02-19 13:03:02 Loading main app package /usr/lib/obsidian/obsidian.asar
2024-02-19 13:03:02 Checking for update using Github
2024-02-19 13:03:02 Success.
2024-02-19 13:03:02 Latest version is 1.5.3
2024-02-19 13:03:02 App is up to date.
2024-02-19 14:42:24 Loading main app package /usr/lib/obsidian/obsidian.asar
2024-02-19 14:42:24 Checking for update using Github
2024-02-19 14:42:24 Success.
2024-02-19 14:42:24 Latest version is 1.5.3
2024-02-19 14:42:24 App is up to date.
2024-02-19 16:10:16 Checking for update using Github
2024-02-19 16:10:17 Success.
2024-02-19 16:10:17 Latest version is 1.5.3
2024-02-19 16:10:17 App is up to date.
2024-02-19 16:21:54 Loading main app package /usr/lib/obsidian/obsidian.asar
2024-02-19 16:21:54 Checking for update using Github
2024-02-19 17:10:16 Checking for update using Github
2024-02-19 17:10:16 Success.
2024-02-19 17:10:16 Latest version is 1.5.3
2024-02-19 17:10:16 App is up to date.
2024-02-19 18:46:54 Checking for update using Github
2024-02-19 18:46:54 Success.
2024-02-19 18:46:54 Latest version is 1.5.3
2024-02-19 18:46:54 App is up to date.
2024-02-19 20:00:24 Checking for update using Github
2024-02-19 20:00:24 Success.
2024-02-19 20:00:24 Latest version is 1.5.3
2024-02-19 20:00:24 App is up to date.
2024-02-21 11:25:31 Loading main app package /usr/lib/obsidian/obsidian.asar
2024-02-21 11:25:31 Checking for update using Github
2024-02-21 11:25:31 Success.
2024-02-21 11:25:31 Latest version is 1.5.3
2024-02-21 11:25:31 App is up to date.
2024-02-21 12:25:32 Checking for update using Github
2024-02-21 12:25:32 Success.
2024-02-21 12:25:32 Latest version is 1.5.3
2024-02-21 12:25:32 App is up to date.
2024-02-21 13:25:32 Checking for update using Github
2024-02-21 13:25:32 Success.
2024-02-21 13:25:32 Latest version is 1.5.3
2024-02-21 13:25:32 App is up to date.
2024-02-21 14:25:32 Checking for update using Github
2024-02-21 14:25:32 Success.
2024-02-21 14:25:32 Latest version is 1.5.3
2024-02-21 14:25:32 App is up to date.
2024-02-21 15:25:32 Checking for update using Github
2024-02-21 15:25:32 Success.
2024-02-21 15:25:32 Latest version is 1.5.3
2024-02-21 15:25:32 App is up to date.
2024-02-21 16:25:32 Checking for update using Github
2024-02-21 16:25:32 Success.
2024-02-21 16:25:32 Latest version is 1.5.3
2024-02-21 16:25:32 App is up to date.
2024-02-21 17:25:32 Checking for update using Github
2024-02-21 17:25:32 Success.
2024-02-21 17:25:32 Latest version is 1.5.3
2024-02-21 17:25:32 App is up to date.
2024-02-21 18:25:32 Checking for update using Github
2024-02-21 18:25:32 Success.
2024-02-21 18:25:32 Latest version is 1.5.3
2024-02-21 18:25:32 App is up to date.
2024-02-21 19:25:32 Checking for update using Github
2024-02-21 19:25:32 Success.
2024-02-21 19:25:32 Latest version is 1.5.3
2024-02-21 19:25:32 App is up to date.
2024-02-21 20:25:32 Checking for update using Github
2024-02-21 20:25:32 Success.
2024-02-21 20:25:32 Latest version is 1.5.3
2024-02-21 20:25:32 App is up to date.
2024-02-22 06:52:11 Loading main app package /usr/lib/obsidian/obsidian.asar
2024-02-22 06:52:12 Checking for update using Github
2024-02-22 06:52:12 Failed to check for update using Github (net::ERR_INTERNET_DISCONNECTED)
2024-02-22 06:52:12 Checking for update using obsidian.md
2024-02-22 06:52:12 Failed to check for update using obsidian.md (net::ERR_INTERNET_DISCONNECTED)
2024-02-22 08:22:02 Checking for update using Github
2024-02-22 08:22:02 Success.
2024-02-22 08:22:02 Latest version is 1.5.3
2024-02-22 08:22:02 App is up to date.
2024-02-22 09:44:36 Checking for update using Github
2024-02-22 09:44:36 Failed to check for update using Github (net::ERR_NAME_NOT_RESOLVED)
2024-02-22 09:44:36 Checking for update using obsidian.md
2024-02-22 09:44:36 Failed to check for update using obsidian.md (net::ERR_NAME_NOT_RESOLVED)
2024-02-22 11:43:48 Loading main app package /usr/lib/obsidian/obsidian.asar
2024-02-22 11:43:48 Checking for update using Github
2024-02-22 11:43:48 Success.
2024-02-22 11:43:48 Latest version is 1.5.3
2024-02-22 11:43:48 App is up to date.
2024-02-22 11:45:55 Loading main app package /usr/lib/obsidian/obsidian.asar
2024-02-22 11:45:55 Checking for update using Github
2024-02-22 12:43:49 Checking for update using Github
2024-02-22 12:43:49 Success.
2024-02-22 12:43:49 Latest version is 1.5.3
2024-02-22 12:43:49 App is up to date.
2024-02-22 14:59:48 Checking for update using Github
2024-02-22 14:59:48 Success.
2024-02-22 14:59:48 Latest version is 1.5.3
2024-02-22 14:59:48 App is up to date.
2024-02-22 18:04:02 Checking for update using Github
2024-02-22 18:04:02 Success.
2024-02-22 18:04:02 Latest version is 1.5.8
2024-02-22 18:04:02 Downloading update from https://github.com/obsidianmd/obsidian-releases/releases/download/v1.5.8/obsidian-1.5.8.asar.gz
2024-02-22 18:04:04 Verifying hash & signature. Size= 8652806
2024-02-22 18:04:04 Saving file
2024-02-22 18:04:04 Update complete.
2024-02-22 19:04:02 Checking for update using Github
2024-02-22 19:04:02 Success.
2024-02-22 19:04:02 Latest version is 1.5.8
2024-02-22 19:04:02 An update is already downloaded.
2024-02-23 10:37:57 Loading updated app package /home/dave/.config/obsidian/obsidian-1.5.8.asar
2024-02-23 10:37:57 Checking for update using Github
2024-02-23 10:37:57 Success.
2024-02-23 10:37:57 Latest version is 1.5.8
2024-02-23 10:37:57 App is up to date.
2024-02-23 11:37:57 Checking for update using Github
2024-02-23 11:37:57 Success.
2024-02-23 11:37:57 Latest version is 1.5.8
2024-02-23 11:37:57 App is up to date.
2024-02-24 11:21:00 Loading updated app package /home/dave/.config/obsidian/obsidian-1.5.8.asar
2024-02-24 11:21:00 Checking for update using Github
2024-02-24 11:34:46 Checking for update using Github
2024-02-24 11:34:46 Success.
2024-02-24 11:34:46 Latest version is 1.5.8
2024-02-24 11:34:46 App is up to date.
2024-02-24 12:34:47 Checking for update using Github
2024-02-24 12:34:47 Success.
2024-02-24 12:34:47 Latest version is 1.5.8
2024-02-24 12:34:47 App is up to date.
2024-02-24 13:34:47 Checking for update using Github
2024-02-24 13:34:47 Success.
2024-02-24 13:34:47 Latest version is 1.5.8
2024-02-24 13:34:47 App is up to date.
2024-02-24 14:34:47 Checking for update using Github
2024-02-24 14:34:47 Success.
2024-02-24 14:34:47 Latest version is 1.5.8
2024-02-24 14:34:47 App is up to date.
2024-02-26 14:32:36 Loading main app package /usr/lib/obsidian/obsidian.asar
2024-02-26 14:32:36 Checking for update using Github
2024-02-26 14:32:36 Success.
2024-02-26 14:32:36 Latest version is 1.5.8
2024-02-26 14:32:36 App is up to date.
2024-02-26 15:19:12 Loading main app package /usr/lib/obsidian/obsidian.asar
2024-02-26 15:19:13 Checking for update using Github
2024-02-26 15:19:13 Success.
2024-02-26 15:19:13 Latest version is 1.5.8
2024-02-26 15:19:13 App is up to date.
2024-02-26 16:19:12 Checking for update using Github
2024-02-26 16:19:12 Success.
2024-02-26 16:19:12 Latest version is 1.5.8
2024-02-26 16:19:12 App is up to date.
2024-02-27 12:17:15 Checking for update using Github
2024-02-27 12:17:15 Success.
2024-02-27 12:17:15 Latest version is 1.5.8
2024-02-27 12:17:15 App is up to date.
2024-02-27 13:17:15 Checking for update using Github
2024-02-27 13:17:15 Success.
2024-02-27 13:17:15 Latest version is 1.5.8
2024-02-27 13:17:15 App is up to date.
2024-02-28 10:22:52 Loading main app package /usr/lib/obsidian/obsidian.asar
2024-02-28 10:22:53 Checking for update using Github
2024-02-28 10:22:53 Success.
2024-02-28 10:22:53 Latest version is 1.5.8
2024-02-28 10:22:53 App is up to date.
2024-02-28 10:23:29 Loading main app package /usr/lib/obsidian/obsidian.asar
2024-02-28 10:23:29 Checking for update using Github
2024-02-28 10:23:29 Success.
2024-02-28 10:23:29 Latest version is 1.5.8
2024-02-28 10:23:29 App is up to date.
2024-02-28 10:23:46 Loading main app package /usr/lib/obsidian/obsidian.asar
2024-02-28 10:23:46 Checking for update using Github
2024-02-28 10:23:56 Loading main app package /usr/lib/obsidian/obsidian.asar
2024-02-28 10:23:56 Checking for update using Github
2024-02-28 18:23:48 Checking for update using Github
2024-02-28 18:23:48 Success.
2024-02-28 18:23:48 Latest version is 1.5.8
2024-02-28 18:23:48 App is up to date.
2024-02-29 07:59:15 Loading main app package /usr/lib/obsidian/obsidian.asar
2024-02-29 07:59:16 Checking for update using Github
2024-02-29 08:00:36 Failed to check for update using Github (net::ERR_NAME_NOT_RESOLVED)
2024-02-29 08:00:36 Checking for update using obsidian.md
2024-02-29 08:01:56 Failed to check for update using obsidian.md (net::ERR_NAME_NOT_RESOLVED)
2024-02-29 08:59:16 Checking for update using Github
2024-02-29 08:59:16 Success.
2024-02-29 08:59:16 Latest version is 1.5.8
2024-02-29 08:59:16 App is up to date.
2024-02-29 10:12:21 Checking for update using Github
2024-02-29 10:12:21 Success.
2024-02-29 10:12:21 Latest version is 1.5.8
2024-02-29 10:12:21 App is up to date.
2024-02-29 18:03:50 Checking for update using Github
2024-02-29 18:03:50 Success.
2024-02-29 18:03:50 Latest version is 1.5.8
2024-02-29 18:03:50 App is up to date.
2024-02-29 19:03:50 Checking for update using Github
2024-02-29 19:03:50 Success.
2024-02-29 19:03:50 Latest version is 1.5.8
2024-02-29 19:03:50 App is up to date.
2024-03-01 11:55:17 Checking for update using Github
2024-03-01 11:55:17 Success.
2024-03-01 11:55:17 Latest version is 1.5.8
2024-03-01 11:55:17 App is up to date.
2024-03-01 12:55:17 Checking for update using Github
2024-03-01 12:55:17 Success.
2024-03-01 12:55:17 Latest version is 1.5.8
2024-03-01 12:55:17 App is up to date.
2024-03-01 13:55:17 Checking for update using Github
2024-03-01 13:55:17 Success.
2024-03-01 13:55:17 Latest version is 1.5.8
2024-03-01 13:55:17 App is up to date.
2024-03-01 14:55:17 Checking for update using Github
2024-03-01 14:55:17 Success.
2024-03-01 14:55:17 Latest version is 1.5.8
2024-03-01 14:55:17 App is up to date.
2024-03-02 12:07:00 Loading main app package /usr/lib/obsidian/obsidian.asar
2024-03-02 12:07:00 Checking for update using Github
2024-03-02 12:10:03 Loading main app package /usr/lib/obsidian/obsidian.asar
2024-03-02 12:10:03 Checking for update using Github
2024-03-02 12:32:55 Checking for update using Github
2024-03-02 12:32:55 Success.
2024-03-02 12:32:55 Latest version is 1.5.8
2024-03-02 12:32:55 App is up to date.
2024-03-02 13:32:56 Checking for update using Github
2024-03-02 13:32:56 Success.
2024-03-02 13:32:56 Latest version is 1.5.8
2024-03-02 13:32:56 App is up to date.
2024-03-02 14:32:56 Checking for update using Github
2024-03-02 14:32:56 Success.
2024-03-02 14:32:56 Latest version is 1.5.8
2024-03-02 14:32:56 App is up to date.
2024-03-02 15:32:56 Checking for update using Github
2024-03-02 15:32:56 Success.
2024-03-02 15:32:56 Latest version is 1.5.8
2024-03-02 15:32:56 App is up to date.
2024-03-02 16:32:56 Checking for update using Github
2024-03-02 16:32:56 Success.
2024-03-02 16:32:56 Latest version is 1.5.8
2024-03-02 16:32:56 App is up to date.
2024-03-03 10:55:45 Loading main app package /usr/lib/obsidian/obsidian.asar
2024-03-03 10:55:45 Checking for update using Github
2024-03-03 10:55:46 Success.
2024-03-03 10:55:46 Latest version is 1.5.8
2024-03-03 10:55:46 App is up to date.
2024-03-03 11:55:45 Checking for update using Github
2024-03-03 11:55:45 Success.
2024-03-03 11:55:45 Latest version is 1.5.8
2024-03-03 11:55:45 App is up to date.
2024-03-03 12:55:45 Checking for update using Github
2024-03-03 12:55:45 Success.
2024-03-03 12:55:45 Latest version is 1.5.8
2024-03-03 12:55:45 App is up to date.
2024-03-03 13:55:45 Checking for update using Github
2024-03-03 13:55:45 Success.
2024-03-03 13:55:45 Latest version is 1.5.8
2024-03-03 13:55:45 App is up to date.
2024-03-04 14:29:24 Loading main app package /usr/lib/obsidian/obsidian.asar
2024-03-04 14:29:24 Checking for update using Github
2024-03-04 14:29:24 Success.
2024-03-04 14:29:24 Latest version is 1.5.8
2024-03-04 14:29:24 App is up to date.
2024-03-04 15:29:24 Checking for update using Github
2024-03-04 15:29:24 Success.
2024-03-04 15:29:24 Latest version is 1.5.8
2024-03-04 15:29:24 App is up to date.
2024-03-04 16:29:24 Checking for update using Github
2024-03-04 16:29:24 Success.
2024-03-04 16:29:24 Latest version is 1.5.8
2024-03-04 16:29:24 App is up to date.
2024-03-06 08:25:41 Loading main app package /usr/lib/obsidian/obsidian.asar
2024-03-06 08:25:41 Checking for update using Github
2024-03-06 08:25:41 Success.
2024-03-06 08:25:41 Latest version is 1.5.8
2024-03-06 08:25:41 App is up to date.
2024-03-06 09:25:41 Checking for update using Github
2024-03-06 09:25:41 Success.
2024-03-06 09:25:41 Latest version is 1.5.8
2024-03-06 09:25:41 App is up to date.
2024-03-06 10:25:41 Checking for update using Github
2024-03-06 10:25:41 Success.
2024-03-06 10:25:41 Latest version is 1.5.8
2024-03-06 10:25:41 App is up to date.
2024-03-07 17:32:01 Loading main app package /usr/lib/obsidian/obsidian.asar
2024-03-07 17:32:01 Checking for update using Github
2024-03-07 17:32:01 Success.
2024-03-07 17:32:01 Latest version is 1.5.8
2024-03-07 17:32:01 App is up to date.
2024-03-07 18:32:01 Checking for update using Github
2024-03-07 18:32:01 Success.
2024-03-07 18:32:01 Latest version is 1.5.8
2024-03-07 18:32:01 App is up to date.
2024-03-07 19:08:49 Loading main app package /usr/lib/obsidian/obsidian.asar
2024-03-07 19:08:49 Checking for update using Github
2024-03-08 11:30:55 Loading main app package /usr/lib/obsidian/obsidian.asar
2024-03-08 11:30:56 Checking for update using Github
2024-03-08 11:30:56 Success.
2024-03-08 11:30:56 Latest version is 1.5.8
2024-03-08 11:30:56 App is up to date.
2024-03-08 11:31:03 Loading main app package /usr/lib/obsidian/obsidian.asar
2024-03-08 11:31:03 Checking for update using Github
2024-03-08 13:44:03 Checking for update using Github
2024-03-08 13:44:03 Success.
2024-03-08 13:44:03 Latest version is 1.5.8
2024-03-08 13:44:03 App is up to date.
2024-03-10 16:25:23 Loading main app package /usr/lib/obsidian/obsidian.asar
2024-03-10 16:25:24 Checking for update using Github
2024-03-10 16:25:24 Success.
2024-03-10 16:25:24 Latest version is 1.5.8
2024-03-10 16:25:24 App is up to date.
2024-03-10 16:25:26 Loading main app package /usr/lib/obsidian/obsidian.asar
2024-03-10 16:25:26 Checking for update using Github
2024-03-11 10:07:05 Checking for update using Github
2024-03-11 10:07:05 Success.
2024-03-11 10:07:05 Latest version is 1.5.8
2024-03-11 10:07:05 App is up to date.
2024-03-11 11:07:05 Checking for update using Github
2024-03-11 11:07:06 Success.
2024-03-11 11:07:06 Latest version is 1.5.8
2024-03-11 11:07:06 App is up to date.
2024-03-11 15:29:03 Checking for update using Github
2024-03-11 15:29:04 Success.
2024-03-11 15:29:04 Latest version is 1.5.8
2024-03-11 15:29:04 App is up to date.
2024-03-11 16:29:03 Checking for update using Github
2024-03-11 16:29:04 Success.
2024-03-11 16:29:04 Latest version is 1.5.8
2024-03-11 16:29:04 App is up to date.
2024-03-11 17:37:53 Checking for update using Github
2024-03-11 17:37:53 Success.
2024-03-11 17:37:53 Latest version is 1.5.8
2024-03-11 17:37:53 App is up to date.
2024-03-12 10:43:06 Loading main app package /usr/lib/obsidian/obsidian.asar
2024-03-12 10:43:07 Checking for update using Github
2024-03-12 10:43:08 Success.
2024-03-12 10:43:08 Latest version is 1.5.8
2024-03-12 10:43:08 App is up to date.
2024-03-12 10:43:12 Loading main app package /usr/lib/obsidian/obsidian.asar
2024-03-12 10:43:12 Checking for update using Github
2024-03-12 10:43:12 Success.
2024-03-12 10:43:12 Latest version is 1.5.8
2024-03-12 10:43:12 App is up to date.
2024-03-12 10:43:14 Loading main app package /usr/lib/obsidian/obsidian.asar
2024-03-12 10:43:14 Checking for update using Github
2024-03-12 11:16:12 Loading main app package /usr/lib/obsidian/obsidian.asar
2024-03-12 11:16:12 Checking for update using Github
2024-03-12 11:16:12 Success.
2024-03-12 11:16:12 Latest version is 1.5.8
2024-03-12 11:16:12 App is up to date.
2024-03-12 12:16:12 Checking for update using Github
2024-03-12 12:16:12 Success.
2024-03-12 12:16:12 Latest version is 1.5.8
2024-03-12 12:16:12 App is up to date.
2024-03-12 13:16:12 Checking for update using Github
2024-03-12 13:16:12 Success.
2024-03-12 13:16:12 Latest version is 1.5.8
2024-03-12 13:16:12 App is up to date.
2024-03-12 14:16:12 Checking for update using Github
2024-03-12 14:16:12 Success.
2024-03-12 14:16:12 Latest version is 1.5.8
2024-03-12 14:16:12 App is up to date.
2024-03-13 10:16:38 Loading main app package /usr/lib/obsidian/obsidian.asar
2024-03-13 10:16:38 Checking for update using Github
2024-03-13 10:16:39 Success.
2024-03-13 10:16:39 Latest version is 1.5.8
2024-03-13 10:16:39 App is up to date.
2024-03-13 11:16:39 Checking for update using Github
2024-03-13 11:16:39 Success.
2024-03-13 11:16:39 Latest version is 1.5.8
2024-03-13 11:16:39 App is up to date.
2024-03-13 12:16:39 Checking for update using Github
2024-03-13 12:16:39 Success.
2024-03-13 12:16:39 Latest version is 1.5.8
2024-03-13 12:16:39 App is up to date.
2024-03-13 12:52:41 Loading main app package /usr/lib/obsidian/obsidian.asar
2024-03-13 12:52:41 Checking for update using Github
2024-03-13 13:16:39 Checking for update using Github
2024-03-13 13:16:39 Success.
2024-03-13 13:16:39 Latest version is 1.5.8
2024-03-13 13:16:39 App is up to date.
2024-03-13 14:16:39 Checking for update using Github
2024-03-13 14:16:39 Success.
2024-03-13 14:16:39 Latest version is 1.5.8
2024-03-13 14:16:39 App is up to date.
2024-03-13 15:16:39 Checking for update using Github
2024-03-13 15:16:40 Success.
2024-03-13 15:16:40 Latest version is 1.5.8
2024-03-13 15:16:40 App is up to date.
2024-03-13 16:16:39 Checking for update using Github
2024-03-13 16:16:40 Success.
2024-03-13 16:16:40 Latest version is 1.5.8
2024-03-13 16:16:40 App is up to date.
2024-03-13 17:16:39 Checking for update using Github
2024-03-13 17:16:40 Success.
2024-03-13 17:16:40 Latest version is 1.5.8
2024-03-13 17:16:40 App is up to date.
2024-03-13 18:16:39 Checking for update using Github
2024-03-13 18:16:40 Success.
2024-03-13 18:16:40 Latest version is 1.5.8
2024-03-13 18:16:40 App is up to date.
2024-03-13 19:16:40 Checking for update using Github
2024-03-13 19:16:40 Success.
2024-03-13 19:16:40 Latest version is 1.5.8
2024-03-13 19:16:40 App is up to date.
2024-03-14 17:55:42 Loading main app package /usr/lib/obsidian/obsidian.asar
2024-03-14 17:55:42 Checking for update using Github
2024-03-14 17:55:42 Success.
2024-03-14 17:55:42 Latest version is 1.5.8
2024-03-14 17:55:42 App is up to date.
2024-03-14 18:55:42 Checking for update using Github
2024-03-14 18:55:42 Success.
2024-03-14 18:55:42 Latest version is 1.5.8
2024-03-14 18:55:42 App is up to date.
2024-03-15 08:41:03 Loading main app package /usr/lib/obsidian/obsidian.asar
2024-03-15 08:41:03 Checking for update using Github
2024-03-15 08:41:04 Success.
2024-03-15 08:41:04 Latest version is 1.5.8
2024-03-15 08:41:04 App is up to date.
2024-03-17 13:41:03 Loading main app package /usr/lib/obsidian/obsidian.asar
2024-03-17 13:41:03 Checking for update using Github
2024-03-17 13:41:03 Success.
2024-03-17 13:41:03 Latest version is 1.5.8
2024-03-17 13:41:03 App is up to date.
2024-03-18 09:34:46 Loading main app package /usr/lib/obsidian/obsidian.asar
2024-03-18 09:34:47 Checking for update using Github
2024-03-18 09:34:47 Success.
2024-03-18 09:34:47 Latest version is 1.5.8
2024-03-18 09:34:47 App is up to date.
2024-03-18 10:34:46 Checking for update using Github
2024-03-18 10:34:47 Success.
2024-03-18 10:34:47 Latest version is 1.5.8
2024-03-18 10:34:47 App is up to date.
2024-03-18 17:34:52 Loading main app package /usr/lib/obsidian/obsidian.asar
2024-03-18 17:34:52 Checking for update using Github
2024-03-18 17:34:57 Loading main app package /usr/lib/obsidian/obsidian.asar
2024-03-18 17:34:57 Checking for update using Github
2024-03-18 17:35:26 Failed to check for update using Github (net::ERR_NETWORK_CHANGED)
2024-03-18 17:35:26 Checking for update using obsidian.md
2024-03-18 17:35:26 Failed to check for update using obsidian.md (net::ERR_NAME_NOT_RESOLVED)
2024-03-18 18:34:52 Checking for update using Github
2024-03-18 18:34:53 Success.
2024-03-18 18:34:53 Latest version is 1.5.8
2024-03-18 18:34:53 App is up to date.
2024-03-21 17:33:33 Loading main app package /usr/lib/obsidian/obsidian.asar
2024-03-21 17:33:33 Checking for update using Github
2024-03-21 17:33:33 Success.
2024-03-21 17:33:33 Latest version is 1.5.11
2024-03-21 17:33:33 Downloading update from https://github.com/obsidianmd/obsidian-releases/releases/download/v1.5.11/obsidian-1.5.11.asar.gz
2024-03-21 17:33:34 Verifying hash & signature. Size= 8781777
2024-03-21 17:33:34 Saving file
2024-03-21 17:33:34 Update complete.
2024-03-21 18:33:33 Checking for update using Github
2024-03-21 18:33:33 Success.
2024-03-21 18:33:33 Latest version is 1.5.11
2024-03-21 18:33:33 An update is already downloaded.
2024-03-21 19:33:33 Checking for update using Github
2024-03-21 19:33:33 Success.
2024-03-21 19:33:33 Latest version is 1.5.11
2024-03-21 19:33:33 An update is already downloaded.
2024-03-22 10:13:10 Loading updated app package /home/dave/.config/obsidian/obsidian-1.5.11.asar
2024-03-22 10:13:11 Checking for update using Github
2024-03-22 10:13:11 Success.
2024-03-22 10:13:11 Latest version is 1.5.11
2024-03-22 10:13:11 App is up to date.
2024-03-22 12:19:35 Checking for update using Github
2024-03-22 12:19:35 Success.
2024-03-22 12:19:35 Latest version is 1.5.11
2024-03-22 12:19:35 App is up to date.
2024-03-22 13:19:35 Checking for update using Github
2024-03-22 13:19:35 Success.
2024-03-22 13:19:35 Latest version is 1.5.11
2024-03-22 13:19:35 App is up to date.
2024-03-25 09:14:15 Loading main app package /usr/lib/obsidian/obsidian.asar
2024-03-25 09:14:15 Checking for update using Github
2024-03-25 09:14:15 Success.
2024-03-25 09:14:15 Latest version is 1.5.11
2024-03-25 09:14:15 App is up to date.
2024-03-25 10:14:15 Checking for update using Github
2024-03-25 10:14:15 Success.
2024-03-25 10:14:15 Latest version is 1.5.11
2024-03-25 10:14:15 App is up to date.
2024-03-25 10:51:57 Loading main app package /usr/lib/obsidian/obsidian.asar
2024-03-25 10:51:57 Checking for update using Github
2024-03-25 10:51:57 Success.
2024-03-25 10:51:57 Latest version is 1.5.11
2024-03-25 10:51:57 App is up to date.
2024-03-25 10:51:58 Loading main app package /usr/lib/obsidian/obsidian.asar
2024-03-25 10:51:58 Checking for update using Github
2024-03-25 10:53:21 Loading main app package /usr/lib/obsidian/obsidian.asar
2024-03-25 10:53:21 Checking for update using Github
2024-03-25 11:51:57 Checking for update using Github
2024-03-25 11:51:57 Success.
2024-03-25 11:51:57 Latest version is 1.5.11
2024-03-25 11:51:57 App is up to date.
2024-03-25 12:51:57 Checking for update using Github
2024-03-25 12:51:57 Success.
2024-03-25 12:51:57 Latest version is 1.5.11
2024-03-25 12:51:57 App is up to date.
2024-03-25 17:39:14 Loading main app package /usr/lib/obsidian/obsidian.asar
2024-03-25 17:39:14 Checking for update using Github
2024-03-25 17:39:14 Success.
2024-03-25 17:39:14 Latest version is 1.5.11
2024-03-25 17:39:14 App is up to date.
2024-03-25 17:39:18 Loading main app package /usr/lib/obsidian/obsidian.asar
2024-03-25 17:39:18 Checking for update using Github
2024-03-25 18:39:14 Checking for update using Github
2024-03-25 18:39:14 Success.
2024-03-25 18:39:14 Latest version is 1.5.11
2024-03-25 18:39:14 App is up to date.
2024-03-25 20:19:28 Checking for update using Github
2024-03-25 20:19:29 Success.
2024-03-25 20:19:29 Latest version is 1.5.11
2024-03-25 20:19:29 App is up to date.
2024-03-25 21:48:00 Checking for update using Github
2024-03-25 21:48:00 Failed to check for update using Github (net::ERR_NAME_NOT_RESOLVED)
2024-03-25 21:48:00 Checking for update using obsidian.md
2024-03-25 21:48:00 Failed to check for update using obsidian.md (net::ERR_NAME_NOT_RESOLVED)
2024-03-25 22:48:00 Checking for update using Github
2024-03-25 22:48:00 Failed to check for update using Github (net::ERR_NAME_NOT_RESOLVED)
2024-03-25 22:48:00 Checking for update using obsidian.md
2024-03-25 22:48:00 Failed to check for update using obsidian.md (net::ERR_NAME_NOT_RESOLVED)
2024-03-27 15:41:13 Loading main app package /usr/lib/obsidian/obsidian.asar
2024-03-27 15:41:15 Checking for update using Github
2024-03-27 15:41:15 Success.
2024-03-27 15:41:15 Latest version is 1.5.11
2024-03-27 15:41:15 App is up to date.
2024-03-27 16:41:13 Checking for update using Github
2024-03-27 16:41:14 Success.
2024-03-27 16:41:14 Latest version is 1.5.11
2024-03-27 16:41:14 App is up to date.
2024-03-27 17:36:50 Loading main app package /usr/lib/obsidian/obsidian.asar
2024-03-27 17:36:50 Checking for update using Github
2024-03-27 17:36:50 Success.
2024-03-27 17:36:50 Latest version is 1.5.11
2024-03-27 17:36:50 App is up to date.
2024-03-27 18:36:50 Checking for update using Github
2024-03-27 18:36:50 Success.
2024-03-27 18:36:50 Latest version is 1.5.11
2024-03-27 18:36:50 App is up to date.
2024-03-27 19:36:50 Checking for update using Github
2024-03-27 19:36:50 Success.
2024-03-27 19:36:50 Latest version is 1.5.11
2024-03-27 19:36:50 App is up to date.
2024-03-28 15:22:13 Loading main app package /usr/lib/obsidian/obsidian.asar
2024-03-28 15:22:13 Checking for update using Github
2024-03-28 15:22:13 Success.
2024-03-28 15:22:13 Latest version is 1.5.11
2024-03-28 15:22:13 App is up to date.
2024-03-29 10:06:10 Loading main app package /usr/lib/obsidian/obsidian.asar
2024-03-29 10:06:11 Checking for update using Github
2024-03-29 10:06:11 Success.
2024-03-29 10:06:11 Latest version is 1.5.11
2024-03-29 10:06:11 App is up to date.
2024-03-29 11:06:11 Checking for update using Github
2024-03-29 11:06:12 Success.
2024-03-29 11:06:12 Latest version is 1.5.11
2024-03-29 11:06:12 App is up to date.
2024-04-01 09:31:03 Loading main app package /usr/lib/obsidian/obsidian.asar
2024-04-01 09:31:04 Checking for update using Github
2024-04-01 09:31:04 Success.
2024-04-01 09:31:04 Latest version is 1.5.11
2024-04-01 09:31:04 App is up to date.
2024-04-01 10:31:04 Checking for update using Github
2024-04-01 10:31:04 Success.
2024-04-01 10:31:04 Latest version is 1.5.11
2024-04-01 10:31:04 App is up to date.
2024-04-01 11:31:04 Checking for update using Github
2024-04-01 11:31:04 Success.
2024-04-01 11:31:04 Latest version is 1.5.11
2024-04-01 11:31:04 App is up to date.
2024-04-01 12:31:04 Checking for update using Github
2024-04-01 12:31:04 Success.
2024-04-01 12:31:04 Latest version is 1.5.11
2024-04-01 12:31:04 App is up to date.
2024-04-01 13:31:04 Checking for update using Github
2024-04-01 13:31:04 Failed to check for update using Github (net::ERR_NAME_NOT_RESOLVED)
2024-04-01 13:31:04 Checking for update using obsidian.md
2024-04-01 13:31:04 Failed to check for update using obsidian.md (net::ERR_NAME_NOT_RESOLVED)
2024-04-01 13:57:44 Loading main app package /usr/lib/obsidian/obsidian.asar
2024-04-01 13:57:44 Checking for update using Github
2024-04-01 13:57:44 Success.
2024-04-01 13:57:44 Latest version is 1.5.11
2024-04-01 13:57:44 App is up to date.
2024-04-01 14:57:44 Checking for update using Github
2024-04-01 14:57:44 Success.
2024-04-01 14:57:44 Latest version is 1.5.12
2024-04-01 14:57:44 Downloading update from https://github.com/obsidianmd/obsidian-releases/releases/download/v1.5.12/obsidian-1.5.12.asar.gz
2024-04-01 14:57:45 Verifying hash & signature. Size= 8781526
2024-04-01 14:57:45 Saving file
2024-04-01 14:57:45 Update complete.
2024-04-01 15:57:44 Checking for update using Github
2024-04-01 15:57:44 Success.
2024-04-01 15:57:44 Latest version is 1.5.12
2024-04-01 15:57:44 An update is already downloaded.
2024-04-01 16:57:44 Checking for update using Github
2024-04-01 16:57:44 Success.
2024-04-01 16:57:44 Latest version is 1.5.12
2024-04-01 16:57:44 An update is already downloaded.
2024-04-01 17:57:44 Checking for update using Github
2024-04-01 17:57:44 Success.
2024-04-01 17:57:44 Latest version is 1.5.12
2024-04-01 17:57:44 An update is already downloaded.
2024-04-01 18:57:44 Checking for update using Github
2024-04-01 18:57:44 Success.
2024-04-01 18:57:44 Latest version is 1.5.12
2024-04-01 18:57:44 An update is already downloaded.
2024-04-01 19:57:44 Checking for update using Github
2024-04-01 19:57:44 Success.
2024-04-01 19:57:44 Latest version is 1.5.12
2024-04-01 19:57:44 An update is already downloaded.
2024-04-01 20:57:44 Checking for update using Github
2024-04-01 20:57:45 Success.
2024-04-01 20:57:45 Latest version is 1.5.12
2024-04-01 20:57:45 An update is already downloaded.
2024-04-01 21:57:44 Checking for update using Github
2024-04-01 21:57:45 Success.
2024-04-01 21:57:45 Latest version is 1.5.12
2024-04-01 21:57:45 An update is already downloaded.
2024-04-03 11:51:28 Loading main app package /usr/lib/obsidian/obsidian.asar
2024-04-03 11:51:28 Checking for update using Github
2024-04-03 11:51:28 Success.
2024-04-03 11:51:28 Latest version is 1.5.12
2024-04-03 11:51:28 App is up to date.
2024-04-03 11:53:16 Loading main app package /usr/lib/obsidian/obsidian.asar
2024-04-03 11:53:16 Checking for update using Github
2024-04-03 12:51:29 Checking for update using Github
2024-04-03 12:51:29 Success.
2024-04-03 12:51:29 Latest version is 1.5.12
2024-04-03 12:51:29 App is up to date.
2024-04-03 13:51:29 Checking for update using Github
2024-04-03 13:51:29 Failed to check for update using Github (net::ERR_NAME_NOT_RESOLVED)
2024-04-03 13:51:29 Checking for update using obsidian.md
2024-04-03 13:51:29 Failed to check for update using obsidian.md (net::ERR_NAME_NOT_RESOLVED)
2024-04-03 17:40:29 Loading main app package /usr/lib/obsidian/obsidian.asar
2024-04-03 17:40:29 Checking for update using Github
2024-04-03 17:40:29 Success.
2024-04-03 17:40:29 Latest version is 1.5.12
2024-04-03 17:40:29 App is up to date.
2024-04-03 18:40:29 Checking for update using Github
2024-04-03 18:40:29 Success.
2024-04-03 18:40:29 Latest version is 1.5.12
2024-04-03 18:40:29 App is up to date.
2024-04-03 19:40:29 Checking for update using Github
2024-04-03 19:40:29 Success.
2024-04-03 19:40:29 Latest version is 1.5.12
2024-04-03 19:40:29 App is up to date.
2024-04-03 20:40:29 Checking for update using Github
2024-04-03 20:40:29 Success.
2024-04-03 20:40:29 Latest version is 1.5.12
2024-04-03 20:40:29 App is up to date.
2024-04-04 07:08:15 Loading main app package /usr/lib/obsidian/obsidian.asar
2024-04-04 07:08:15 Checking for update using Github
2024-04-04 07:08:16 Success.
2024-04-04 07:08:16 Latest version is 1.5.12
2024-04-04 07:08:16 App is up to date.
2024-04-04 08:08:15 Checking for update using Github
2024-04-04 08:08:16 Success.
2024-04-04 08:08:16 Latest version is 1.5.12
2024-04-04 08:08:16 App is up to date.
2024-04-04 09:08:15 Checking for update using Github
2024-04-04 09:08:16 Success.
2024-04-04 09:08:16 Latest version is 1.5.12
2024-04-04 09:08:16 App is up to date.
2024-04-04 13:40:01 Checking for update using Github
2024-04-04 16:30:09 Loading main app package /usr/lib/obsidian/obsidian.asar
2024-04-04 16:30:10 Checking for update using Github
2024-04-04 16:30:10 Success.
2024-04-04 16:30:10 Latest version is 1.5.12
2024-04-04 16:30:10 App is up to date.
2024-04-04 17:30:10 Checking for update using Github
2024-04-04 17:30:10 Success.
2024-04-04 17:30:10 Latest version is 1.5.12
2024-04-04 17:30:10 App is up to date.
2024-04-04 18:30:10 Checking for update using Github
2024-04-04 18:30:10 Success.
2024-04-04 18:30:10 Latest version is 1.5.12
2024-04-04 18:30:10 App is up to date.
2024-04-08 13:32:56 Loading main app package /usr/lib/obsidian/obsidian.asar
2024-04-08 13:32:56 Checking for update using Github
2024-04-08 13:32:57 Success.
2024-04-08 13:32:57 Latest version is 1.5.12
2024-04-08 13:32:57 App is up to date.
2024-04-08 14:32:56 Checking for update using Github
2024-04-08 14:34:16 Failed to check for update using Github (net::ERR_NAME_NOT_RESOLVED)
2024-04-08 14:34:16 Checking for update using obsidian.md
2024-04-08 14:35:36 Failed to check for update using obsidian.md (net::ERR_NAME_NOT_RESOLVED)
2024-04-08 15:49:11 Checking for update using Github
2024-04-08 15:49:11 Success.
2024-04-08 15:49:11 Latest version is 1.5.12
2024-04-08 15:49:11 App is up to date.
2024-04-08 17:12:22 Checking for update using Github
2024-04-08 17:12:22 Success.
2024-04-08 17:12:22 Latest version is 1.5.12
2024-04-08 17:12:22 App is up to date.
2024-04-08 18:47:41 Checking for update using Github
2024-04-10 08:52:53 Loading main app package /usr/lib/obsidian/obsidian.asar
2024-04-10 08:52:53 Checking for update using Github
2024-04-10 08:52:53 Success.
2024-04-10 08:52:53 Latest version is 1.5.12
2024-04-10 08:52:53 App is up to date.
2024-04-10 12:51:32 Loading main app package /usr/lib/obsidian/obsidian.asar
2024-04-10 12:51:32 Checking for update using Github
2024-04-10 12:51:32 Failed to check for update using Github (net::ERR_NAME_NOT_RESOLVED)
2024-04-10 12:51:32 Checking for update using obsidian.md
2024-04-10 12:51:32 Failed to check for update using obsidian.md (net::ERR_NAME_NOT_RESOLVED)
2024-04-11 11:03:03 Checking for update using Github
2024-04-11 11:03:03 Success.
2024-04-11 11:03:03 Latest version is 1.5.12
2024-04-11 11:03:03 App is up to date.
2024-04-11 15:28:00 Checking for update using Github
2024-04-13 09:34:24 Loading main app package /usr/lib/obsidian/obsidian.asar
2024-04-13 09:34:24 Checking for update using Github
2024-04-13 09:34:24 Success.
2024-04-13 09:34:24 Latest version is 1.5.12
2024-04-13 09:34:24 App is up to date.
2024-04-13 09:34:38 Loading main app package /usr/lib/obsidian/obsidian.asar
2024-04-13 09:34:38 Checking for update using Github
2024-04-13 10:34:24 Checking for update using Github
2024-04-13 10:34:24 Success.
2024-04-13 10:34:24 Latest version is 1.5.12
2024-04-13 10:34:24 App is up to date.
2024-04-15 13:22:25 Loading main app package /usr/lib/obsidian/obsidian.asar
2024-04-15 13:22:25 Checking for update using Github
2024-04-15 13:22:26 Success.
2024-04-15 13:22:26 Latest version is 1.5.12
2024-04-15 13:22:26 App is up to date.
2024-04-15 14:22:25 Checking for update using Github
2024-04-15 14:22:26 Success.
2024-04-15 14:22:26 Latest version is 1.5.12
2024-04-15 14:22:26 App is up to date.
2024-04-15 15:22:25 Checking for update using Github
2024-04-15 15:22:26 Success.
2024-04-15 15:22:26 Latest version is 1.5.12
2024-04-15 15:22:26 App is up to date.
2024-04-15 15:40:20 Loading main app package /usr/lib/obsidian/obsidian.asar
2024-04-15 15:40:20 Checking for update using Github
2024-04-15 15:40:21 Loading main app package /usr/lib/obsidian/obsidian.asar
2024-04-15 15:40:21 Checking for update using Github
2024-04-15 15:40:42 Failed to check for update using Github (net::ERR_NAME_NOT_RESOLVED)
2024-04-15 15:40:42 Checking for update using obsidian.md
2024-04-15 15:41:07 Failed to check for update using obsidian.md (net::ERR_NAME_NOT_RESOLVED)
2024-04-17 17:56:30 Loading main app package /usr/lib/obsidian/obsidian.asar
2024-04-17 17:56:30 Checking for update using Github
2024-04-17 17:56:30 Success.
2024-04-17 17:56:30 Latest version is 1.5.12
2024-04-17 17:56:30 App is up to date.
2024-04-17 18:02:07 Loading main app package /usr/lib/obsidian/obsidian.asar
2024-04-17 18:02:07 Checking for update using Github
2024-04-17 18:56:30 Checking for update using Github
2024-04-17 18:56:30 Success.
2024-04-17 18:56:30 Latest version is 1.5.12
2024-04-17 18:56:30 App is up to date.
2024-04-17 19:56:30 Checking for update using Github
2024-04-17 19:56:30 Success.
2024-04-17 19:56:30 Latest version is 1.5.12
2024-04-17 19:56:30 App is up to date.
2024-04-17 20:56:30 Checking for update using Github
2024-04-17 20:56:30 Success.
2024-04-17 20:56:30 Latest version is 1.5.12
2024-04-17 20:56:30 App is up to date.
2024-04-18 10:42:28 Loading main app package /usr/lib/obsidian/obsidian.asar
2024-04-18 10:42:28 Checking for update using Github
2024-04-18 10:42:29 Success.
2024-04-18 10:42:29 Latest version is 1.5.12
2024-04-18 10:42:29 App is up to date.
2024-04-18 11:42:28 Checking for update using Github
2024-04-18 11:42:29 Success.
2024-04-18 11:42:29 Latest version is 1.5.12
2024-04-18 11:42:29 App is up to date.
2024-04-18 12:42:28 Checking for update using Github
2024-04-18 12:42:29 Success.
2024-04-18 12:42:29 Latest version is 1.5.12
2024-04-18 12:42:29 App is up to date.
2024-04-18 13:42:28 Checking for update using Github
2024-04-18 13:42:29 Success.
2024-04-18 13:42:29 Latest version is 1.5.12
2024-04-18 13:42:29 App is up to date.
2024-04-18 16:34:58 Loading main app package /usr/lib/obsidian/obsidian.asar
2024-04-18 16:34:59 Checking for update using Github
2024-04-18 16:35:00 Success.
2024-04-18 16:35:00 Latest version is 1.5.12
2024-04-18 16:35:00 App is up to date.
2024-04-18 16:35:07 Loading main app package /usr/lib/obsidian/obsidian.asar
2024-04-18 16:35:07 Checking for update using Github
2024-04-18 17:34:59 Checking for update using Github
2024-04-18 17:34:59 Success.
2024-04-18 17:34:59 Latest version is 1.5.12
2024-04-18 17:34:59 App is up to date.
2024-04-18 18:34:59 Checking for update using Github
2024-04-18 18:34:59 Success.
2024-04-18 18:34:59 Latest version is 1.5.12
2024-04-18 18:34:59 App is up to date.
2024-04-18 19:34:59 Checking for update using Github
2024-04-18 19:34:59 Success.
2024-04-18 19:34:59 Latest version is 1.5.12
2024-04-18 19:34:59 App is up to date.
2024-04-18 20:34:59 Checking for update using Github
2024-04-18 20:34:59 Success.
2024-04-18 20:34:59 Latest version is 1.5.12
2024-04-18 20:34:59 App is up to date.
2024-04-19 06:58:48 Loading main app package /usr/lib/obsidian/obsidian.asar
2024-04-19 06:58:48 Checking for update using Github
2024-04-19 06:58:49 Success.
2024-04-19 06:58:49 Latest version is 1.5.12
2024-04-19 06:58:49 App is up to date.
2024-04-19 07:58:48 Checking for update using Github
2024-04-19 07:58:48 Success.
2024-04-19 07:58:48 Latest version is 1.5.12
2024-04-19 07:58:48 App is up to date.
2024-04-19 11:08:51 Checking for update using Github
2024-04-19 11:08:51 Success.
2024-04-19 11:08:51 Latest version is 1.5.12
2024-04-19 11:08:51 App is up to date.
2024-04-19 12:08:51 Checking for update using Github
2024-04-19 12:08:51 Success.
2024-04-19 12:08:51 Latest version is 1.5.12
2024-04-19 12:08:51 App is up to date.
2024-04-19 13:08:51 Checking for update using Github
2024-04-19 13:08:51 Success.
2024-04-19 13:08:51 Latest version is 1.5.12
2024-04-19 13:08:51 App is up to date.
2024-04-19 14:08:51 Checking for update using Github
2024-04-19 14:08:51 Success.
2024-04-19 14:08:51 Latest version is 1.5.12
2024-04-19 14:08:51 App is up to date.
2024-04-19 15:08:51 Checking for update using Github
2024-04-19 15:08:51 Success.
2024-04-19 15:08:51 Latest version is 1.5.12
2024-04-19 15:08:51 App is up to date.
2024-04-21 11:27:57 Loading main app package /usr/lib/obsidian/obsidian.asar
2024-04-21 11:27:57 Checking for update using Github
2024-04-21 11:27:58 Success.
2024-04-21 11:27:58 Latest version is 1.5.12
2024-04-21 11:27:58 App is up to date.
2024-04-21 11:41:12 Loading main app package /usr/lib/obsidian/obsidian.asar
2024-04-21 11:41:12 Checking for update using Github
2024-04-21 11:41:12 Success.
2024-04-21 11:41:12 Latest version is 1.5.12
2024-04-21 11:41:12 App is up to date.
2024-04-21 12:42:29 Loading main app package /usr/lib/obsidian/obsidian.asar
2024-04-21 12:42:29 Checking for update using Github
2024-04-21 12:42:30 Success.
2024-04-21 12:42:30 Latest version is 1.5.12
2024-04-21 12:42:30 App is up to date.
2024-04-21 13:42:29 Checking for update using Github
2024-04-21 13:42:29 Success.
2024-04-21 13:42:29 Latest version is 1.5.12
2024-04-21 13:42:29 App is up to date.
2024-04-21 14:42:29 Checking for update using Github
2024-04-21 14:42:29 Success.
2024-04-21 14:42:29 Latest version is 1.5.12
2024-04-21 14:42:29 App is up to date.
2024-04-21 15:42:29 Checking for update using Github
2024-04-21 15:42:30 Success.
2024-04-21 15:42:30 Latest version is 1.5.12
2024-04-21 15:42:30 App is up to date.
2024-04-21 16:42:29 Checking for update using Github
2024-04-21 16:42:30 Success.
2024-04-21 16:42:30 Latest version is 1.5.12
2024-04-21 16:42:30 App is up to date.
2024-04-21 17:42:29 Checking for update using Github
2024-04-21 17:42:30 Success.
2024-04-21 17:42:30 Latest version is 1.5.12
2024-04-21 17:42:30 App is up to date.
2024-04-21 18:42:29 Checking for update using Github
2024-04-21 18:42:30 Success.
2024-04-21 18:42:30 Latest version is 1.5.12
2024-04-21 18:42:30 App is up to date.
2024-04-22 11:11:03 Loading main app package /usr/lib/obsidian/obsidian.asar
2024-04-22 11:11:03 Checking for update using Github
2024-04-22 11:11:04 Success.
2024-04-22 11:11:04 Latest version is 1.5.12
2024-04-22 11:11:04 App is up to date.
2024-04-22 13:46:40 Checking for update using Github
2024-04-22 13:48:00 Failed to check for update using Github (net::ERR_NAME_NOT_RESOLVED)
2024-04-22 13:48:00 Checking for update using obsidian.md
2024-04-22 13:49:20 Failed to check for update using obsidian.md (net::ERR_NAME_NOT_RESOLVED)
2024-04-22 13:55:56 Loading main app package /usr/lib/obsidian/obsidian.asar
2024-04-22 13:55:56 Checking for update using Github
2024-04-22 14:29:10 Loading main app package /usr/lib/obsidian/obsidian.asar
2024-04-22 14:29:10 Checking for update using Github
2024-04-22 14:29:10 Success.
2024-04-22 14:29:10 Latest version is 1.5.12
2024-04-22 14:29:10 App is up to date.
2024-04-22 15:33:11 Checking for update using Github
2024-04-22 15:33:11 Success.
2024-04-22 15:33:11 Latest version is 1.5.12
2024-04-22 15:33:11 App is up to date.
2024-04-22 16:29:50 Loading main app package /usr/lib/obsidian/obsidian.asar
2024-04-22 16:29:50 Checking for update using Github
2024-04-22 16:31:10 Failed to check for update using Github (net::ERR_NAME_NOT_RESOLVED)
2024-04-22 16:31:10 Checking for update using obsidian.md
2024-04-22 16:31:43 Failed to check for update using obsidian.md (net::ERR_NETWORK_CHANGED)
2024-04-22 17:29:51 Checking for update using Github
2024-04-22 17:29:51 Success.
2024-04-22 17:29:51 Latest version is 1.5.12
2024-04-22 17:29:51 App is up to date.
2024-04-22 18:33:38 Checking for update using Github
2024-04-22 18:33:39 Success.
2024-04-22 18:33:39 Latest version is 1.5.12
2024-04-22 18:33:39 App is up to date.
2024-04-23 11:45:25 Checking for update using Github
2024-04-23 11:45:25 Success.
2024-04-23 11:45:25 Latest version is 1.5.12
2024-04-23 11:45:25 App is up to date.
2024-04-23 12:45:25 Checking for update using Github
2024-04-23 12:45:25 Success.
2024-04-23 12:45:25 Latest version is 1.5.12
2024-04-23 12:45:25 App is up to date.
2024-04-24 07:41:03 Loading main app package /usr/lib/obsidian/obsidian.asar
2024-04-24 07:41:03 Checking for update using Github
2024-04-24 07:41:04 Success.
2024-04-24 07:41:04 Latest version is 1.5.12
2024-04-24 07:41:04 App is up to date.
2024-04-24 08:00:06 Loading main app package /usr/lib/obsidian/obsidian.asar
2024-04-24 08:00:06 Checking for update using Github
2024-04-24 08:00:06 Success.
2024-04-24 08:00:06 Latest version is 1.5.12
2024-04-24 08:00:06 App is up to date.
2024-04-24 08:04:56 Loading main app package /usr/lib/obsidian/obsidian.asar
2024-04-24 08:04:56 Checking for update using Github
2024-04-24 08:04:56 Success.
2024-04-24 08:04:56 Latest version is 1.5.12
2024-04-24 08:04:56 App is up to date.
2024-04-24 09:04:56 Checking for update using Github
2024-04-24 09:04:57 Success.
2024-04-24 09:04:57 Latest version is 1.5.12
2024-04-24 09:04:57 App is up to date.
2024-04-24 19:08:59 Loading main app package /usr/lib/obsidian/obsidian.asar
2024-04-24 19:08:59 Checking for update using Github
2024-04-24 19:09:00 Success.
2024-04-24 19:09:00 Latest version is 1.5.12
2024-04-24 19:09:00 App is up to date.
2024-04-24 20:09:00 Checking for update using Github
2024-04-24 20:09:00 Success.
2024-04-24 20:09:00 Latest version is 1.5.12
2024-04-24 20:09:00 App is up to date.
2024-04-25 07:07:11 Loading main app package /usr/lib/obsidian/obsidian.asar
2024-04-25 07:07:11 Checking for update using Github
2024-04-25 07:07:11 Success.
2024-04-25 07:07:11 Latest version is 1.5.12
2024-04-25 07:07:11 App is up to date.
2024-04-25 08:07:11 Checking for update using Github
2024-04-25 08:07:11 Success.
2024-04-25 08:07:11 Latest version is 1.5.12
2024-04-25 08:07:11 App is up to date.
2024-04-25 09:07:11 Checking for update using Github
2024-04-25 09:07:11 Success.
2024-04-25 09:07:11 Latest version is 1.5.12
2024-04-25 09:07:11 App is up to date.
2024-04-25 14:27:57 Checking for update using Github
2024-04-25 14:27:57 Success.
2024-04-25 14:27:57 Latest version is 1.5.12
2024-04-25 14:27:57 App is up to date.
2024-04-25 15:27:57 Checking for update using Github
2024-04-25 15:27:58 Success.
2024-04-25 15:27:58 Latest version is 1.5.12
2024-04-25 15:27:58 App is up to date.
2024-04-25 16:27:57 Checking for update using Github
2024-04-25 16:27:58 Success.
2024-04-25 16:27:58 Latest version is 1.5.12
2024-04-25 16:27:58 App is up to date.
2024-04-25 17:27:57 Checking for update using Github
2024-04-25 17:27:58 Success.
2024-04-25 17:27:58 Latest version is 1.5.12
2024-04-25 17:27:58 App is up to date.
2024-04-25 18:27:57 Checking for update using Github
2024-04-25 18:27:58 Success.
2024-04-25 18:27:58 Latest version is 1.5.12
2024-04-25 18:27:58 App is up to date.
2024-04-26 07:31:26 Checking for update using Github
2024-04-26 07:31:27 Success.
2024-04-26 07:31:27 Latest version is 1.5.12
2024-04-26 07:31:27 App is up to date.
2024-04-26 08:31:26 Checking for update using Github
2024-04-26 08:31:27 Success.
2024-04-26 08:31:27 Latest version is 1.5.12
2024-04-26 08:31:27 App is up to date.
2024-04-26 09:31:26 Checking for update using Github
2024-04-26 09:31:27 Success.
2024-04-26 09:31:27 Latest version is 1.5.12
2024-04-26 09:31:27 App is up to date.
2024-04-26 11:07:39 Loading main app package /usr/lib/obsidian/obsidian.asar
2024-04-26 11:07:39 Checking for update using Github
2024-04-26 11:07:39 Success.
2024-04-26 11:07:39 Latest version is 1.5.12
2024-04-26 11:07:39 App is up to date.
2024-04-26 12:07:39 Checking for update using Github
2024-04-26 12:07:39 Success.
2024-04-26 12:07:39 Latest version is 1.5.12
2024-04-26 12:07:39 App is up to date.
2024-04-26 13:07:39 Checking for update using Github
2024-04-26 13:07:39 Success.
2024-04-26 13:07:39 Latest version is 1.5.12
2024-04-26 13:07:39 App is up to date.
2024-04-26 14:07:39 Checking for update using Github
2024-04-26 14:07:40 Success.
2024-04-26 14:07:40 Latest version is 1.5.12
2024-04-26 14:07:40 App is up to date.
2024-04-26 15:07:39 Checking for update using Github
2024-04-26 15:07:40 Success.
2024-04-26 15:07:40 Latest version is 1.5.12
2024-04-26 15:07:40 App is up to date.
2024-04-26 16:07:39 Checking for update using Github
2024-04-26 16:07:40 Success.
2024-04-26 16:07:40 Latest version is 1.5.12
2024-04-26 16:07:40 App is up to date.
2024-04-26 17:07:39 Checking for update using Github
2024-04-26 17:07:40 Success.
2024-04-26 17:07:40 Latest version is 1.5.12
2024-04-26 17:07:40 App is up to date.
2024-04-26 21:52:57 Checking for update using Github
2024-04-26 21:52:57 Success.
2024-04-26 21:52:57 Latest version is 1.5.12
2024-04-26 21:52:57 App is up to date.
2024-04-27 07:40:43 Loading main app package /usr/lib/obsidian/obsidian.asar
2024-04-27 07:40:43 Checking for update using Github
2024-04-27 07:40:43 Success.
2024-04-27 07:40:43 Latest version is 1.5.12
2024-04-27 07:40:43 App is up to date.
2024-04-27 08:40:43 Checking for update using Github
2024-04-27 08:40:43 Success.
2024-04-27 08:40:43 Latest version is 1.5.12
2024-04-27 08:40:43 App is up to date.
2024-04-27 09:48:54 Checking for update using Github
2024-04-27 09:48:54 Success.
2024-04-27 09:48:54 Latest version is 1.5.12
2024-04-27 09:48:54 App is up to date.
2024-04-28 10:58:49 Loading main app package /usr/lib/obsidian/obsidian.asar
2024-04-28 10:58:49 Checking for update using Github
2024-04-28 10:58:50 Success.
2024-04-28 10:58:50 Latest version is 1.5.12
2024-04-28 10:58:50 App is up to date.
2024-04-28 11:58:50 Checking for update using Github
2024-04-28 11:58:51 Success.
2024-04-28 11:58:51 Latest version is 1.5.12
2024-04-28 11:58:51 App is up to date.
2024-04-29 10:32:32 Checking for update using Github
2024-04-29 10:32:33 Success.
2024-04-29 10:32:33 Latest version is 1.5.12
2024-04-29 10:32:33 App is up to date.
2024-04-29 13:51:44 Checking for update using Github
2024-04-29 13:51:44 Success.
2024-04-29 13:51:44 Latest version is 1.5.12
2024-04-29 13:51:44 App is up to date.
2024-04-29 14:51:45 Checking for update using Github
2024-04-29 14:51:45 Success.
2024-04-29 14:51:45 Latest version is 1.5.12
2024-04-29 14:51:45 App is up to date.
2024-04-30 09:37:37 Checking for update using Github
2024-04-30 09:37:37 Success.
2024-04-30 09:37:37 Latest version is 1.5.12
2024-04-30 09:37:37 App is up to date.
2024-04-30 13:10:21 Checking for update using Github
2024-04-30 13:10:21 Success.
2024-04-30 13:10:21 Latest version is 1.5.12
2024-04-30 13:10:21 App is up to date.
2024-04-30 14:10:21 Checking for update using Github
2024-04-30 14:10:21 Success.
2024-04-30 14:10:21 Latest version is 1.5.12
2024-04-30 14:10:21 App is up to date.
2024-04-30 15:10:21 Checking for update using Github
2024-04-30 15:10:21 Success.
2024-04-30 15:10:21 Latest version is 1.5.12
2024-04-30 15:10:21 App is up to date.
2024-05-01 07:32:02 Checking for update using Github
2024-05-01 07:32:03 Success.
2024-05-01 07:32:03 Latest version is 1.5.12
2024-05-01 07:32:03 App is up to date.
2024-05-01 17:19:27 Loading main app package /usr/lib/obsidian/obsidian.asar
2024-05-01 17:19:28 Checking for update using Github
2024-05-01 17:19:28 Success.
2024-05-01 17:19:28 Latest version is 1.5.12
2024-05-01 17:19:28 App is up to date.
2024-05-02 07:37:11 Checking for update using Github
2024-05-02 16:54:00 Loading main app package /usr/lib/obsidian/obsidian.asar
2024-05-02 16:54:01 Checking for update using Github
2024-05-02 16:54:01 Success.
2024-05-02 16:54:01 Latest version is 1.5.12
2024-05-02 16:54:01 App is up to date.
2024-05-02 17:54:00 Checking for update using Github
2024-05-02 17:54:01 Success.
2024-05-02 17:54:01 Latest version is 1.5.12
2024-05-02 17:54:01 App is up to date.
2024-05-03 08:07:32 Loading main app package /usr/lib/obsidian/obsidian.asar
2024-05-03 08:07:32 Checking for update using Github
2024-05-03 08:07:33 Success.
2024-05-03 08:07:33 Latest version is 1.5.12
2024-05-03 08:07:33 App is up to date.
2024-05-03 12:37:17 Checking for update using Github
2024-05-03 12:37:18 Success.
2024-05-03 12:37:18 Latest version is 1.5.12
2024-05-03 12:37:18 App is up to date.
2024-05-03 13:37:18 Checking for update using Github
2024-05-03 13:37:18 Success.
2024-05-03 13:37:18 Latest version is 1.5.12
2024-05-03 13:37:18 App is up to date.
2024-05-03 14:49:35 Checking for update using Github
2024-05-03 14:49:35 Success.
2024-05-03 14:49:35 Latest version is 1.5.12
2024-05-03 14:49:35 App is up to date.
2024-05-04 05:51:47 Loading main app package /usr/lib/obsidian/obsidian.asar
2024-05-04 05:51:47 Checking for update using Github
2024-05-04 05:51:47 Success.
2024-05-04 05:51:47 Latest version is 1.5.12
2024-05-04 05:51:47 App is up to date.
2024-05-04 05:51:59 Loading main app package /usr/lib/obsidian/obsidian.asar
2024-05-04 05:51:59 Checking for update using Github
2024-05-04 06:32:35 Loading main app package /usr/lib/obsidian/obsidian.asar
2024-05-04 06:32:35 Checking for update using Github
2024-05-04 06:51:48 Checking for update using Github
2024-05-04 06:51:48 Success.
2024-05-04 06:51:48 Latest version is 1.5.12
2024-05-04 06:51:48 App is up to date.
2024-05-06 16:34:25 Loading main app package /usr/lib/obsidian/obsidian.asar
2024-05-06 16:34:25 Checking for update using Github
2024-05-06 16:34:25 Success.
2024-05-06 16:34:25 Latest version is 1.5.12
2024-05-06 16:34:25 App is up to date.
2024-05-06 16:34:28 Loading main app package /usr/lib/obsidian/obsidian.asar
2024-05-06 16:34:28 Checking for update using Github
2024-05-06 17:34:25 Checking for update using Github
2024-05-06 17:34:26 Success.
2024-05-06 17:34:26 Latest version is 1.5.12
2024-05-06 17:34:26 App is up to date.
2024-05-07 09:21:41 Checking for update using Github
2024-05-07 09:21:42 Success.
2024-05-07 09:21:42 Latest version is 1.5.12
2024-05-07 09:21:42 App is up to date.
2024-05-07 10:59:48 Checking for update using Github
2024-05-07 10:59:48 Success.
2024-05-07 10:59:48 Latest version is 1.5.12
2024-05-07 10:59:48 App is up to date.
2024-05-07 11:59:49 Checking for update using Github
2024-05-07 11:59:49 Success.
2024-05-07 11:59:49 Latest version is 1.5.12
2024-05-07 11:59:49 App is up to date.
2024-05-07 12:59:49 Checking for update using Github
2024-05-07 12:59:49 Success.
2024-05-07 12:59:49 Latest version is 1.5.12
2024-05-07 12:59:49 App is up to date.
2024-05-07 13:59:49 Checking for update using Github
2024-05-07 13:59:49 Success.
2024-05-07 13:59:49 Latest version is 1.5.12
2024-05-07 13:59:49 App is up to date.
2024-05-07 14:59:49 Checking for update using Github
2024-05-07 14:59:50 Success.
2024-05-07 14:59:50 Latest version is 1.5.12
2024-05-07 14:59:50 App is up to date.
2024-05-07 15:59:49 Checking for update using Github
2024-05-07 15:59:50 Success.
2024-05-07 15:59:50 Latest version is 1.5.12
2024-05-07 15:59:50 App is up to date.
2024-05-07 16:59:49 Checking for update using Github
2024-05-07 16:59:50 Success.
2024-05-07 16:59:50 Latest version is 1.5.12
2024-05-07 16:59:50 App is up to date.
2024-05-07 17:59:49 Checking for update using Github
2024-05-07 17:59:50 Success.
2024-05-07 17:59:50 Latest version is 1.5.12
2024-05-07 17:59:50 App is up to date.
2024-05-08 07:19:53 Loading main app package /usr/lib/obsidian/obsidian.asar
2024-05-08 07:19:53 Checking for update using Github
2024-05-08 07:19:54 Success.
2024-05-08 07:19:54 Latest version is 1.5.12
2024-05-08 07:19:54 App is up to date.
2024-05-08 08:19:53 Checking for update using Github
2024-05-08 08:19:53 Success.
2024-05-08 08:19:53 Latest version is 1.5.12
2024-05-08 08:19:53 App is up to date.
2024-05-08 09:19:53 Checking for update using Github
2024-05-08 09:19:54 Success.
2024-05-08 09:19:54 Latest version is 1.5.12
2024-05-08 09:19:54 App is up to date.
2024-05-08 10:19:53 Checking for update using Github
2024-05-08 10:19:54 Success.
2024-05-08 10:19:54 Latest version is 1.5.12
2024-05-08 10:19:54 App is up to date.
2024-05-11 10:25:48 Loading main app package /usr/lib/obsidian/obsidian.asar
2024-05-11 10:25:48 Checking for update using Github
2024-05-11 10:25:48 Success.
2024-05-11 10:25:48 Latest version is 1.5.12
2024-05-11 10:25:48 App is up to date.
2024-05-11 11:25:48 Checking for update using Github
2024-05-11 11:25:48 Success.
2024-05-11 11:25:48 Latest version is 1.5.12
2024-05-11 11:25:48 App is up to date.
2024-05-11 12:25:48 Checking for update using Github
2024-05-11 12:25:48 Success.
2024-05-11 12:25:48 Latest version is 1.5.12
2024-05-11 12:25:48 App is up to date.
2024-05-11 13:25:48 Checking for update using Github
2024-05-11 13:25:49 Success.
2024-05-11 13:25:49 Latest version is 1.5.12
2024-05-11 13:25:49 App is up to date.
2024-05-11 14:25:48 Checking for update using Github
2024-05-11 14:25:49 Success.
2024-05-11 14:25:49 Latest version is 1.5.12
2024-05-11 14:25:49 App is up to date.
2024-05-11 15:25:48 Checking for update using Github
2024-05-11 15:25:49 Success.
2024-05-11 15:25:49 Latest version is 1.5.12
2024-05-11 15:25:49 App is up to date.
2024-05-11 16:25:48 Checking for update using Github
2024-05-11 16:25:49 Success.
2024-05-11 16:25:49 Latest version is 1.5.12
2024-05-11 16:25:49 App is up to date.
2024-05-11 18:28:41 Loading main app package /usr/lib/obsidian/obsidian.asar
2024-05-11 18:28:41 Checking for update using Github
2024-05-11 18:28:42 Success.
2024-05-11 18:28:42 Latest version is 1.5.12
2024-05-11 18:28:42 App is up to date.
2024-05-14 11:28:01 Loading main app package /usr/lib/obsidian/obsidian.asar
2024-05-14 11:28:01 Checking for update using Github
2024-05-14 11:28:01 Success.
2024-05-14 11:28:01 Latest version is 1.5.12
2024-05-14 11:28:01 App is up to date.
2024-05-14 12:28:01 Checking for update using Github
2024-05-14 12:28:01 Success.
2024-05-14 12:28:01 Latest version is 1.5.12
2024-05-14 12:28:01 App is up to date.
2024-05-14 13:28:01 Checking for update using Github
2024-05-14 13:28:01 Success.
2024-05-14 13:28:01 Latest version is 1.5.12
2024-05-14 13:28:01 App is up to date.
2024-05-14 14:28:01 Checking for update using Github
2024-05-14 14:28:01 Success.
2024-05-14 14:28:01 Latest version is 1.5.12
2024-05-14 14:28:01 App is up to date.
2024-05-15 10:35:22 Checking for update using Github
2024-05-15 10:35:23 Loading main app package /usr/lib/obsidian/obsidian.asar
2024-05-15 10:35:24 Checking for update using Github
2024-05-15 10:35:24 Success.
2024-05-15 10:35:24 Latest version is 1.5.12
2024-05-15 10:35:24 App is up to date.
2024-05-15 11:35:24 Checking for update using Github
2024-05-15 11:35:25 Success.
2024-05-15 11:35:25 Latest version is 1.5.12
2024-05-15 11:35:25 App is up to date.
2024-05-15 12:35:24 Checking for update using Github
2024-05-15 12:35:25 Success.
2024-05-15 12:35:25 Latest version is 1.5.12
2024-05-15 12:35:25 App is up to date.
2024-05-15 13:35:25 Checking for update using Github
2024-05-15 13:35:25 Success.
2024-05-15 13:35:25 Latest version is 1.5.12
2024-05-15 13:35:25 App is up to date.
2024-05-15 14:35:25 Checking for update using Github
2024-05-15 14:35:25 Success.
2024-05-15 14:35:25 Latest version is 1.5.12
2024-05-15 14:35:25 App is up to date.
2024-05-16 08:30:18 Loading main app package /usr/lib/obsidian/obsidian.asar
2024-05-16 08:30:18 Checking for update using Github
2024-05-16 08:30:18 Success.
2024-05-16 08:30:18 Latest version is 1.5.12
2024-05-16 08:30:18 App is up to date.
2024-05-16 09:30:18 Checking for update using Github
2024-05-16 09:30:18 Success.
2024-05-16 09:30:18 Latest version is 1.5.12
2024-05-16 09:30:18 App is up to date.
2024-05-16 10:30:18 Checking for update using Github
2024-05-16 10:30:18 Success.
2024-05-16 10:30:18 Latest version is 1.5.12
2024-05-16 10:30:18 App is up to date.
2024-05-16 11:30:18 Checking for update using Github
2024-05-16 11:30:18 Success.
2024-05-16 11:30:18 Latest version is 1.5.12
2024-05-16 11:30:18 App is up to date.
2024-05-16 17:14:08 Checking for update using Github
2024-05-16 17:14:08 Success.
2024-05-16 17:14:08 Latest version is 1.5.12
2024-05-16 17:14:08 App is up to date.
2024-05-16 18:14:08 Checking for update using Github
2024-05-16 18:14:09 Success.
2024-05-16 18:14:09 Latest version is 1.5.12
2024-05-16 18:14:09 App is up to date.
2024-05-17 08:25:46 Loading main app package /usr/lib/obsidian/obsidian.asar
2024-05-17 08:25:46 Checking for update using Github
2024-05-17 08:25:47 Success.
2024-05-17 08:25:47 Latest version is 1.5.12
2024-05-17 08:25:47 App is up to date.
